[INFO ] [2023-05-07 16:33:11] T:[] S:[] U:[] [background-preinit] ==> HV000001: Hibernate Validator 6.2.0.Final
[INFO ] [2023-05-07 16:33:11] T:[] S:[] U:[] [main] ==> Starting WebAdminApplication using Java 1.8.0_241 on LAPTOP-EP7QEOQR with PID 32872 (D:\work\other\chargeSystem\application-webadmin\target\classes started by yinmf in D:\work\other\chargeSystem\application-webadmin)
[INFO ] [2023-05-07 16:33:11] T:[] S:[] U:[] [main] ==> The following 1 profile is active: "dev"
[INFO ] [2023-05-07 16:33:14] T:[] S:[] U:[] [main] ==> Multiple Spring Data modules found, entering strict repository configuration mode!
[INFO ] [2023-05-07 16:33:14] T:[] S:[] U:[] [main] ==> Bootstrapping Spring Data Redis repositories in DEFAULT mode.
[INFO ] [2023-05-07 16:33:14] T:[] S:[] U:[] [main] ==> Finished Spring Data repository scanning in 28 ms. Found 0 Redis repository interfaces.
[INFO ] [2023-05-07 16:33:15] T:[] S:[] U:[] [main] ==> Bean 'commonWebMvcConfig' of type [com.course.app.common.core.config.CommonWebMvcConfig$$EnhancerBySpringCGLIB$$3038a7ac] is not eligible for getting processed by all BeanPostProcessors (for example: not eligible for auto-proxying)
[INFO ] [2023-05-07 16:33:18] T:[] S:[] U:[] [main] ==> Tomcat initialized with port(s): 8082 (http)
[INFO ] [2023-05-07 16:33:19] T:[] S:[] U:[] [main] ==> Initializing ProtocolHandler ["http-nio-8082"]
[INFO ] [2023-05-07 16:33:19] T:[] S:[] U:[] [main] ==> Starting service [Tomcat]
[INFO ] [2023-05-07 16:33:19] T:[] S:[] U:[] [main] ==> Starting Servlet engine: [Apache Tomcat/9.0.60]
[INFO ] [2023-05-07 16:33:19] T:[] S:[] U:[] [main] ==> Initializing Spring embedded WebApplicationContext
[INFO ] [2023-05-07 16:33:19] T:[] S:[] U:[] [main] ==> Root WebApplicationContext: initialization completed in 7792 ms
[INFO ] [2023-05-07 16:33:19] T:[] S:[] U:[] [main] ==> Filter characterEncodingFilter was not registered (possibly already registered?)
[ERROR] [2023-05-07 16:33:19] T:[] S:[] U:[] [main] ==> For security constraints with URL pattern [/*] only the HTTP methods [TRACE HEAD DELETE SEARCH PROPFIND COPY PUT PATCH] are covered. All other methods are uncovered.
[INFO ] [2023-05-07 16:33:20] T:[] S:[] U:[] [main] ==> Redisson 3.15.4
[INFO ] [2023-05-07 16:33:27] T:[] S:[] U:[] [redisson-netty-2-12] ==> 5 connections initialized for /192.168.23.132:6379
[INFO ] [2023-05-07 16:33:27] T:[] S:[] U:[] [redisson-netty-2-13] ==> 1 connections initialized for /192.168.23.132:6379
[INFO ] [2023-05-07 16:33:27] T:[] S:[] U:[] [main] ==> {dataSource-1} inited
[INFO ] [2023-05-07 16:33:27] T:[] S:[] U:[] [main] ==> {dataSource-2} inited
[WARN ] [2023-05-07 16:33:27] T:[] S:[] U:[] [main] ==> Cannot load the 'file [D:\work\other\chargeSystem\application-webadmin\target\classes\com\course\app\webadmin\upms\model\DormFee.class]'. Cause by java.lang.ExceptionInInitializerError
[WARN ] [2023-05-07 16:33:27] T:[] S:[] U:[] [main] ==> Cannot load the 'file [D:\work\other\chargeSystem\application-webadmin\target\classes\com\course\app\webadmin\upms\model\DormFeeFreeDetail.class]'. Cause by java.lang.ExceptionInInitializerError
[WARN ] [2023-05-07 16:33:27] T:[] S:[] U:[] [main] ==> Cannot load the 'file [D:\work\other\chargeSystem\application-webadmin\target\classes\com\course\app\webadmin\upms\model\SchoolFee.class]'. Cause by java.lang.ExceptionInInitializerError
[WARN ] [2023-05-07 16:33:27] T:[] S:[] U:[] [main] ==> Cannot load the 'file [D:\work\other\chargeSystem\application-webadmin\target\classes\com\course\app\webadmin\upms\model\SchoolFeeFreeDetail.class]'. Cause by java.lang.ExceptionInInitializerError
[WARN ] [2023-05-07 16:33:27] T:[] S:[] U:[] [main] ==> Cannot load the 'file [D:\work\other\chargeSystem\application-webadmin\target\classes\com\course\app\webadmin\upms\model\SysDataPerm.class]'. Cause by java.lang.ExceptionInInitializerError
[WARN ] [2023-05-07 16:33:27] T:[] S:[] U:[] [main] ==> Cannot load the 'file [D:\work\other\chargeSystem\application-webadmin\target\classes\com\course\app\webadmin\upms\model\SysDept.class]'. Cause by java.lang.ExceptionInInitializerError
[WARN ] [2023-05-07 16:33:27] T:[] S:[] U:[] [main] ==> Cannot load the 'file [D:\work\other\chargeSystem\application-webadmin\target\classes\com\course\app\webadmin\upms\model\SysDorm.class]'. Cause by java.lang.ExceptionInInitializerError
[WARN ] [2023-05-07 16:33:28] T:[] S:[] U:[] [main] ==> Cannot load the 'file [D:\work\other\chargeSystem\application-webadmin\target\classes\com\course\app\webadmin\upms\model\SysMenu.class]'. Cause by java.lang.ExceptionInInitializerError
[WARN ] [2023-05-07 16:33:28] T:[] S:[] U:[] [main] ==> Cannot load the 'file [D:\work\other\chargeSystem\application-webadmin\target\classes\com\course\app\webadmin\upms\model\SysPermCode.class]'. Cause by java.lang.ExceptionInInitializerError
[WARN ] [2023-05-07 16:33:28] T:[] S:[] U:[] [main] ==> Cannot load the 'file [D:\work\other\chargeSystem\application-webadmin\target\classes\com\course\app\webadmin\upms\model\SysRole.class]'. Cause by java.lang.ExceptionInInitializerError
[WARN ] [2023-05-07 16:33:28] T:[] S:[] U:[] [main] ==> Cannot load the 'file [D:\work\other\chargeSystem\application-webadmin\target\classes\com\course\app\webadmin\upms\model\SysStudent.class]'. Cause by java.lang.ExceptionInInitializerError
[WARN ] [2023-05-07 16:33:28] T:[] S:[] U:[] [main] ==> Cannot load the 'file [D:\work\other\chargeSystem\application-webadmin\target\classes\com\course\app\webadmin\upms\model\SysUser.class]'. Cause by java.lang.ExceptionInInitializerError
[WARN ] [2023-05-07 16:33:28] T:[] S:[] U:[] [main] ==> Cannot load the 'file [D:\work\other\chargeSystem\common\common-flow\target\classes\com\course\app\common\flow\model\FlowCategory.class]'. Cause by java.lang.ExceptionInInitializerError
[WARN ] [2023-05-07 16:33:28] T:[] S:[] U:[] [main] ==> Cannot load the 'file [D:\work\other\chargeSystem\common\common-flow\target\classes\com\course\app\common\flow\model\FlowEntry.class]'. Cause by java.lang.ExceptionInInitializerError
[WARN ] [2023-05-07 16:33:28] T:[] S:[] U:[] [main] ==> Cannot load the 'file [D:\work\other\chargeSystem\common\common-flow\target\classes\com\course\app\common\flow\model\FlowEntryVariable.class]'. Cause by java.lang.ExceptionInInitializerError
[WARN ] [2023-05-07 16:33:28] T:[] S:[] U:[] [main] ==> Cannot load the 'file [D:\work\other\chargeSystem\common\common-flow\target\classes\com\course\app\common\flow\model\FlowMessage.class]'. Cause by java.lang.ExceptionInInitializerError
[WARN ] [2023-05-07 16:33:28] T:[] S:[] U:[] [main] ==> Cannot load the 'file [D:\work\other\chargeSystem\common\common-flow\target\classes\com\course\app\common\flow\model\FlowTaskComment.class]'. Cause by java.lang.ExceptionInInitializerError
[WARN ] [2023-05-07 16:33:28] T:[] S:[] U:[] [main] ==> Cannot load the 'file [D:\work\other\chargeSystem\common\common-flow\target\classes\com\course\app\common\flow\model\FlowWorkOrder.class]'. Cause by java.lang.ExceptionInInitializerError
[WARN ] [2023-05-07 16:33:28] T:[] S:[] U:[] [main] ==> Can not find table primary key in Class: "com.course.app.webadmin.upms.model.SysDataPermDept".
[WARN ] [2023-05-07 16:33:28] T:[] S:[] U:[] [main] ==> class com.course.app.webadmin.upms.model.SysDataPermDept ,Not found @TableId annotation, Cannot use Mybatis-Plus 'xxById' Method.
[WARN ] [2023-05-07 16:33:28] T:[] S:[] U:[] [main] ==> Exception encountered during context initialization - cancelling refresh attempt: org.springframework.beans.factory.UnsatisfiedDependencyException: Error creating bean with name 'flowIdentityExtHelper': Unsatisfied dependency expressed through field 'sysUserService'; nested exception is org.springframework.beans.factory.UnsatisfiedDependencyException: Error creating bean with name 'sysUserService': Unsatisfied dependency expressed through field 'baseMapper'; nested exception is org.springframework.beans.factory.UnsatisfiedDependencyException: Error creating bean with name 'sysUserMapper' defined in file [D:\work\other\chargeSystem\application-webadmin\target\classes\com\course\app\webadmin\upms\dao\SysUserMapper.class]: Unsatisfied dependency expressed through bean property 'sqlSessionFactory'; nested exception is org.springframework.beans.factory.BeanCreationException: Error creating bean with name 'sqlSessionFactory' defined in class path resource [com/baomidou/mybatisplus/autoconfigure/MybatisPlusAutoConfiguration.class]: Bean instantiation via factory method failed; nested exception is org.springframework.beans.BeanInstantiationException: Failed to instantiate [org.apache.ibatis.session.SqlSessionFactory]: Factory method 'sqlSessionFactory' threw exception; nested exception is java.lang.NoClassDefFoundError: Could not initialize class com.course.app.webadmin.upms.model.SysDataPerm
[INFO ] [2023-05-07 16:33:28] T:[] S:[] U:[] [main] ==> {dataSource-2} closing ...
[INFO ] [2023-05-07 16:33:28] T:[] S:[] U:[] [main] ==> {dataSource-2} closed
[INFO ] [2023-05-07 16:33:28] T:[] S:[] U:[] [main] ==> {dataSource-1} closing ...
[INFO ] [2023-05-07 16:33:28] T:[] S:[] U:[] [main] ==> {dataSource-1} closed
[INFO ] [2023-05-07 16:33:28] T:[] S:[] U:[] [main] ==> Stopping service [Tomcat]
[INFO ] [2023-05-07 16:33:28] T:[] S:[] U:[] [main] ==> 

Error starting ApplicationContext. To display the conditions report re-run your application with 'debug' enabled.
[ERROR] [2023-05-07 16:33:28] T:[] S:[] U:[] [main] ==> Application run failed
org.springframework.beans.factory.UnsatisfiedDependencyException: Error creating bean with name 'flowIdentityExtHelper': Unsatisfied dependency expressed through field 'sysUserService'; nested exception is org.springframework.beans.factory.UnsatisfiedDependencyException: Error creating bean with name 'sysUserService': Unsatisfied dependency expressed through field 'baseMapper'; nested exception is org.springframework.beans.factory.UnsatisfiedDependencyException: Error creating bean with name 'sysUserMapper' defined in file [D:\work\other\chargeSystem\application-webadmin\target\classes\com\course\app\webadmin\upms\dao\SysUserMapper.class]: Unsatisfied dependency expressed through bean property 'sqlSessionFactory'; nested exception is org.springframework.beans.factory.BeanCreationException: Error creating bean with name 'sqlSessionFactory' defined in class path resource [com/baomidou/mybatisplus/autoconfigure/MybatisPlusAutoConfiguration.class]: Bean instantiation via factory method failed; nested exception is org.springframework.beans.BeanInstantiationException: Failed to instantiate [org.apache.ibatis.session.SqlSessionFactory]: Factory method 'sqlSessionFactory' threw exception; nested exception is java.lang.NoClassDefFoundError: Could not initialize class com.course.app.webadmin.upms.model.SysDataPerm
	at org.springframework.beans.factory.annotation.AutowiredAnnotationBeanPostProcessor$AutowiredFieldElement.resolveFieldValue(AutowiredAnnotationBeanPostProcessor.java:659)
	at org.springframework.beans.factory.annotation.AutowiredAnnotationBeanPostProcessor$AutowiredFieldElement.inject(AutowiredAnnotationBeanPostProcessor.java:639)
	at org.springframework.beans.factory.annotation.InjectionMetadata.inject(InjectionMetadata.java:119)
	at org.springframework.beans.factory.annotation.AutowiredAnnotationBeanPostProcessor.postProcessProperties(AutowiredAnnotationBeanPostProcessor.java:399)
	at org.springframework.beans.factory.support.AbstractAutowireCapableBeanFactory.populateBean(AbstractAutowireCapableBeanFactory.java:1431)
	at org.springframework.beans.factory.support.AbstractAutowireCapableBeanFactory.doCreateBean(AbstractAutowireCapableBeanFactory.java:619)
	at org.springframework.beans.factory.support.AbstractAutowireCapableBeanFactory.createBean(AbstractAutowireCapableBeanFactory.java:542)
	at org.springframework.beans.factory.support.AbstractBeanFactory.lambda$doGetBean$0(AbstractBeanFactory.java:335)
	at org.springframework.beans.factory.support.DefaultSingletonBeanRegistry.getSingleton(DefaultSingletonBeanRegistry.java:234)
	at org.springframework.beans.factory.support.AbstractBeanFactory.doGetBean(AbstractBeanFactory.java:333)
	at org.springframework.beans.factory.support.AbstractBeanFactory.getBean(AbstractBeanFactory.java:208)
	at org.springframework.beans.factory.support.DefaultListableBeanFactory.preInstantiateSingletons(DefaultListableBeanFactory.java:953)
	at org.springframework.context.support.AbstractApplicationContext.finishBeanFactoryInitialization(AbstractApplicationContext.java:918)
	at org.springframework.context.support.AbstractApplicationContext.refresh(AbstractApplicationContext.java:583)
	at org.springframework.boot.web.servlet.context.ServletWebServerApplicationContext.refresh(ServletWebServerApplicationContext.java:145)
	at org.springframework.boot.SpringApplication.refresh(SpringApplication.java:775)
	at org.springframework.boot.SpringApplication.refreshContext(SpringApplication.java:448)
	at org.springframework.boot.SpringApplication.run(SpringApplication.java:339)
	at org.springframework.boot.SpringApplication.run(SpringApplication.java:1365)
	at org.springframework.boot.SpringApplication.run(SpringApplication.java:1354)
	at com.course.app.webadmin.WebAdminApplication.main(WebAdminApplication.java:20)
Caused by: org.springframework.beans.factory.UnsatisfiedDependencyException: Error creating bean with name 'sysUserService': Unsatisfied dependency expressed through field 'baseMapper'; nested exception is org.springframework.beans.factory.UnsatisfiedDependencyException: Error creating bean with name 'sysUserMapper' defined in file [D:\work\other\chargeSystem\application-webadmin\target\classes\com\course\app\webadmin\upms\dao\SysUserMapper.class]: Unsatisfied dependency expressed through bean property 'sqlSessionFactory'; nested exception is org.springframework.beans.factory.BeanCreationException: Error creating bean with name 'sqlSessionFactory' defined in class path resource [com/baomidou/mybatisplus/autoconfigure/MybatisPlusAutoConfiguration.class]: Bean instantiation via factory method failed; nested exception is org.springframework.beans.BeanInstantiationException: Failed to instantiate [org.apache.ibatis.session.SqlSessionFactory]: Factory method 'sqlSessionFactory' threw exception; nested exception is java.lang.NoClassDefFoundError: Could not initialize class com.course.app.webadmin.upms.model.SysDataPerm
	at org.springframework.beans.factory.annotation.AutowiredAnnotationBeanPostProcessor$AutowiredFieldElement.resolveFieldValue(AutowiredAnnotationBeanPostProcessor.java:659)
	at org.springframework.beans.factory.annotation.AutowiredAnnotationBeanPostProcessor$AutowiredFieldElement.inject(AutowiredAnnotationBeanPostProcessor.java:639)
	at org.springframework.beans.factory.annotation.InjectionMetadata.inject(InjectionMetadata.java:119)
	at org.springframework.beans.factory.annotation.AutowiredAnnotationBeanPostProcessor.postProcessProperties(AutowiredAnnotationBeanPostProcessor.java:399)
	at org.springframework.beans.factory.support.AbstractAutowireCapableBeanFactory.populateBean(AbstractAutowireCapableBeanFactory.java:1431)
	at org.springframework.beans.factory.support.AbstractAutowireCapableBeanFactory.doCreateBean(AbstractAutowireCapableBeanFactory.java:619)
	at org.springframework.beans.factory.support.AbstractAutowireCapableBeanFactory.createBean(AbstractAutowireCapableBeanFactory.java:542)
	at org.springframework.beans.factory.support.AbstractBeanFactory.lambda$doGetBean$0(AbstractBeanFactory.java:335)
	at org.springframework.beans.factory.support.DefaultSingletonBeanRegistry.getSingleton(DefaultSingletonBeanRegistry.java:234)
	at org.springframework.beans.factory.support.AbstractBeanFactory.doGetBean(AbstractBeanFactory.java:333)
	at org.springframework.beans.factory.support.AbstractBeanFactory.getBean(AbstractBeanFactory.java:208)
	at org.springframework.beans.factory.config.DependencyDescriptor.resolveCandidate(DependencyDescriptor.java:276)
	at org.springframework.beans.factory.support.DefaultListableBeanFactory.doResolveDependency(DefaultListableBeanFactory.java:1389)
	at org.springframework.beans.factory.support.DefaultListableBeanFactory.resolveDependency(DefaultListableBeanFactory.java:1309)
	at org.springframework.beans.factory.annotation.AutowiredAnnotationBeanPostProcessor$AutowiredFieldElement.resolveFieldValue(AutowiredAnnotationBeanPostProcessor.java:656)
	... 20 common frames omitted
Caused by: org.springframework.beans.factory.UnsatisfiedDependencyException: Error creating bean with name 'sysUserMapper' defined in file [D:\work\other\chargeSystem\application-webadmin\target\classes\com\course\app\webadmin\upms\dao\SysUserMapper.class]: Unsatisfied dependency expressed through bean property 'sqlSessionFactory'; nested exception is org.springframework.beans.factory.BeanCreationException: Error creating bean with name 'sqlSessionFactory' defined in class path resource [com/baomidou/mybatisplus/autoconfigure/MybatisPlusAutoConfiguration.class]: Bean instantiation via factory method failed; nested exception is org.springframework.beans.BeanInstantiationException: Failed to instantiate [org.apache.ibatis.session.SqlSessionFactory]: Factory method 'sqlSessionFactory' threw exception; nested exception is java.lang.NoClassDefFoundError: Could not initialize class com.course.app.webadmin.upms.model.SysDataPerm
	at org.springframework.beans.factory.support.AbstractAutowireCapableBeanFactory.autowireByType(AbstractAutowireCapableBeanFactory.java:1534)
	at org.springframework.beans.factory.support.AbstractAutowireCapableBeanFactory.populateBean(AbstractAutowireCapableBeanFactory.java:1417)
	at org.springframework.beans.factory.support.AbstractAutowireCapableBeanFactory.doCreateBean(AbstractAutowireCapableBeanFactory.java:619)
	at org.springframework.beans.factory.support.AbstractAutowireCapableBeanFactory.createBean(AbstractAutowireCapableBeanFactory.java:542)
	at org.springframework.beans.factory.support.AbstractBeanFactory.lambda$doGetBean$0(AbstractBeanFactory.java:335)
	at org.springframework.beans.factory.support.DefaultSingletonBeanRegistry.getSingleton(DefaultSingletonBeanRegistry.java:234)
	at org.springframework.beans.factory.support.AbstractBeanFactory.doGetBean(AbstractBeanFactory.java:333)
	at org.springframework.beans.factory.support.AbstractBeanFactory.getBean(AbstractBeanFactory.java:208)
	at org.springframework.beans.factory.config.DependencyDescriptor.resolveCandidate(DependencyDescriptor.java:276)
	at org.springframework.beans.factory.support.DefaultListableBeanFactory.doResolveDependency(DefaultListableBeanFactory.java:1389)
	at org.springframework.beans.factory.support.DefaultListableBeanFactory.resolveDependency(DefaultListableBeanFactory.java:1309)
	at org.springframework.beans.factory.annotation.AutowiredAnnotationBeanPostProcessor$AutowiredFieldElement.resolveFieldValue(AutowiredAnnotationBeanPostProcessor.java:656)
	... 34 common frames omitted
Caused by: org.springframework.beans.factory.BeanCreationException: Error creating bean with name 'sqlSessionFactory' defined in class path resource [com/baomidou/mybatisplus/autoconfigure/MybatisPlusAutoConfiguration.class]: Bean instantiation via factory method failed; nested exception is org.springframework.beans.BeanInstantiationException: Failed to instantiate [org.apache.ibatis.session.SqlSessionFactory]: Factory method 'sqlSessionFactory' threw exception; nested exception is java.lang.NoClassDefFoundError: Could not initialize class com.course.app.webadmin.upms.model.SysDataPerm
	at org.springframework.beans.factory.support.ConstructorResolver.instantiate(ConstructorResolver.java:658)
	at org.springframework.beans.factory.support.ConstructorResolver.instantiateUsingFactoryMethod(ConstructorResolver.java:638)
	at org.springframework.beans.factory.support.AbstractAutowireCapableBeanFactory.instantiateUsingFactoryMethod(AbstractAutowireCapableBeanFactory.java:1352)
	at org.springframework.beans.factory.support.AbstractAutowireCapableBeanFactory.createBeanInstance(AbstractAutowireCapableBeanFactory.java:1195)
	at org.springframework.beans.factory.support.AbstractAutowireCapableBeanFactory.doCreateBean(AbstractAutowireCapableBeanFactory.java:582)
	at org.springframework.beans.factory.support.AbstractAutowireCapableBeanFactory.createBean(AbstractAutowireCapableBeanFactory.java:542)
	at org.springframework.beans.factory.support.AbstractBeanFactory.lambda$doGetBean$0(AbstractBeanFactory.java:335)
	at org.springframework.beans.factory.support.DefaultSingletonBeanRegistry.getSingleton(DefaultSingletonBeanRegistry.java:234)
	at org.springframework.beans.factory.support.AbstractBeanFactory.doGetBean(AbstractBeanFactory.java:333)
	at org.springframework.beans.factory.support.AbstractBeanFactory.getBean(AbstractBeanFactory.java:208)
	at org.springframework.beans.factory.config.DependencyDescriptor.resolveCandidate(DependencyDescriptor.java:276)
	at org.springframework.beans.factory.support.DefaultListableBeanFactory.doResolveDependency(DefaultListableBeanFactory.java:1389)
	at org.springframework.beans.factory.support.DefaultListableBeanFactory.resolveDependency(DefaultListableBeanFactory.java:1309)
	at org.springframework.beans.factory.support.AbstractAutowireCapableBeanFactory.autowireByType(AbstractAutowireCapableBeanFactory.java:1519)
	... 45 common frames omitted
Caused by: org.springframework.beans.BeanInstantiationException: Failed to instantiate [org.apache.ibatis.session.SqlSessionFactory]: Factory method 'sqlSessionFactory' threw exception; nested exception is java.lang.NoClassDefFoundError: Could not initialize class com.course.app.webadmin.upms.model.SysDataPerm
	at org.springframework.beans.factory.support.SimpleInstantiationStrategy.instantiate(SimpleInstantiationStrategy.java:185)
	at org.springframework.beans.factory.support.ConstructorResolver.instantiate(ConstructorResolver.java:653)
	... 58 common frames omitted
Caused by: java.lang.NoClassDefFoundError: Could not initialize class com.course.app.webadmin.upms.model.SysDataPerm
	at java.lang.Class.forName0(Native Method)
	at java.lang.Class.forName(Class.java:348)
	at org.apache.ibatis.io.ClassLoaderWrapper.classForName(ClassLoaderWrapper.java:186)
	at org.apache.ibatis.io.ClassLoaderWrapper.classForName(ClassLoaderWrapper.java:89)
	at org.apache.ibatis.io.Resources.classForName(Resources.java:261)
	at org.apache.ibatis.type.TypeAliasRegistry.resolveAlias(TypeAliasRegistry.java:116)
	at org.apache.ibatis.builder.BaseBuilder.resolveAlias(BaseBuilder.java:149)
	at org.apache.ibatis.builder.BaseBuilder.resolveClass(BaseBuilder.java:116)
	at org.apache.ibatis.builder.xml.XMLMapperBuilder.resultMapElement(XMLMapperBuilder.java:263)
	at org.apache.ibatis.builder.xml.XMLMapperBuilder.resultMapElement(XMLMapperBuilder.java:254)
	at org.apache.ibatis.builder.xml.XMLMapperBuilder.resultMapElements(XMLMapperBuilder.java:246)
	at org.apache.ibatis.builder.xml.XMLMapperBuilder.configurationElement(XMLMapperBuilder.java:119)
	at org.apache.ibatis.builder.xml.XMLMapperBuilder.parse(XMLMapperBuilder.java:95)
	at com.baomidou.mybatisplus.extension.spring.MybatisSqlSessionFactoryBean.buildSqlSessionFactory(MybatisSqlSessionFactoryBean.java:574)
	at com.baomidou.mybatisplus.extension.spring.MybatisSqlSessionFactoryBean.afterPropertiesSet(MybatisSqlSessionFactoryBean.java:445)
	at com.baomidou.mybatisplus.extension.spring.MybatisSqlSessionFactoryBean.getObject(MybatisSqlSessionFactoryBean.java:609)
	at com.baomidou.mybatisplus.autoconfigure.MybatisPlusAutoConfiguration.sqlSessionFactory(MybatisPlusAutoConfiguration.java:218)
	at sun.reflect.NativeMethodAccessorImpl.invoke0(Native Method)
	at sun.reflect.NativeMethodAccessorImpl.invoke(NativeMethodAccessorImpl.java:62)
	at sun.reflect.DelegatingMethodAccessorImpl.invoke(DelegatingMethodAccessorImpl.java:43)
	at java.lang.reflect.Method.invoke(Method.java:498)
	at org.springframework.beans.factory.support.SimpleInstantiationStrategy.instantiate(SimpleInstantiationStrategy.java:154)
	... 59 common frames omitted
[INFO ] [2023-05-07 16:34:25] T:[] S:[] U:[] [background-preinit] ==> HV000001: Hibernate Validator 6.2.0.Final
[INFO ] [2023-05-07 16:34:25] T:[] S:[] U:[] [main] ==> Starting WebAdminApplication using Java 1.8.0_241 on LAPTOP-EP7QEOQR with PID 24020 (D:\work\other\chargeSystem\application-webadmin\target\classes started by yinmf in D:\work\other\chargeSystem\application-webadmin)
[INFO ] [2023-05-07 16:34:25] T:[] S:[] U:[] [main] ==> The following 1 profile is active: "dev"
[INFO ] [2023-05-07 16:34:28] T:[] S:[] U:[] [main] ==> Multiple Spring Data modules found, entering strict repository configuration mode!
[INFO ] [2023-05-07 16:34:28] T:[] S:[] U:[] [main] ==> Bootstrapping Spring Data Redis repositories in DEFAULT mode.
[INFO ] [2023-05-07 16:34:28] T:[] S:[] U:[] [main] ==> Finished Spring Data repository scanning in 23 ms. Found 0 Redis repository interfaces.
[INFO ] [2023-05-07 16:34:29] T:[] S:[] U:[] [main] ==> Bean 'commonWebMvcConfig' of type [com.course.app.common.core.config.CommonWebMvcConfig$$EnhancerBySpringCGLIB$$e5dff021] is not eligible for getting processed by all BeanPostProcessors (for example: not eligible for auto-proxying)
[INFO ] [2023-05-07 16:34:32] T:[] S:[] U:[] [main] ==> Tomcat initialized with port(s): 8082 (http)
[INFO ] [2023-05-07 16:34:32] T:[] S:[] U:[] [main] ==> Initializing ProtocolHandler ["http-nio-8082"]
[INFO ] [2023-05-07 16:34:32] T:[] S:[] U:[] [main] ==> Starting service [Tomcat]
[INFO ] [2023-05-07 16:34:32] T:[] S:[] U:[] [main] ==> Starting Servlet engine: [Apache Tomcat/9.0.60]
[INFO ] [2023-05-07 16:34:33] T:[] S:[] U:[] [main] ==> Initializing Spring embedded WebApplicationContext
[INFO ] [2023-05-07 16:34:33] T:[] S:[] U:[] [main] ==> Root WebApplicationContext: initialization completed in 7390 ms
[INFO ] [2023-05-07 16:34:33] T:[] S:[] U:[] [main] ==> Filter characterEncodingFilter was not registered (possibly already registered?)
[ERROR] [2023-05-07 16:34:33] T:[] S:[] U:[] [main] ==> For security constraints with URL pattern [/*] only the HTTP methods [TRACE HEAD DELETE SEARCH PROPFIND COPY PUT PATCH] are covered. All other methods are uncovered.
[INFO ] [2023-05-07 16:34:34] T:[] S:[] U:[] [main] ==> Redisson 3.15.4
[INFO ] [2023-05-07 16:34:39] T:[] S:[] U:[] [redisson-netty-2-8] ==> 1 connections initialized for /192.168.23.132:6379
[INFO ] [2023-05-07 16:34:39] T:[] S:[] U:[] [redisson-netty-2-10] ==> 5 connections initialized for /192.168.23.132:6379
[INFO ] [2023-05-07 16:34:39] T:[] S:[] U:[] [main] ==> {dataSource-1} inited
[INFO ] [2023-05-07 16:34:39] T:[] S:[] U:[] [main] ==> {dataSource-2} inited
[WARN ] [2023-05-07 16:34:40] T:[] S:[] U:[] [main] ==> Cannot load the 'file [D:\work\other\chargeSystem\application-webadmin\target\classes\com\course\app\webadmin\upms\model\DormFee.class]'. Cause by java.lang.ExceptionInInitializerError
[WARN ] [2023-05-07 16:34:40] T:[] S:[] U:[] [main] ==> Cannot load the 'file [D:\work\other\chargeSystem\application-webadmin\target\classes\com\course\app\webadmin\upms\model\DormFeeFreeDetail.class]'. Cause by java.lang.ExceptionInInitializerError
[WARN ] [2023-05-07 16:34:40] T:[] S:[] U:[] [main] ==> Cannot load the 'file [D:\work\other\chargeSystem\application-webadmin\target\classes\com\course\app\webadmin\upms\model\SchoolFee.class]'. Cause by java.lang.ExceptionInInitializerError
[WARN ] [2023-05-07 16:34:40] T:[] S:[] U:[] [main] ==> Cannot load the 'file [D:\work\other\chargeSystem\application-webadmin\target\classes\com\course\app\webadmin\upms\model\SchoolFeeFreeDetail.class]'. Cause by java.lang.ExceptionInInitializerError
[WARN ] [2023-05-07 16:34:40] T:[] S:[] U:[] [main] ==> Cannot load the 'file [D:\work\other\chargeSystem\application-webadmin\target\classes\com\course\app\webadmin\upms\model\SysDataPerm.class]'. Cause by java.lang.ExceptionInInitializerError
[WARN ] [2023-05-07 16:34:40] T:[] S:[] U:[] [main] ==> Cannot load the 'file [D:\work\other\chargeSystem\application-webadmin\target\classes\com\course\app\webadmin\upms\model\SysDept.class]'. Cause by java.lang.ExceptionInInitializerError
[WARN ] [2023-05-07 16:34:40] T:[] S:[] U:[] [main] ==> Cannot load the 'file [D:\work\other\chargeSystem\application-webadmin\target\classes\com\course\app\webadmin\upms\model\SysDorm.class]'. Cause by java.lang.ExceptionInInitializerError
[WARN ] [2023-05-07 16:34:40] T:[] S:[] U:[] [main] ==> Cannot load the 'file [D:\work\other\chargeSystem\application-webadmin\target\classes\com\course\app\webadmin\upms\model\SysMenu.class]'. Cause by java.lang.ExceptionInInitializerError
[WARN ] [2023-05-07 16:34:40] T:[] S:[] U:[] [main] ==> Cannot load the 'file [D:\work\other\chargeSystem\application-webadmin\target\classes\com\course\app\webadmin\upms\model\SysPermCode.class]'. Cause by java.lang.ExceptionInInitializerError
[WARN ] [2023-05-07 16:34:40] T:[] S:[] U:[] [main] ==> Cannot load the 'file [D:\work\other\chargeSystem\application-webadmin\target\classes\com\course\app\webadmin\upms\model\SysRole.class]'. Cause by java.lang.ExceptionInInitializerError
[WARN ] [2023-05-07 16:34:40] T:[] S:[] U:[] [main] ==> Cannot load the 'file [D:\work\other\chargeSystem\application-webadmin\target\classes\com\course\app\webadmin\upms\model\SysStudent.class]'. Cause by java.lang.ExceptionInInitializerError
[WARN ] [2023-05-07 16:34:40] T:[] S:[] U:[] [main] ==> Cannot load the 'file [D:\work\other\chargeSystem\application-webadmin\target\classes\com\course\app\webadmin\upms\model\SysUser.class]'. Cause by java.lang.ExceptionInInitializerError
[WARN ] [2023-05-07 16:34:40] T:[] S:[] U:[] [main] ==> Cannot load the 'file [D:\work\other\chargeSystem\common\common-flow\target\classes\com\course\app\common\flow\model\FlowCategory.class]'. Cause by java.lang.ExceptionInInitializerError
[WARN ] [2023-05-07 16:34:40] T:[] S:[] U:[] [main] ==> Cannot load the 'file [D:\work\other\chargeSystem\common\common-flow\target\classes\com\course\app\common\flow\model\FlowEntry.class]'. Cause by java.lang.ExceptionInInitializerError
[WARN ] [2023-05-07 16:34:40] T:[] S:[] U:[] [main] ==> Cannot load the 'file [D:\work\other\chargeSystem\common\common-flow\target\classes\com\course\app\common\flow\model\FlowEntryVariable.class]'. Cause by java.lang.ExceptionInInitializerError
[WARN ] [2023-05-07 16:34:40] T:[] S:[] U:[] [main] ==> Cannot load the 'file [D:\work\other\chargeSystem\common\common-flow\target\classes\com\course\app\common\flow\model\FlowMessage.class]'. Cause by java.lang.ExceptionInInitializerError
[WARN ] [2023-05-07 16:34:40] T:[] S:[] U:[] [main] ==> Cannot load the 'file [D:\work\other\chargeSystem\common\common-flow\target\classes\com\course\app\common\flow\model\FlowTaskComment.class]'. Cause by java.lang.ExceptionInInitializerError
[WARN ] [2023-05-07 16:34:40] T:[] S:[] U:[] [main] ==> Cannot load the 'file [D:\work\other\chargeSystem\common\common-flow\target\classes\com\course\app\common\flow\model\FlowWorkOrder.class]'. Cause by java.lang.ExceptionInInitializerError
[WARN ] [2023-05-07 16:34:40] T:[] S:[] U:[] [main] ==> Can not find table primary key in Class: "com.course.app.webadmin.upms.model.SysDataPermDept".
[WARN ] [2023-05-07 16:34:40] T:[] S:[] U:[] [main] ==> class com.course.app.webadmin.upms.model.SysDataPermDept ,Not found @TableId annotation, Cannot use Mybatis-Plus 'xxById' Method.
[WARN ] [2023-05-07 16:34:40] T:[] S:[] U:[] [main] ==> Exception encountered during context initialization - cancelling refresh attempt: org.springframework.beans.factory.UnsatisfiedDependencyException: Error creating bean with name 'flowIdentityExtHelper': Unsatisfied dependency expressed through field 'sysUserService'; nested exception is org.springframework.beans.factory.UnsatisfiedDependencyException: Error creating bean with name 'sysUserService': Unsatisfied dependency expressed through field 'baseMapper'; nested exception is org.springframework.beans.factory.UnsatisfiedDependencyException: Error creating bean with name 'sysUserMapper' defined in file [D:\work\other\chargeSystem\application-webadmin\target\classes\com\course\app\webadmin\upms\dao\SysUserMapper.class]: Unsatisfied dependency expressed through bean property 'sqlSessionFactory'; nested exception is org.springframework.beans.factory.BeanCreationException: Error creating bean with name 'sqlSessionFactory' defined in class path resource [com/baomidou/mybatisplus/autoconfigure/MybatisPlusAutoConfiguration.class]: Bean instantiation via factory method failed; nested exception is org.springframework.beans.BeanInstantiationException: Failed to instantiate [org.apache.ibatis.session.SqlSessionFactory]: Factory method 'sqlSessionFactory' threw exception; nested exception is java.lang.NoClassDefFoundError: Could not initialize class com.course.app.webadmin.upms.model.SysDataPerm
[INFO ] [2023-05-07 16:34:40] T:[] S:[] U:[] [main] ==> {dataSource-2} closing ...
[INFO ] [2023-05-07 16:34:40] T:[] S:[] U:[] [main] ==> {dataSource-2} closed
[INFO ] [2023-05-07 16:34:40] T:[] S:[] U:[] [main] ==> {dataSource-1} closing ...
[INFO ] [2023-05-07 16:34:40] T:[] S:[] U:[] [main] ==> {dataSource-1} closed
[INFO ] [2023-05-07 16:34:40] T:[] S:[] U:[] [main] ==> Stopping service [Tomcat]
[INFO ] [2023-05-07 16:34:40] T:[] S:[] U:[] [main] ==> 

Error starting ApplicationContext. To display the conditions report re-run your application with 'debug' enabled.
[ERROR] [2023-05-07 16:34:40] T:[] S:[] U:[] [main] ==> Application run failed
org.springframework.beans.factory.UnsatisfiedDependencyException: Error creating bean with name 'flowIdentityExtHelper': Unsatisfied dependency expressed through field 'sysUserService'; nested exception is org.springframework.beans.factory.UnsatisfiedDependencyException: Error creating bean with name 'sysUserService': Unsatisfied dependency expressed through field 'baseMapper'; nested exception is org.springframework.beans.factory.UnsatisfiedDependencyException: Error creating bean with name 'sysUserMapper' defined in file [D:\work\other\chargeSystem\application-webadmin\target\classes\com\course\app\webadmin\upms\dao\SysUserMapper.class]: Unsatisfied dependency expressed through bean property 'sqlSessionFactory'; nested exception is org.springframework.beans.factory.BeanCreationException: Error creating bean with name 'sqlSessionFactory' defined in class path resource [com/baomidou/mybatisplus/autoconfigure/MybatisPlusAutoConfiguration.class]: Bean instantiation via factory method failed; nested exception is org.springframework.beans.BeanInstantiationException: Failed to instantiate [org.apache.ibatis.session.SqlSessionFactory]: Factory method 'sqlSessionFactory' threw exception; nested exception is java.lang.NoClassDefFoundError: Could not initialize class com.course.app.webadmin.upms.model.SysDataPerm
	at org.springframework.beans.factory.annotation.AutowiredAnnotationBeanPostProcessor$AutowiredFieldElement.resolveFieldValue(AutowiredAnnotationBeanPostProcessor.java:659)
	at org.springframework.beans.factory.annotation.AutowiredAnnotationBeanPostProcessor$AutowiredFieldElement.inject(AutowiredAnnotationBeanPostProcessor.java:639)
	at org.springframework.beans.factory.annotation.InjectionMetadata.inject(InjectionMetadata.java:119)
	at org.springframework.beans.factory.annotation.AutowiredAnnotationBeanPostProcessor.postProcessProperties(AutowiredAnnotationBeanPostProcessor.java:399)
	at org.springframework.beans.factory.support.AbstractAutowireCapableBeanFactory.populateBean(AbstractAutowireCapableBeanFactory.java:1431)
	at org.springframework.beans.factory.support.AbstractAutowireCapableBeanFactory.doCreateBean(AbstractAutowireCapableBeanFactory.java:619)
	at org.springframework.beans.factory.support.AbstractAutowireCapableBeanFactory.createBean(AbstractAutowireCapableBeanFactory.java:542)
	at org.springframework.beans.factory.support.AbstractBeanFactory.lambda$doGetBean$0(AbstractBeanFactory.java:335)
	at org.springframework.beans.factory.support.DefaultSingletonBeanRegistry.getSingleton(DefaultSingletonBeanRegistry.java:234)
	at org.springframework.beans.factory.support.AbstractBeanFactory.doGetBean(AbstractBeanFactory.java:333)
	at org.springframework.beans.factory.support.AbstractBeanFactory.getBean(AbstractBeanFactory.java:208)
	at org.springframework.beans.factory.support.DefaultListableBeanFactory.preInstantiateSingletons(DefaultListableBeanFactory.java:953)
	at org.springframework.context.support.AbstractApplicationContext.finishBeanFactoryInitialization(AbstractApplicationContext.java:918)
	at org.springframework.context.support.AbstractApplicationContext.refresh(AbstractApplicationContext.java:583)
	at org.springframework.boot.web.servlet.context.ServletWebServerApplicationContext.refresh(ServletWebServerApplicationContext.java:145)
	at org.springframework.boot.SpringApplication.refresh(SpringApplication.java:775)
	at org.springframework.boot.SpringApplication.refreshContext(SpringApplication.java:448)
	at org.springframework.boot.SpringApplication.run(SpringApplication.java:339)
	at org.springframework.boot.SpringApplication.run(SpringApplication.java:1365)
	at org.springframework.boot.SpringApplication.run(SpringApplication.java:1354)
	at com.course.app.webadmin.WebAdminApplication.main(WebAdminApplication.java:20)
Caused by: org.springframework.beans.factory.UnsatisfiedDependencyException: Error creating bean with name 'sysUserService': Unsatisfied dependency expressed through field 'baseMapper'; nested exception is org.springframework.beans.factory.UnsatisfiedDependencyException: Error creating bean with name 'sysUserMapper' defined in file [D:\work\other\chargeSystem\application-webadmin\target\classes\com\course\app\webadmin\upms\dao\SysUserMapper.class]: Unsatisfied dependency expressed through bean property 'sqlSessionFactory'; nested exception is org.springframework.beans.factory.BeanCreationException: Error creating bean with name 'sqlSessionFactory' defined in class path resource [com/baomidou/mybatisplus/autoconfigure/MybatisPlusAutoConfiguration.class]: Bean instantiation via factory method failed; nested exception is org.springframework.beans.BeanInstantiationException: Failed to instantiate [org.apache.ibatis.session.SqlSessionFactory]: Factory method 'sqlSessionFactory' threw exception; nested exception is java.lang.NoClassDefFoundError: Could not initialize class com.course.app.webadmin.upms.model.SysDataPerm
	at org.springframework.beans.factory.annotation.AutowiredAnnotationBeanPostProcessor$AutowiredFieldElement.resolveFieldValue(AutowiredAnnotationBeanPostProcessor.java:659)
	at org.springframework.beans.factory.annotation.AutowiredAnnotationBeanPostProcessor$AutowiredFieldElement.inject(AutowiredAnnotationBeanPostProcessor.java:639)
	at org.springframework.beans.factory.annotation.InjectionMetadata.inject(InjectionMetadata.java:119)
	at org.springframework.beans.factory.annotation.AutowiredAnnotationBeanPostProcessor.postProcessProperties(AutowiredAnnotationBeanPostProcessor.java:399)
	at org.springframework.beans.factory.support.AbstractAutowireCapableBeanFactory.populateBean(AbstractAutowireCapableBeanFactory.java:1431)
	at org.springframework.beans.factory.support.AbstractAutowireCapableBeanFactory.doCreateBean(AbstractAutowireCapableBeanFactory.java:619)
	at org.springframework.beans.factory.support.AbstractAutowireCapableBeanFactory.createBean(AbstractAutowireCapableBeanFactory.java:542)
	at org.springframework.beans.factory.support.AbstractBeanFactory.lambda$doGetBean$0(AbstractBeanFactory.java:335)
	at org.springframework.beans.factory.support.DefaultSingletonBeanRegistry.getSingleton(DefaultSingletonBeanRegistry.java:234)
	at org.springframework.beans.factory.support.AbstractBeanFactory.doGetBean(AbstractBeanFactory.java:333)
	at org.springframework.beans.factory.support.AbstractBeanFactory.getBean(AbstractBeanFactory.java:208)
	at org.springframework.beans.factory.config.DependencyDescriptor.resolveCandidate(DependencyDescriptor.java:276)
	at org.springframework.beans.factory.support.DefaultListableBeanFactory.doResolveDependency(DefaultListableBeanFactory.java:1389)
	at org.springframework.beans.factory.support.DefaultListableBeanFactory.resolveDependency(DefaultListableBeanFactory.java:1309)
	at org.springframework.beans.factory.annotation.AutowiredAnnotationBeanPostProcessor$AutowiredFieldElement.resolveFieldValue(AutowiredAnnotationBeanPostProcessor.java:656)
	... 20 common frames omitted
Caused by: org.springframework.beans.factory.UnsatisfiedDependencyException: Error creating bean with name 'sysUserMapper' defined in file [D:\work\other\chargeSystem\application-webadmin\target\classes\com\course\app\webadmin\upms\dao\SysUserMapper.class]: Unsatisfied dependency expressed through bean property 'sqlSessionFactory'; nested exception is org.springframework.beans.factory.BeanCreationException: Error creating bean with name 'sqlSessionFactory' defined in class path resource [com/baomidou/mybatisplus/autoconfigure/MybatisPlusAutoConfiguration.class]: Bean instantiation via factory method failed; nested exception is org.springframework.beans.BeanInstantiationException: Failed to instantiate [org.apache.ibatis.session.SqlSessionFactory]: Factory method 'sqlSessionFactory' threw exception; nested exception is java.lang.NoClassDefFoundError: Could not initialize class com.course.app.webadmin.upms.model.SysDataPerm
	at org.springframework.beans.factory.support.AbstractAutowireCapableBeanFactory.autowireByType(AbstractAutowireCapableBeanFactory.java:1534)
	at org.springframework.beans.factory.support.AbstractAutowireCapableBeanFactory.populateBean(AbstractAutowireCapableBeanFactory.java:1417)
	at org.springframework.beans.factory.support.AbstractAutowireCapableBeanFactory.doCreateBean(AbstractAutowireCapableBeanFactory.java:619)
	at org.springframework.beans.factory.support.AbstractAutowireCapableBeanFactory.createBean(AbstractAutowireCapableBeanFactory.java:542)
	at org.springframework.beans.factory.support.AbstractBeanFactory.lambda$doGetBean$0(AbstractBeanFactory.java:335)
	at org.springframework.beans.factory.support.DefaultSingletonBeanRegistry.getSingleton(DefaultSingletonBeanRegistry.java:234)
	at org.springframework.beans.factory.support.AbstractBeanFactory.doGetBean(AbstractBeanFactory.java:333)
	at org.springframework.beans.factory.support.AbstractBeanFactory.getBean(AbstractBeanFactory.java:208)
	at org.springframework.beans.factory.config.DependencyDescriptor.resolveCandidate(DependencyDescriptor.java:276)
	at org.springframework.beans.factory.support.DefaultListableBeanFactory.doResolveDependency(DefaultListableBeanFactory.java:1389)
	at org.springframework.beans.factory.support.DefaultListableBeanFactory.resolveDependency(DefaultListableBeanFactory.java:1309)
	at org.springframework.beans.factory.annotation.AutowiredAnnotationBeanPostProcessor$AutowiredFieldElement.resolveFieldValue(AutowiredAnnotationBeanPostProcessor.java:656)
	... 34 common frames omitted
Caused by: org.springframework.beans.factory.BeanCreationException: Error creating bean with name 'sqlSessionFactory' defined in class path resource [com/baomidou/mybatisplus/autoconfigure/MybatisPlusAutoConfiguration.class]: Bean instantiation via factory method failed; nested exception is org.springframework.beans.BeanInstantiationException: Failed to instantiate [org.apache.ibatis.session.SqlSessionFactory]: Factory method 'sqlSessionFactory' threw exception; nested exception is java.lang.NoClassDefFoundError: Could not initialize class com.course.app.webadmin.upms.model.SysDataPerm
	at org.springframework.beans.factory.support.ConstructorResolver.instantiate(ConstructorResolver.java:658)
	at org.springframework.beans.factory.support.ConstructorResolver.instantiateUsingFactoryMethod(ConstructorResolver.java:638)
	at org.springframework.beans.factory.support.AbstractAutowireCapableBeanFactory.instantiateUsingFactoryMethod(AbstractAutowireCapableBeanFactory.java:1352)
	at org.springframework.beans.factory.support.AbstractAutowireCapableBeanFactory.createBeanInstance(AbstractAutowireCapableBeanFactory.java:1195)
	at org.springframework.beans.factory.support.AbstractAutowireCapableBeanFactory.doCreateBean(AbstractAutowireCapableBeanFactory.java:582)
	at org.springframework.beans.factory.support.AbstractAutowireCapableBeanFactory.createBean(AbstractAutowireCapableBeanFactory.java:542)
	at org.springframework.beans.factory.support.AbstractBeanFactory.lambda$doGetBean$0(AbstractBeanFactory.java:335)
	at org.springframework.beans.factory.support.DefaultSingletonBeanRegistry.getSingleton(DefaultSingletonBeanRegistry.java:234)
	at org.springframework.beans.factory.support.AbstractBeanFactory.doGetBean(AbstractBeanFactory.java:333)
	at org.springframework.beans.factory.support.AbstractBeanFactory.getBean(AbstractBeanFactory.java:208)
	at org.springframework.beans.factory.config.DependencyDescriptor.resolveCandidate(DependencyDescriptor.java:276)
	at org.springframework.beans.factory.support.DefaultListableBeanFactory.doResolveDependency(DefaultListableBeanFactory.java:1389)
	at org.springframework.beans.factory.support.DefaultListableBeanFactory.resolveDependency(DefaultListableBeanFactory.java:1309)
	at org.springframework.beans.factory.support.AbstractAutowireCapableBeanFactory.autowireByType(AbstractAutowireCapableBeanFactory.java:1519)
	... 45 common frames omitted
Caused by: org.springframework.beans.BeanInstantiationException: Failed to instantiate [org.apache.ibatis.session.SqlSessionFactory]: Factory method 'sqlSessionFactory' threw exception; nested exception is java.lang.NoClassDefFoundError: Could not initialize class com.course.app.webadmin.upms.model.SysDataPerm
	at org.springframework.beans.factory.support.SimpleInstantiationStrategy.instantiate(SimpleInstantiationStrategy.java:185)
	at org.springframework.beans.factory.support.ConstructorResolver.instantiate(ConstructorResolver.java:653)
	... 58 common frames omitted
Caused by: java.lang.NoClassDefFoundError: Could not initialize class com.course.app.webadmin.upms.model.SysDataPerm
	at java.lang.Class.forName0(Native Method)
	at java.lang.Class.forName(Class.java:348)
	at org.apache.ibatis.io.ClassLoaderWrapper.classForName(ClassLoaderWrapper.java:186)
	at org.apache.ibatis.io.ClassLoaderWrapper.classForName(ClassLoaderWrapper.java:89)
	at org.apache.ibatis.io.Resources.classForName(Resources.java:261)
	at org.apache.ibatis.type.TypeAliasRegistry.resolveAlias(TypeAliasRegistry.java:116)
	at org.apache.ibatis.builder.BaseBuilder.resolveAlias(BaseBuilder.java:149)
	at org.apache.ibatis.builder.BaseBuilder.resolveClass(BaseBuilder.java:116)
	at org.apache.ibatis.builder.xml.XMLMapperBuilder.resultMapElement(XMLMapperBuilder.java:263)
	at org.apache.ibatis.builder.xml.XMLMapperBuilder.resultMapElement(XMLMapperBuilder.java:254)
	at org.apache.ibatis.builder.xml.XMLMapperBuilder.resultMapElements(XMLMapperBuilder.java:246)
	at org.apache.ibatis.builder.xml.XMLMapperBuilder.configurationElement(XMLMapperBuilder.java:119)
	at org.apache.ibatis.builder.xml.XMLMapperBuilder.parse(XMLMapperBuilder.java:95)
	at com.baomidou.mybatisplus.extension.spring.MybatisSqlSessionFactoryBean.buildSqlSessionFactory(MybatisSqlSessionFactoryBean.java:574)
	at com.baomidou.mybatisplus.extension.spring.MybatisSqlSessionFactoryBean.afterPropertiesSet(MybatisSqlSessionFactoryBean.java:445)
	at com.baomidou.mybatisplus.extension.spring.MybatisSqlSessionFactoryBean.getObject(MybatisSqlSessionFactoryBean.java:609)
	at com.baomidou.mybatisplus.autoconfigure.MybatisPlusAutoConfiguration.sqlSessionFactory(MybatisPlusAutoConfiguration.java:218)
	at sun.reflect.NativeMethodAccessorImpl.invoke0(Native Method)
	at sun.reflect.NativeMethodAccessorImpl.invoke(NativeMethodAccessorImpl.java:62)
	at sun.reflect.DelegatingMethodAccessorImpl.invoke(DelegatingMethodAccessorImpl.java:43)
	at java.lang.reflect.Method.invoke(Method.java:498)
	at org.springframework.beans.factory.support.SimpleInstantiationStrategy.instantiate(SimpleInstantiationStrategy.java:154)
	... 59 common frames omitted
[INFO ] [2023-05-07 16:42:29] T:[] S:[] U:[] [background-preinit] ==> HV000001: Hibernate Validator 6.2.0.Final
[INFO ] [2023-05-07 16:42:29] T:[] S:[] U:[] [main] ==> Starting WebAdminApplication using Java 1.8.0_241 on LAPTOP-EP7QEOQR with PID 3112 (D:\work\other\chargeSystem\application-webadmin\target\classes started by yinmf in D:\work\other\chargeSystem\application-webadmin)
[INFO ] [2023-05-07 16:42:29] T:[] S:[] U:[] [main] ==> The following 1 profile is active: "dev"
[INFO ] [2023-05-07 16:42:32] T:[] S:[] U:[] [main] ==> Multiple Spring Data modules found, entering strict repository configuration mode!
[INFO ] [2023-05-07 16:42:32] T:[] S:[] U:[] [main] ==> Bootstrapping Spring Data Redis repositories in DEFAULT mode.
[INFO ] [2023-05-07 16:42:32] T:[] S:[] U:[] [main] ==> Finished Spring Data repository scanning in 28 ms. Found 0 Redis repository interfaces.
[INFO ] [2023-05-07 16:42:32] T:[] S:[] U:[] [main] ==> Bean 'commonWebMvcConfig' of type [com.course.app.common.core.config.CommonWebMvcConfig$$EnhancerBySpringCGLIB$$3da1fdec] is not eligible for getting processed by all BeanPostProcessors (for example: not eligible for auto-proxying)
[INFO ] [2023-05-07 16:42:36] T:[] S:[] U:[] [main] ==> Tomcat initialized with port(s): 8082 (http)
[INFO ] [2023-05-07 16:42:36] T:[] S:[] U:[] [main] ==> Initializing ProtocolHandler ["http-nio-8082"]
[INFO ] [2023-05-07 16:42:36] T:[] S:[] U:[] [main] ==> Starting service [Tomcat]
[INFO ] [2023-05-07 16:42:36] T:[] S:[] U:[] [main] ==> Starting Servlet engine: [Apache Tomcat/9.0.60]
[INFO ] [2023-05-07 16:42:36] T:[] S:[] U:[] [main] ==> Initializing Spring embedded WebApplicationContext
[INFO ] [2023-05-07 16:42:36] T:[] S:[] U:[] [main] ==> Root WebApplicationContext: initialization completed in 7400 ms
[INFO ] [2023-05-07 16:42:36] T:[] S:[] U:[] [main] ==> Filter characterEncodingFilter was not registered (possibly already registered?)
[ERROR] [2023-05-07 16:42:37] T:[] S:[] U:[] [main] ==> For security constraints with URL pattern [/*] only the HTTP methods [TRACE HEAD DELETE SEARCH PROPFIND COPY PUT PATCH] are covered. All other methods are uncovered.
[INFO ] [2023-05-07 16:42:37] T:[] S:[] U:[] [main] ==> Redisson 3.15.4
[INFO ] [2023-05-07 16:42:42] T:[] S:[] U:[] [redisson-netty-2-9] ==> 5 connections initialized for /192.168.23.132:6379
[INFO ] [2023-05-07 16:42:42] T:[] S:[] U:[] [redisson-netty-2-8] ==> 1 connections initialized for /192.168.23.132:6379
[INFO ] [2023-05-07 16:42:42] T:[] S:[] U:[] [main] ==> {dataSource-1} inited
[INFO ] [2023-05-07 16:42:43] T:[] S:[] U:[] [main] ==> {dataSource-2} inited
[WARN ] [2023-05-07 16:42:43] T:[] S:[] U:[] [main] ==> Can not find table primary key in Class: "com.course.app.webadmin.upms.model.SysDataPermDept".
[WARN ] [2023-05-07 16:42:43] T:[] S:[] U:[] [main] ==> class com.course.app.webadmin.upms.model.SysDataPermDept ,Not found @TableId annotation, Cannot use Mybatis-Plus 'xxById' Method.
[WARN ] [2023-05-07 16:42:43] T:[] S:[] U:[] [main] ==> Can not find table primary key in Class: "com.course.app.webadmin.upms.model.SysDataPermMenu".
[WARN ] [2023-05-07 16:42:43] T:[] S:[] U:[] [main] ==> class com.course.app.webadmin.upms.model.SysDataPermMenu ,Not found @TableId annotation, Cannot use Mybatis-Plus 'xxById' Method.
[WARN ] [2023-05-07 16:42:43] T:[] S:[] U:[] [main] ==> Can not find table primary key in Class: "com.course.app.webadmin.upms.model.SysDataPermUser".
[WARN ] [2023-05-07 16:42:43] T:[] S:[] U:[] [main] ==> class com.course.app.webadmin.upms.model.SysDataPermUser ,Not found @TableId annotation, Cannot use Mybatis-Plus 'xxById' Method.
[WARN ] [2023-05-07 16:42:43] T:[] S:[] U:[] [main] ==> Can not find table primary key in Class: "com.course.app.webadmin.upms.model.SysDeptRelation".
[WARN ] [2023-05-07 16:42:43] T:[] S:[] U:[] [main] ==> class com.course.app.webadmin.upms.model.SysDeptRelation ,Not found @TableId annotation, Cannot use Mybatis-Plus 'xxById' Method.
[WARN ] [2023-05-07 16:42:44] T:[] S:[] U:[] [main] ==> Can not find table primary key in Class: "com.course.app.webadmin.upms.model.SysMenuPermCode".
[WARN ] [2023-05-07 16:42:44] T:[] S:[] U:[] [main] ==> class com.course.app.webadmin.upms.model.SysMenuPermCode ,Not found @TableId annotation, Cannot use Mybatis-Plus 'xxById' Method.
[WARN ] [2023-05-07 16:42:44] T:[] S:[] U:[] [main] ==> Can not find table primary key in Class: "com.course.app.webadmin.upms.model.SysPermCodePerm".
[WARN ] [2023-05-07 16:42:44] T:[] S:[] U:[] [main] ==> class com.course.app.webadmin.upms.model.SysPermCodePerm ,Not found @TableId annotation, Cannot use Mybatis-Plus 'xxById' Method.
[WARN ] [2023-05-07 16:42:44] T:[] S:[] U:[] [main] ==> Can not find table primary key in Class: "com.course.app.webadmin.upms.model.SysRoleMenu".
[WARN ] [2023-05-07 16:42:44] T:[] S:[] U:[] [main] ==> class com.course.app.webadmin.upms.model.SysRoleMenu ,Not found @TableId annotation, Cannot use Mybatis-Plus 'xxById' Method.
[WARN ] [2023-05-07 16:42:44] T:[] S:[] U:[] [main] ==> Can not find table primary key in Class: "com.course.app.webadmin.upms.model.SysUserRole".
[WARN ] [2023-05-07 16:42:44] T:[] S:[] U:[] [main] ==> class com.course.app.webadmin.upms.model.SysUserRole ,Not found @TableId annotation, Cannot use Mybatis-Plus 'xxById' Method.
[WARN ] [2023-05-07 16:42:45] T:[] S:[] U:[] [main] ==> Can not find table primary key in Class: "com.course.app.common.flow.model.FlowTaskExt".
[WARN ] [2023-05-07 16:42:45] T:[] S:[] U:[] [main] ==> class com.course.app.common.flow.model.FlowTaskExt ,Not found @TableId annotation, Cannot use Mybatis-Plus 'xxById' Method.
[INFO ] [2023-05-07 16:42:50] T:[] S:[] U:[] [main] ==> 
AjCaptchaProperties{type=DEFAULT, jigsaw='classpath:images/jigsaw', picClick='classpath:images/pic-click', waterMark='', waterFont='WenQuanZhengHei.ttf', fontType='WenQuanZhengHei.ttf', slipOffset='5', aesStatus=true, interferenceOptions='2', cacheNumber='1000', timingClear='180', cacheType=redis, reqFrequencyLimitEnable=false, reqGetLockLimit=5, reqGetLockSeconds=360, reqGetMinuteLimit=30, reqCheckMinuteLimit=30, reqVerifyMinuteLimit=60}
[INFO ] [2023-05-07 16:42:50] T:[] S:[] U:[] [main] ==> resource:[SLIDING_BLOCK=[Ljava.lang.String;@2fc435e9, ORIGINAL=[Ljava.lang.String;@bf18412, PIC_CLICK=[Ljava.lang.String;@5da2966]
[INFO ] [2023-05-07 16:42:50] T:[] S:[] U:[] [main] ==> supported-captchaCache-service:[redis, local]
[INFO ] [2023-05-07 16:42:50] T:[] S:[] U:[] [main] ==> supported-captchaTypes-service:[clickWord, default, blockPuzzle]
[INFO ] [2023-05-07 16:42:50] T:[] S:[] U:[] [main] ==> --->>><<<---clickWord
[INFO ] [2023-05-07 16:42:50] T:[] S:[] U:[] [main] ==> --->>><<<---blockPuzzle
[INFO ] [2023-05-07 16:42:52] T:[] S:[] U:[] [main] ==> No deployment resources were found for autodeployment
[INFO ] [2023-05-07 16:42:52] T:[] S:[] U:[] [main] ==> No deployment resources were found for autodeployment
[INFO ] [2023-05-07 16:42:54] T:[] S:[] U:[] [main] ==> Found 2 Engine Configurators in total:
[INFO ] [2023-05-07 16:42:54] T:[] S:[] U:[] [main] ==> class org.flowable.eventregistry.spring.configurator.SpringEventRegistryConfigurator (priority:100000)
[INFO ] [2023-05-07 16:42:54] T:[] S:[] U:[] [main] ==> class org.flowable.idm.engine.configurator.IdmEngineConfigurator (priority:150000)
[INFO ] [2023-05-07 16:42:54] T:[] S:[] U:[] [main] ==> Executing beforeInit() of class org.flowable.eventregistry.spring.configurator.SpringEventRegistryConfigurator (priority:100000)
[INFO ] [2023-05-07 16:42:54] T:[] S:[] U:[] [main] ==> Executing beforeInit() of class org.flowable.idm.engine.configurator.IdmEngineConfigurator (priority:150000)
[INFO ] [2023-05-07 16:42:56] T:[] S:[] U:[] [main] ==> Executing configure() of class org.flowable.eventregistry.spring.configurator.SpringEventRegistryConfigurator (priority:100000)
[INFO ] [2023-05-07 16:42:58] T:[] S:[] U:[] [main] ==> Reading from charge_system.FLW_EV_DATABASECHANGELOG
[INFO ] [2023-05-07 16:42:58] T:[] S:[] U:[] [main] ==> EventRegistryEngine default created
[INFO ] [2023-05-07 16:42:58] T:[] S:[] U:[] [main] ==> Executing configure() of class org.flowable.idm.engine.configurator.IdmEngineConfigurator (priority:150000)
[INFO ] [2023-05-07 16:42:58] T:[] S:[] U:[] [main] ==> IdmEngine default created
[INFO ] [2023-05-07 16:42:58] T:[] S:[] U:[] [main] ==> ProcessEngine default created
[INFO ] [2023-05-07 16:42:58] T:[] S:[] U:[] [main] ==> Total of v5 deployments found: 0
[INFO ] [2023-05-07 16:43:01] T:[] S:[] U:[] [main] ==> Exposing 14 endpoint(s) beneath base path '/actuator'
[WARN ] [2023-05-07 16:43:04] T:[] S:[] U:[] [main] ==> Cannot find template location(s): [classpath:/template/] (please add some templates, check your FreeMarker configuration, or set spring.freemarker.checkTemplateLocation=false)
[INFO ] [2023-05-07 16:43:05] T:[] S:[] U:[] [main] ==> Starting ProtocolHandler ["http-nio-8082"]
[INFO ] [2023-05-07 16:43:05] T:[] S:[] U:[] [main] ==> Tomcat started on port(s): 8082 (http) with context path ''
[INFO ] [2023-05-07 16:43:06] T:[] S:[] U:[] [main] ==> Started WebAdminApplication in 39.0 seconds (JVM running for 39.838)
[INFO ] [2023-05-07 16:44:18] T:[] S:[] U:[] [http-nio-8082-exec-1] ==> Initializing Spring DispatcherServlet 'dispatcherServlet'
[INFO ] [2023-05-07 16:44:18] T:[] S:[] U:[] [http-nio-8082-exec-1] ==> Initializing Servlet 'dispatcherServlet'
[INFO ] [2023-05-07 16:44:18] T:[] S:[] U:[] [http-nio-8082-exec-1] ==> Completed initialization in 2 ms
