[INFO ] [2023-05-16 13:52:16] T:[] S:[] U:[] [background-preinit] ==> HV000001: Hibernate Validator 6.2.0.Final
[INFO ] [2023-05-16 13:52:16] T:[] S:[] U:[] [main] ==> Starting WebAdminApplication using Java 1.8.0_241 on LAPTOP-EP7QEOQR with PID 24840 (D:\work\other\chargeSystem\charge-webadmin\target\classes started by yinmf in D:\work\other\chargeSystem\charge-webadmin)
[INFO ] [2023-05-16 13:52:16] T:[] S:[] U:[] [main] ==> The following 1 profile is active: "dev"
[INFO ] [2023-05-16 13:52:25] T:[] S:[] U:[] [main] ==> Multiple Spring Data modules found, entering strict repository configuration mode!
[INFO ] [2023-05-16 13:52:25] T:[] S:[] U:[] [main] ==> Bootstrapping Spring Data Redis repositories in DEFAULT mode.
[INFO ] [2023-05-16 13:52:25] T:[] S:[] U:[] [main] ==> Finished Spring Data repository scanning in 100 ms. Found 0 Redis repository interfaces.
[INFO ] [2023-05-16 13:52:28] T:[] S:[] U:[] [main] ==> Bean 'commonWebMvcConfig' of type [com.course.app.common.core.config.CommonWebMvcConfig$$EnhancerBySpringCGLIB$$1] is not eligible for getting processed by all BeanPostProcessors (for example: not eligible for auto-proxying)
[INFO ] [2023-05-16 13:52:34] T:[] S:[] U:[] [main] ==> Tomcat initialized with port(s): 18082 (http)
[INFO ] [2023-05-16 13:52:34] T:[] S:[] U:[] [main] ==> Initializing ProtocolHandler ["http-nio-18082"]
[INFO ] [2023-05-16 13:52:34] T:[] S:[] U:[] [main] ==> Starting service [Tomcat]
[INFO ] [2023-05-16 13:52:34] T:[] S:[] U:[] [main] ==> Starting Servlet engine: [Apache Tomcat/9.0.60]
[INFO ] [2023-05-16 13:52:35] T:[] S:[] U:[] [main] ==> Initializing Spring embedded WebApplicationContext
[INFO ] [2023-05-16 13:52:35] T:[] S:[] U:[] [main] ==> Root WebApplicationContext: initialization completed in 17989 ms
[INFO ] [2023-05-16 13:52:36] T:[] S:[] U:[] [main] ==> Filter characterEncodingFilter was not registered (possibly already registered?)
[ERROR] [2023-05-16 13:52:36] T:[] S:[] U:[] [main] ==> For security constraints with URL pattern [/*] only the HTTP methods [TRACE HEAD DELETE SEARCH PROPFIND COPY PUT PATCH] are covered. All other methods are uncovered.
[INFO ] [2023-05-16 13:52:37] T:[] S:[] U:[] [main] ==> Redisson 3.15.4
[INFO ] [2023-05-16 13:52:44] T:[] S:[] U:[] [redisson-netty-2-10] ==> 1 connections initialized for /111.173.89.247:6379
[INFO ] [2023-05-16 13:52:44] T:[] S:[] U:[] [redisson-netty-2-11] ==> 5 connections initialized for /111.173.89.247:6379
[INFO ] [2023-05-16 13:52:47] T:[] S:[] U:[] [main] ==> {dataSource-1} inited
[INFO ] [2023-05-16 13:52:47] T:[] S:[] U:[] [main] ==> {dataSource-2} inited
[WARN ] [2023-05-16 13:52:49] T:[] S:[] U:[] [main] ==> Can not find table primary key in Class: "com.course.app.webadmin.upms.model.SysDataPermDept".
[WARN ] [2023-05-16 13:52:49] T:[] S:[] U:[] [main] ==> class com.course.app.webadmin.upms.model.SysDataPermDept ,Not found @TableId annotation, Cannot use Mybatis-Plus 'xxById' Method.
[WARN ] [2023-05-16 13:52:49] T:[] S:[] U:[] [main] ==> Can not find table primary key in Class: "com.course.app.webadmin.upms.model.SysDataPermMenu".
[WARN ] [2023-05-16 13:52:49] T:[] S:[] U:[] [main] ==> class com.course.app.webadmin.upms.model.SysDataPermMenu ,Not found @TableId annotation, Cannot use Mybatis-Plus 'xxById' Method.
[WARN ] [2023-05-16 13:52:50] T:[] S:[] U:[] [main] ==> Can not find table primary key in Class: "com.course.app.webadmin.upms.model.SysDataPermUser".
[WARN ] [2023-05-16 13:52:50] T:[] S:[] U:[] [main] ==> class com.course.app.webadmin.upms.model.SysDataPermUser ,Not found @TableId annotation, Cannot use Mybatis-Plus 'xxById' Method.
[WARN ] [2023-05-16 13:52:50] T:[] S:[] U:[] [main] ==> Can not find table primary key in Class: "com.course.app.webadmin.upms.model.SysDeptRelation".
[WARN ] [2023-05-16 13:52:50] T:[] S:[] U:[] [main] ==> class com.course.app.webadmin.upms.model.SysDeptRelation ,Not found @TableId annotation, Cannot use Mybatis-Plus 'xxById' Method.
[WARN ] [2023-05-16 13:52:50] T:[] S:[] U:[] [main] ==> Can not find table primary key in Class: "com.course.app.webadmin.upms.model.SysMenuPermCode".
[WARN ] [2023-05-16 13:52:50] T:[] S:[] U:[] [main] ==> class com.course.app.webadmin.upms.model.SysMenuPermCode ,Not found @TableId annotation, Cannot use Mybatis-Plus 'xxById' Method.
[WARN ] [2023-05-16 13:52:50] T:[] S:[] U:[] [main] ==> Can not find table primary key in Class: "com.course.app.webadmin.upms.model.SysPermCodePerm".
[WARN ] [2023-05-16 13:52:50] T:[] S:[] U:[] [main] ==> class com.course.app.webadmin.upms.model.SysPermCodePerm ,Not found @TableId annotation, Cannot use Mybatis-Plus 'xxById' Method.
[WARN ] [2023-05-16 13:52:51] T:[] S:[] U:[] [main] ==> Can not find table primary key in Class: "com.course.app.webadmin.upms.model.SysRoleMenu".
[WARN ] [2023-05-16 13:52:51] T:[] S:[] U:[] [main] ==> class com.course.app.webadmin.upms.model.SysRoleMenu ,Not found @TableId annotation, Cannot use Mybatis-Plus 'xxById' Method.
[WARN ] [2023-05-16 13:52:51] T:[] S:[] U:[] [main] ==> Can not find table primary key in Class: "com.course.app.webadmin.upms.model.SysUserRole".
[WARN ] [2023-05-16 13:52:51] T:[] S:[] U:[] [main] ==> class com.course.app.webadmin.upms.model.SysUserRole ,Not found @TableId annotation, Cannot use Mybatis-Plus 'xxById' Method.
[WARN ] [2023-05-16 13:52:52] T:[] S:[] U:[] [main] ==> Can not find table primary key in Class: "com.course.app.common.flow.model.FlowTaskExt".
[WARN ] [2023-05-16 13:52:52] T:[] S:[] U:[] [main] ==> class com.course.app.common.flow.model.FlowTaskExt ,Not found @TableId annotation, Cannot use Mybatis-Plus 'xxById' Method.
[INFO ] [2023-05-16 13:52:57] T:[] S:[] U:[] [main] ==> No deployment resources were found for autodeployment
[INFO ] [2023-05-16 13:52:57] T:[] S:[] U:[] [main] ==> No deployment resources were found for autodeployment
[INFO ] [2023-05-16 13:53:00] T:[] S:[] U:[] [main] ==> Found 2 Engine Configurators in total:
[INFO ] [2023-05-16 13:53:00] T:[] S:[] U:[] [main] ==> class org.flowable.eventregistry.spring.configurator.SpringEventRegistryConfigurator (priority:100000)
[INFO ] [2023-05-16 13:53:00] T:[] S:[] U:[] [main] ==> class org.flowable.idm.engine.configurator.IdmEngineConfigurator (priority:150000)
[INFO ] [2023-05-16 13:53:00] T:[] S:[] U:[] [main] ==> Executing beforeInit() of class org.flowable.eventregistry.spring.configurator.SpringEventRegistryConfigurator (priority:100000)
[INFO ] [2023-05-16 13:53:00] T:[] S:[] U:[] [main] ==> Executing beforeInit() of class org.flowable.idm.engine.configurator.IdmEngineConfigurator (priority:150000)
[INFO ] [2023-05-16 13:53:06] T:[] S:[] U:[] [main] ==> Executing configure() of class org.flowable.eventregistry.spring.configurator.SpringEventRegistryConfigurator (priority:100000)
[INFO ] [2023-05-16 13:53:09] T:[] S:[] U:[] [main] ==> Successfully acquired change log lock
[INFO ] [2023-05-16 13:53:13] T:[] S:[] U:[] [main] ==> Reading from charge_system.FLW_EV_DATABASECHANGELOG
[INFO ] [2023-05-16 13:53:13] T:[] S:[] U:[] [main] ==> Successfully released change log lock
[INFO ] [2023-05-16 13:53:14] T:[] S:[] U:[] [main] ==> Successfully acquired change log lock
[WARN ] [2023-05-16 13:53:14] T:[] S:[] U:[] [main] ==> Skipping auto-registration
[INFO ] [2023-05-16 13:53:14] T:[] S:[] U:[] [main] ==> Successfully released change log lock
[INFO ] [2023-05-16 13:53:14] T:[] S:[] U:[] [main] ==> EventRegistryEngine default created
[INFO ] [2023-05-16 13:53:14] T:[] S:[] U:[] [main] ==> Executing configure() of class org.flowable.idm.engine.configurator.IdmEngineConfigurator (priority:150000)
[INFO ] [2023-05-16 13:53:14] T:[] S:[] U:[] [main] ==> IdmEngine default created
[INFO ] [2023-05-16 13:53:18] T:[] S:[] U:[] [main] ==> ProcessEngine default created
[INFO ] [2023-05-16 13:53:19] T:[] S:[] U:[] [main] ==> Total of v5 deployments found: 0
[INFO ] [2023-05-16 13:53:27] T:[] S:[] U:[] [main] ==> 自定义配置项：
AjCaptchaProperties{type=DEFAULT, jigsaw='classpath:images/jigsaw', picClick='classpath:images/pic-click', waterMark='我的水印', waterFont='WenQuanZhengHei.ttf', fontType='WenQuanZhengHei.ttf', slipOffset='5', aesStatus=true, interferenceOptions='2', cacheNumber='1000', timingClear='180', cacheType=redis, reqFrequencyLimitEnable=false, reqGetLockLimit=5, reqGetLockSeconds=360, reqGetMinuteLimit=30, reqCheckMinuteLimit=30, reqVerifyMinuteLimit=60}
[INFO ] [2023-05-16 13:53:27] T:[] S:[] U:[] [main] ==> 自定义resource底图:[SLIDING_BLOCK=[Ljava.lang.String;@101b7b93, ORIGINAL=[Ljava.lang.String;@53d9a8b3, PIC_CLICK=[Ljava.lang.String;@75a4abec]
[INFO ] [2023-05-16 13:53:27] T:[] S:[] U:[] [main] ==> supported-captchaCache-service:[redis, local]
[INFO ] [2023-05-16 13:53:28] T:[] S:[] U:[] [main] ==> supported-captchaTypes-service:[clickWord, default, blockPuzzle]
[INFO ] [2023-05-16 13:53:28] T:[] S:[] U:[] [main] ==> --->>>初始化验证码底图<<<---clickWord
[INFO ] [2023-05-16 13:53:28] T:[] S:[] U:[] [main] ==> --->>>初始化验证码底图<<<---blockPuzzle
[INFO ] [2023-05-16 13:53:32] T:[] S:[] U:[] [main] ==> Exposing 14 endpoint(s) beneath base path '/actuator'
[WARN ] [2023-05-16 13:53:37] T:[] S:[] U:[] [main] ==> Cannot find template location(s): [classpath:/template/] (please add some templates, check your FreeMarker configuration, or set spring.freemarker.checkTemplateLocation=false)
[INFO ] [2023-05-16 13:53:37] T:[] S:[] U:[] [main] ==> Starting up the async job executor [org.flowable.spring.job.service.SpringAsyncExecutor].
[INFO ] [2023-05-16 13:53:37] T:[] S:[] U:[] [Thread-27] ==> starting to acquire async jobs due
[INFO ] [2023-05-16 13:53:37] T:[] S:[] U:[] [Thread-28] ==> starting to acquire async jobs due
[INFO ] [2023-05-16 13:53:37] T:[] S:[] U:[] [Thread-29] ==> starting to reset expired jobs for engine bpmn
[INFO ] [2023-05-16 13:53:37] T:[] S:[] U:[] [main] ==> Starting ProtocolHandler ["http-nio-18082"]
[INFO ] [2023-05-16 13:53:38] T:[] S:[] U:[] [main] ==> Tomcat started on port(s): 18082 (http) with context path ''
[INFO ] [2023-05-16 13:53:41] T:[] S:[] U:[] [main] ==> Started WebAdminApplication in 88.234 seconds (JVM running for 99.376)
[WARN ] [2023-05-16 13:54:39] T:[] S:[] U:[] [flowable-bpmn-acquire-async-jobs] ==> discard long time none received connection. , jdbcUrl : jdbc:mysql://111.173.89.247:3306/charge_system?characterEncoding=utf8&useSSL=true&serverTimezone=Asia/Shanghai, version : 1.2.5, lastPacketReceivedIdleMillis : 60575
[WARN ] [2023-05-16 14:06:44] T:[] S:[] U:[] [flowable-bpmn-acquire-timer-jobs] ==> discard long time none received connection. , jdbcUrl : jdbc:mysql://111.173.89.247:3306/charge_system?characterEncoding=utf8&useSSL=true&serverTimezone=Asia/Shanghai, version : 1.2.5, lastPacketReceivedIdleMillis : 724770
[WARN ] [2023-05-16 14:08:47] T:[] S:[] U:[] [flowable-bpmn-reset-expired-jobs] ==> discard long time none received connection. , jdbcUrl : jdbc:mysql://111.173.89.247:3306/charge_system?characterEncoding=utf8&useSSL=true&serverTimezone=Asia/Shanghai, version : 1.2.5, lastPacketReceivedIdleMillis : 122676
[INFO ] [2023-05-16 14:41:16] T:[] S:[] U:[] [background-preinit] ==> HV000001: Hibernate Validator 6.2.0.Final
[INFO ] [2023-05-16 14:41:16] T:[] S:[] U:[] [main] ==> Starting WebAdminApplication using Java 1.8.0_241 on LAPTOP-EP7QEOQR with PID 1972 (D:\work\other\chargeSystem\charge-webadmin\target\classes started by yinmf in D:\work\other\chargeSystem\charge-webadmin)
[INFO ] [2023-05-16 14:41:16] T:[] S:[] U:[] [main] ==> The following 1 profile is active: "dev"
[INFO ] [2023-05-16 14:41:24] T:[] S:[] U:[] [main] ==> Multiple Spring Data modules found, entering strict repository configuration mode!
[INFO ] [2023-05-16 14:41:24] T:[] S:[] U:[] [main] ==> Bootstrapping Spring Data Redis repositories in DEFAULT mode.
[INFO ] [2023-05-16 14:41:24] T:[] S:[] U:[] [main] ==> Finished Spring Data repository scanning in 64 ms. Found 0 Redis repository interfaces.
[INFO ] [2023-05-16 14:41:25] T:[] S:[] U:[] [main] ==> Bean 'commonWebMvcConfig' of type [com.course.app.common.core.config.CommonWebMvcConfig$$EnhancerBySpringCGLIB$$1] is not eligible for getting processed by all BeanPostProcessors (for example: not eligible for auto-proxying)
[INFO ] [2023-05-16 14:53:52] T:[] S:[] U:[] [background-preinit] ==> HV000001: Hibernate Validator 6.2.0.Final
[INFO ] [2023-05-16 14:53:52] T:[] S:[] U:[] [main] ==> Starting WebAdminApplication using Java 1.8.0_241 on LAPTOP-EP7QEOQR with PID 16592 (D:\work\other\chargeSystem\charge-webadmin\target\classes started by yinmf in D:\work\other\chargeSystem\charge-webadmin)
[INFO ] [2023-05-16 14:53:52] T:[] S:[] U:[] [main] ==> The following 1 profile is active: "dev"
[INFO ] [2023-05-16 14:54:00] T:[] S:[] U:[] [main] ==> Multiple Spring Data modules found, entering strict repository configuration mode!
[INFO ] [2023-05-16 14:54:00] T:[] S:[] U:[] [main] ==> Bootstrapping Spring Data Redis repositories in DEFAULT mode.
[INFO ] [2023-05-16 14:54:00] T:[] S:[] U:[] [main] ==> Finished Spring Data repository scanning in 81 ms. Found 0 Redis repository interfaces.
[INFO ] [2023-05-16 14:54:02] T:[] S:[] U:[] [main] ==> Bean 'commonWebMvcConfig' of type [com.course.app.common.core.config.CommonWebMvcConfig$$EnhancerBySpringCGLIB$$1] is not eligible for getting processed by all BeanPostProcessors (for example: not eligible for auto-proxying)
[INFO ] [2023-05-16 14:54:09] T:[] S:[] U:[] [main] ==> Tomcat initialized with port(s): 18082 (http)
[INFO ] [2023-05-16 14:54:09] T:[] S:[] U:[] [main] ==> Initializing ProtocolHandler ["http-nio-18082"]
[INFO ] [2023-05-16 14:54:09] T:[] S:[] U:[] [main] ==> Starting service [Tomcat]
[INFO ] [2023-05-16 14:54:09] T:[] S:[] U:[] [main] ==> Starting Servlet engine: [Apache Tomcat/9.0.60]
[INFO ] [2023-05-16 14:54:09] T:[] S:[] U:[] [main] ==> Initializing Spring embedded WebApplicationContext
[INFO ] [2023-05-16 14:54:09] T:[] S:[] U:[] [main] ==> Root WebApplicationContext: initialization completed in 17193 ms
[INFO ] [2023-05-16 14:54:10] T:[] S:[] U:[] [main] ==> Filter characterEncodingFilter was not registered (possibly already registered?)
[ERROR] [2023-05-16 14:54:11] T:[] S:[] U:[] [main] ==> For security constraints with URL pattern [/*] only the HTTP methods [TRACE HEAD DELETE SEARCH PROPFIND COPY PUT PATCH] are covered. All other methods are uncovered.
[INFO ] [2023-05-16 14:54:12] T:[] S:[] U:[] [main] ==> Redisson 3.15.4
[INFO ] [2023-05-16 14:54:20] T:[] S:[] U:[] [redisson-netty-2-8] ==> 1 connections initialized for /111.173.89.247:6379
[INFO ] [2023-05-16 14:54:20] T:[] S:[] U:[] [redisson-netty-2-13] ==> 5 connections initialized for /111.173.89.247:6379
[INFO ] [2023-05-16 14:54:24] T:[] S:[] U:[] [main] ==> {dataSource-1} inited
[INFO ] [2023-05-16 14:54:24] T:[] S:[] U:[] [main] ==> {dataSource-2} inited
[WARN ] [2023-05-16 14:54:27] T:[] S:[] U:[] [main] ==> Can not find table primary key in Class: "com.course.app.webadmin.upms.model.SysDataPermDept".
[WARN ] [2023-05-16 14:54:27] T:[] S:[] U:[] [main] ==> class com.course.app.webadmin.upms.model.SysDataPermDept ,Not found @TableId annotation, Cannot use Mybatis-Plus 'xxById' Method.
[WARN ] [2023-05-16 14:54:27] T:[] S:[] U:[] [main] ==> Can not find table primary key in Class: "com.course.app.webadmin.upms.model.SysDataPermMenu".
[WARN ] [2023-05-16 14:54:27] T:[] S:[] U:[] [main] ==> class com.course.app.webadmin.upms.model.SysDataPermMenu ,Not found @TableId annotation, Cannot use Mybatis-Plus 'xxById' Method.
[WARN ] [2023-05-16 14:54:27] T:[] S:[] U:[] [main] ==> Can not find table primary key in Class: "com.course.app.webadmin.upms.model.SysDataPermUser".
[WARN ] [2023-05-16 14:54:27] T:[] S:[] U:[] [main] ==> class com.course.app.webadmin.upms.model.SysDataPermUser ,Not found @TableId annotation, Cannot use Mybatis-Plus 'xxById' Method.
[WARN ] [2023-05-16 14:54:27] T:[] S:[] U:[] [main] ==> Can not find table primary key in Class: "com.course.app.webadmin.upms.model.SysDeptRelation".
[WARN ] [2023-05-16 14:54:27] T:[] S:[] U:[] [main] ==> class com.course.app.webadmin.upms.model.SysDeptRelation ,Not found @TableId annotation, Cannot use Mybatis-Plus 'xxById' Method.
[WARN ] [2023-05-16 14:54:27] T:[] S:[] U:[] [main] ==> Can not find table primary key in Class: "com.course.app.webadmin.upms.model.SysMenuPermCode".
[WARN ] [2023-05-16 14:54:27] T:[] S:[] U:[] [main] ==> class com.course.app.webadmin.upms.model.SysMenuPermCode ,Not found @TableId annotation, Cannot use Mybatis-Plus 'xxById' Method.
[WARN ] [2023-05-16 14:54:28] T:[] S:[] U:[] [main] ==> Can not find table primary key in Class: "com.course.app.webadmin.upms.model.SysPermCodePerm".
[WARN ] [2023-05-16 14:54:28] T:[] S:[] U:[] [main] ==> class com.course.app.webadmin.upms.model.SysPermCodePerm ,Not found @TableId annotation, Cannot use Mybatis-Plus 'xxById' Method.
[WARN ] [2023-05-16 14:54:28] T:[] S:[] U:[] [main] ==> Can not find table primary key in Class: "com.course.app.webadmin.upms.model.SysRoleMenu".
[WARN ] [2023-05-16 14:54:28] T:[] S:[] U:[] [main] ==> class com.course.app.webadmin.upms.model.SysRoleMenu ,Not found @TableId annotation, Cannot use Mybatis-Plus 'xxById' Method.
[WARN ] [2023-05-16 14:54:28] T:[] S:[] U:[] [main] ==> Can not find table primary key in Class: "com.course.app.webadmin.upms.model.SysUserRole".
[WARN ] [2023-05-16 14:54:28] T:[] S:[] U:[] [main] ==> class com.course.app.webadmin.upms.model.SysUserRole ,Not found @TableId annotation, Cannot use Mybatis-Plus 'xxById' Method.
[WARN ] [2023-05-16 14:54:29] T:[] S:[] U:[] [main] ==> Can not find table primary key in Class: "com.course.app.common.flow.model.FlowTaskExt".
[WARN ] [2023-05-16 14:54:29] T:[] S:[] U:[] [main] ==> class com.course.app.common.flow.model.FlowTaskExt ,Not found @TableId annotation, Cannot use Mybatis-Plus 'xxById' Method.
[INFO ] [2023-05-16 14:54:35] T:[] S:[] U:[] [main] ==> No deployment resources were found for autodeployment
[INFO ] [2023-05-16 14:54:36] T:[] S:[] U:[] [main] ==> No deployment resources were found for autodeployment
[INFO ] [2023-05-16 14:54:40] T:[] S:[] U:[] [main] ==> Found 2 Engine Configurators in total:
[INFO ] [2023-05-16 14:54:40] T:[] S:[] U:[] [main] ==> class org.flowable.eventregistry.spring.configurator.SpringEventRegistryConfigurator (priority:100000)
[INFO ] [2023-05-16 14:54:40] T:[] S:[] U:[] [main] ==> class org.flowable.idm.engine.configurator.IdmEngineConfigurator (priority:150000)
[INFO ] [2023-05-16 14:54:40] T:[] S:[] U:[] [main] ==> Executing beforeInit() of class org.flowable.eventregistry.spring.configurator.SpringEventRegistryConfigurator (priority:100000)
[INFO ] [2023-05-16 14:54:40] T:[] S:[] U:[] [main] ==> Executing beforeInit() of class org.flowable.idm.engine.configurator.IdmEngineConfigurator (priority:150000)
[INFO ] [2023-05-16 14:54:47] T:[] S:[] U:[] [main] ==> Executing configure() of class org.flowable.eventregistry.spring.configurator.SpringEventRegistryConfigurator (priority:100000)
[INFO ] [2023-05-16 14:54:50] T:[] S:[] U:[] [main] ==> Successfully acquired change log lock
[INFO ] [2023-05-16 14:54:53] T:[] S:[] U:[] [main] ==> Reading from charge_system.FLW_EV_DATABASECHANGELOG
[INFO ] [2023-05-16 14:54:53] T:[] S:[] U:[] [main] ==> Successfully released change log lock
[INFO ] [2023-05-16 14:54:54] T:[] S:[] U:[] [main] ==> Successfully acquired change log lock
[WARN ] [2023-05-16 14:54:54] T:[] S:[] U:[] [main] ==> Skipping auto-registration
[INFO ] [2023-05-16 14:54:54] T:[] S:[] U:[] [main] ==> Successfully released change log lock
[INFO ] [2023-05-16 14:54:54] T:[] S:[] U:[] [main] ==> EventRegistryEngine default created
[INFO ] [2023-05-16 14:54:54] T:[] S:[] U:[] [main] ==> Executing configure() of class org.flowable.idm.engine.configurator.IdmEngineConfigurator (priority:150000)
[INFO ] [2023-05-16 14:54:54] T:[] S:[] U:[] [main] ==> IdmEngine default created
[INFO ] [2023-05-16 14:54:58] T:[] S:[] U:[] [main] ==> ProcessEngine default created
[INFO ] [2023-05-16 14:54:58] T:[] S:[] U:[] [main] ==> Total of v5 deployments found: 0
[INFO ] [2023-05-16 14:55:05] T:[] S:[] U:[] [main] ==> 自定义配置项：
AjCaptchaProperties{type=DEFAULT, jigsaw='classpath:images/jigsaw', picClick='classpath:images/pic-click', waterMark='我的水印', waterFont='WenQuanZhengHei.ttf', fontType='WenQuanZhengHei.ttf', slipOffset='5', aesStatus=true, interferenceOptions='2', cacheNumber='1000', timingClear='180', cacheType=redis, reqFrequencyLimitEnable=false, reqGetLockLimit=5, reqGetLockSeconds=360, reqGetMinuteLimit=30, reqCheckMinuteLimit=30, reqVerifyMinuteLimit=60}
[INFO ] [2023-05-16 14:55:06] T:[] S:[] U:[] [main] ==> 自定义resource底图:[SLIDING_BLOCK=[Ljava.lang.String;@6148e276, ORIGINAL=[Ljava.lang.String;@5452a91d, PIC_CLICK=[Ljava.lang.String;@101b7b93]
[INFO ] [2023-05-16 14:55:06] T:[] S:[] U:[] [main] ==> supported-captchaCache-service:[redis, local]
[INFO ] [2023-05-16 14:55:06] T:[] S:[] U:[] [main] ==> supported-captchaTypes-service:[clickWord, default, blockPuzzle]
[INFO ] [2023-05-16 14:55:06] T:[] S:[] U:[] [main] ==> --->>>初始化验证码底图<<<---clickWord
[INFO ] [2023-05-16 14:55:06] T:[] S:[] U:[] [main] ==> --->>>初始化验证码底图<<<---blockPuzzle
[INFO ] [2023-05-16 14:55:10] T:[] S:[] U:[] [main] ==> Exposing 14 endpoint(s) beneath base path '/actuator'
[WARN ] [2023-05-16 14:55:15] T:[] S:[] U:[] [main] ==> Cannot find template location(s): [classpath:/template/] (please add some templates, check your FreeMarker configuration, or set spring.freemarker.checkTemplateLocation=false)
[INFO ] [2023-05-16 14:55:15] T:[] S:[] U:[] [main] ==> Starting up the async job executor [org.flowable.spring.job.service.SpringAsyncExecutor].
[INFO ] [2023-05-16 14:55:15] T:[] S:[] U:[] [Thread-27] ==> starting to acquire async jobs due
[INFO ] [2023-05-16 14:55:15] T:[] S:[] U:[] [Thread-29] ==> starting to reset expired jobs for engine bpmn
[INFO ] [2023-05-16 14:55:15] T:[] S:[] U:[] [Thread-28] ==> starting to acquire async jobs due
[INFO ] [2023-05-16 14:55:15] T:[] S:[] U:[] [main] ==> Starting ProtocolHandler ["http-nio-18082"]
[INFO ] [2023-05-16 14:55:15] T:[] S:[] U:[] [main] ==> Tomcat started on port(s): 18082 (http) with context path ''
[INFO ] [2023-05-16 14:55:18] T:[] S:[] U:[] [main] ==> Started WebAdminApplication in 89.818 seconds (JVM running for 100.632)
[WARN ] [2023-05-16 14:56:17] T:[] S:[] U:[] [flowable-bpmn-acquire-async-jobs] ==> discard long time none received connection. , jdbcUrl : jdbc:mysql://111.173.89.247:3306/charge_system?characterEncoding=utf8&useSSL=true&serverTimezone=Asia/Shanghai, version : 1.2.5, lastPacketReceivedIdleMillis : 60619
[WARN ] [2023-05-16 14:57:18] T:[] S:[] U:[] [flowable-bpmn-acquire-timer-jobs] ==> discard long time none received connection. , jdbcUrl : jdbc:mysql://111.173.89.247:3306/charge_system?characterEncoding=utf8&useSSL=true&serverTimezone=Asia/Shanghai, version : 1.2.5, lastPacketReceivedIdleMillis : 60923
