[INFO ] [2023-05-21 22:24:02] T:[] S:[] U:[] [background-preinit] ==> HV000001: Hibernate Validator 6.2.0.Final
[INFO ] [2023-05-21 22:24:03] T:[] S:[] U:[] [main] ==> Starting WebAdminApplication using Java 1.8.0_241 on LAPTOP-EP7QEOQR with PID 8672 (D:\work\other\chargeSystem\charge-webadmin\target\classes started by yinmf in D:\work\other\chargeSystem\charge-webadmin)
[INFO ] [2023-05-21 22:24:03] T:[] S:[] U:[] [main] ==> The following 1 profile is active: "dev"
[INFO ] [2023-05-21 22:24:13] T:[] S:[] U:[] [main] ==> Multiple Spring Data modules found, entering strict repository configuration mode!
[INFO ] [2023-05-21 22:24:13] T:[] S:[] U:[] [main] ==> Bootstrapping Spring Data Redis repositories in DEFAULT mode.
[INFO ] [2023-05-21 22:24:13] T:[] S:[] U:[] [main] ==> Finished Spring Data repository scanning in 78 ms. Found 0 Redis repository interfaces.
[INFO ] [2023-05-21 22:24:14] T:[] S:[] U:[] [main] ==> Bean 'commonWebMvcConfig' of type [com.course.app.common.core.config.CommonWebMvcConfig$$EnhancerBySpringCGLIB$$1] is not eligible for getting processed by all BeanPostProcessors (for example: not eligible for auto-proxying)
[INFO ] [2023-05-21 22:24:20] T:[] S:[] U:[] [main] ==> Tomcat initialized with port(s): 18082 (http)
[INFO ] [2023-05-21 22:24:20] T:[] S:[] U:[] [main] ==> Initializing ProtocolHandler ["http-nio-18082"]
[INFO ] [2023-05-21 22:24:20] T:[] S:[] U:[] [main] ==> Starting service [Tomcat]
[INFO ] [2023-05-21 22:24:20] T:[] S:[] U:[] [main] ==> Starting Servlet engine: [Apache Tomcat/9.0.60]
[INFO ] [2023-05-21 22:24:21] T:[] S:[] U:[] [main] ==> Initializing Spring embedded WebApplicationContext
[INFO ] [2023-05-21 22:24:21] T:[] S:[] U:[] [main] ==> Root WebApplicationContext: initialization completed in 17988 ms
[INFO ] [2023-05-21 22:24:22] T:[] S:[] U:[] [main] ==> Filter characterEncodingFilter was not registered (possibly already registered?)
[ERROR] [2023-05-21 22:24:22] T:[] S:[] U:[] [main] ==> For security constraints with URL pattern [/*] only the HTTP methods [TRACE HEAD DELETE SEARCH PROPFIND COPY PUT PATCH] are covered. All other methods are uncovered.
[INFO ] [2023-05-21 22:24:23] T:[] S:[] U:[] [main] ==> Redisson 3.15.4
[INFO ] [2023-05-21 22:24:30] T:[] S:[] U:[] [redisson-netty-2-10] ==> 1 connections initialized for /111.173.89.247:6379
[INFO ] [2023-05-21 22:24:30] T:[] S:[] U:[] [redisson-netty-2-13] ==> 5 connections initialized for /111.173.89.247:6379
[INFO ] [2023-05-21 22:24:33] T:[] S:[] U:[] [main] ==> {dataSource-1} inited
[INFO ] [2023-05-21 22:24:33] T:[] S:[] U:[] [main] ==> {dataSource-2} inited
[WARN ] [2023-05-21 22:24:33] T:[] S:[] U:[] [main] ==> Cannot load the 'file [D:\work\other\chargeSystem\charge-webadmin\target\classes\com\course\app\webadmin\upms\model\CollegeScore.class]'. Cause by java.lang.ExceptionInInitializerError
[WARN ] [2023-05-21 22:24:33] T:[] S:[] U:[] [main] ==> Cannot load the 'file [D:\work\other\chargeSystem\charge-webadmin\target\classes\com\course\app\webadmin\upms\model\DormFee.class]'. Cause by java.lang.ExceptionInInitializerError
[WARN ] [2023-05-21 22:24:34] T:[] S:[] U:[] [main] ==> Cannot load the 'file [D:\work\other\chargeSystem\charge-webadmin\target\classes\com\course\app\webadmin\upms\model\DormFeeFreeDetail.class]'. Cause by java.lang.ExceptionInInitializerError
[WARN ] [2023-05-21 22:24:34] T:[] S:[] U:[] [main] ==> Cannot load the 'file [D:\work\other\chargeSystem\charge-webadmin\target\classes\com\course\app\webadmin\upms\model\PayFeeDetail.class]'. Cause by java.lang.ExceptionInInitializerError
[WARN ] [2023-05-21 22:24:34] T:[] S:[] U:[] [main] ==> Cannot load the 'file [D:\work\other\chargeSystem\charge-webadmin\target\classes\com\course\app\webadmin\upms\model\PrePaymentFeeDetail.class]'. Cause by java.lang.ExceptionInInitializerError
[WARN ] [2023-05-21 22:24:34] T:[] S:[] U:[] [main] ==> Cannot load the 'file [D:\work\other\chargeSystem\charge-webadmin\target\classes\com\course\app\webadmin\upms\model\RefundFeeDetail.class]'. Cause by java.lang.ExceptionInInitializerError
[WARN ] [2023-05-21 22:24:34] T:[] S:[] U:[] [main] ==> Cannot load the 'file [D:\work\other\chargeSystem\charge-webadmin\target\classes\com\course\app\webadmin\upms\model\SchoolFee.class]'. Cause by java.lang.ExceptionInInitializerError
[WARN ] [2023-05-21 22:24:34] T:[] S:[] U:[] [main] ==> Cannot load the 'file [D:\work\other\chargeSystem\charge-webadmin\target\classes\com\course\app\webadmin\upms\model\SchoolFeeFreeDetail.class]'. Cause by java.lang.ExceptionInInitializerError
[WARN ] [2023-05-21 22:24:34] T:[] S:[] U:[] [main] ==> Cannot load the 'file [D:\work\other\chargeSystem\charge-webadmin\target\classes\com\course\app\webadmin\upms\model\SysDataPerm.class]'. Cause by java.lang.ExceptionInInitializerError
[WARN ] [2023-05-21 22:24:34] T:[] S:[] U:[] [main] ==> Cannot load the 'file [D:\work\other\chargeSystem\charge-webadmin\target\classes\com\course\app\webadmin\upms\model\SysDept.class]'. Cause by java.lang.ExceptionInInitializerError
[WARN ] [2023-05-21 22:24:34] T:[] S:[] U:[] [main] ==> Cannot load the 'file [D:\work\other\chargeSystem\charge-webadmin\target\classes\com\course\app\webadmin\upms\model\SysDorm.class]'. Cause by java.lang.ExceptionInInitializerError
[WARN ] [2023-05-21 22:24:34] T:[] S:[] U:[] [main] ==> Cannot load the 'file [D:\work\other\chargeSystem\charge-webadmin\target\classes\com\course\app\webadmin\upms\model\SysMenu.class]'. Cause by java.lang.ExceptionInInitializerError
[WARN ] [2023-05-21 22:24:34] T:[] S:[] U:[] [main] ==> Cannot load the 'file [D:\work\other\chargeSystem\charge-webadmin\target\classes\com\course\app\webadmin\upms\model\SysPermCode.class]'. Cause by java.lang.ExceptionInInitializerError
[WARN ] [2023-05-21 22:24:34] T:[] S:[] U:[] [main] ==> Cannot load the 'file [D:\work\other\chargeSystem\charge-webadmin\target\classes\com\course\app\webadmin\upms\model\SysQuest.class]'. Cause by java.lang.ExceptionInInitializerError
[WARN ] [2023-05-21 22:24:34] T:[] S:[] U:[] [main] ==> Cannot load the 'file [D:\work\other\chargeSystem\charge-webadmin\target\classes\com\course\app\webadmin\upms\model\SysRole.class]'. Cause by java.lang.ExceptionInInitializerError
[WARN ] [2023-05-21 22:24:34] T:[] S:[] U:[] [main] ==> Cannot load the 'file [D:\work\other\chargeSystem\charge-webadmin\target\classes\com\course\app\webadmin\upms\model\SysStudent.class]'. Cause by java.lang.ExceptionInInitializerError
[WARN ] [2023-05-21 22:24:34] T:[] S:[] U:[] [main] ==> Cannot load the 'file [D:\work\other\chargeSystem\charge-webadmin\target\classes\com\course\app\webadmin\upms\model\SysUser.class]'. Cause by java.lang.ExceptionInInitializerError
[WARN ] [2023-05-21 22:24:34] T:[] S:[] U:[] [main] ==> Cannot load the 'file [D:\work\other\chargeSystem\common\common-flow\target\classes\com\course\app\common\flow\model\FlowCategory.class]'. Cause by java.lang.ExceptionInInitializerError
[WARN ] [2023-05-21 22:24:34] T:[] S:[] U:[] [main] ==> Cannot load the 'file [D:\work\other\chargeSystem\common\common-flow\target\classes\com\course\app\common\flow\model\FlowEntry.class]'. Cause by java.lang.ExceptionInInitializerError
[WARN ] [2023-05-21 22:24:34] T:[] S:[] U:[] [main] ==> Cannot load the 'file [D:\work\other\chargeSystem\common\common-flow\target\classes\com\course\app\common\flow\model\FlowEntryVariable.class]'. Cause by java.lang.ExceptionInInitializerError
[WARN ] [2023-05-21 22:24:34] T:[] S:[] U:[] [main] ==> Cannot load the 'file [D:\work\other\chargeSystem\common\common-flow\target\classes\com\course\app\common\flow\model\FlowMessage.class]'. Cause by java.lang.ExceptionInInitializerError
[WARN ] [2023-05-21 22:24:34] T:[] S:[] U:[] [main] ==> Cannot load the 'file [D:\work\other\chargeSystem\common\common-flow\target\classes\com\course\app\common\flow\model\FlowTaskComment.class]'. Cause by java.lang.ExceptionInInitializerError
[WARN ] [2023-05-21 22:24:34] T:[] S:[] U:[] [main] ==> Cannot load the 'file [D:\work\other\chargeSystem\common\common-flow\target\classes\com\course\app\common\flow\model\FlowWorkOrder.class]'. Cause by java.lang.ExceptionInInitializerError
[WARN ] [2023-05-21 22:24:35] T:[] S:[] U:[] [main] ==> Exception encountered during context initialization - cancelling refresh attempt: org.springframework.beans.factory.UnsatisfiedDependencyException: Error creating bean with name 'flowCategoryController': Unsatisfied dependency expressed through field 'flowCategoryService'; nested exception is org.springframework.beans.factory.UnsatisfiedDependencyException: Error creating bean with name 'flowCategoryService': Unsatisfied dependency expressed through field 'baseMapper'; nested exception is org.springframework.beans.factory.UnsatisfiedDependencyException: Error creating bean with name 'flowCategoryMapper' defined in file [D:\work\other\chargeSystem\common\common-flow\target\classes\com\course\app\common\flow\dao\FlowCategoryMapper.class]: Unsatisfied dependency expressed through bean property 'sqlSessionFactory'; nested exception is org.springframework.beans.factory.BeanCreationException: Error creating bean with name 'sqlSessionFactory' defined in class path resource [com/baomidou/mybatisplus/autoconfigure/MybatisPlusAutoConfiguration.class]: Bean instantiation via factory method failed; nested exception is org.springframework.beans.BeanInstantiationException: Failed to instantiate [org.apache.ibatis.session.SqlSessionFactory]: Factory method 'sqlSessionFactory' threw exception; nested exception is java.lang.NoClassDefFoundError: Could not initialize class com.course.app.webadmin.upms.model.CollegeScore
[INFO ] [2023-05-21 22:24:35] T:[] S:[] U:[] [main] ==> {dataSource-2} closing ...
[INFO ] [2023-05-21 22:24:35] T:[] S:[] U:[] [main] ==> {dataSource-2} closed
[INFO ] [2023-05-21 22:24:35] T:[] S:[] U:[] [main] ==> {dataSource-1} closing ...
[INFO ] [2023-05-21 22:24:35] T:[] S:[] U:[] [main] ==> {dataSource-1} closed
[INFO ] [2023-05-21 22:24:35] T:[] S:[] U:[] [main] ==> Stopping service [Tomcat]
[INFO ] [2023-05-21 22:24:35] T:[] S:[] U:[] [main] ==> 

Error starting ApplicationContext. To display the conditions report re-run your application with 'debug' enabled.
[ERROR] [2023-05-21 22:24:35] T:[] S:[] U:[] [main] ==> Application run failed
org.springframework.beans.factory.UnsatisfiedDependencyException: Error creating bean with name 'flowCategoryController': Unsatisfied dependency expressed through field 'flowCategoryService'; nested exception is org.springframework.beans.factory.UnsatisfiedDependencyException: Error creating bean with name 'flowCategoryService': Unsatisfied dependency expressed through field 'baseMapper'; nested exception is org.springframework.beans.factory.UnsatisfiedDependencyException: Error creating bean with name 'flowCategoryMapper' defined in file [D:\work\other\chargeSystem\common\common-flow\target\classes\com\course\app\common\flow\dao\FlowCategoryMapper.class]: Unsatisfied dependency expressed through bean property 'sqlSessionFactory'; nested exception is org.springframework.beans.factory.BeanCreationException: Error creating bean with name 'sqlSessionFactory' defined in class path resource [com/baomidou/mybatisplus/autoconfigure/MybatisPlusAutoConfiguration.class]: Bean instantiation via factory method failed; nested exception is org.springframework.beans.BeanInstantiationException: Failed to instantiate [org.apache.ibatis.session.SqlSessionFactory]: Factory method 'sqlSessionFactory' threw exception; nested exception is java.lang.NoClassDefFoundError: Could not initialize class com.course.app.webadmin.upms.model.CollegeScore
	at org.springframework.beans.factory.annotation.AutowiredAnnotationBeanPostProcessor$AutowiredFieldElement.resolveFieldValue(AutowiredAnnotationBeanPostProcessor.java:659)
	at org.springframework.beans.factory.annotation.AutowiredAnnotationBeanPostProcessor$AutowiredFieldElement.inject(AutowiredAnnotationBeanPostProcessor.java:639)
	at org.springframework.beans.factory.annotation.InjectionMetadata.inject(InjectionMetadata.java:119)
	at org.springframework.beans.factory.annotation.AutowiredAnnotationBeanPostProcessor.postProcessProperties(AutowiredAnnotationBeanPostProcessor.java:399)
	at org.springframework.beans.factory.support.AbstractAutowireCapableBeanFactory.populateBean(AbstractAutowireCapableBeanFactory.java:1431)
	at org.springframework.beans.factory.support.AbstractAutowireCapableBeanFactory.doCreateBean(AbstractAutowireCapableBeanFactory.java:619)
	at org.springframework.beans.factory.support.AbstractAutowireCapableBeanFactory.createBean(AbstractAutowireCapableBeanFactory.java:542)
	at org.springframework.beans.factory.support.AbstractBeanFactory.lambda$doGetBean$0(AbstractBeanFactory.java:335)
	at org.springframework.beans.factory.support.DefaultSingletonBeanRegistry.getSingleton(DefaultSingletonBeanRegistry.java:234)
	at org.springframework.beans.factory.support.AbstractBeanFactory.doGetBean(AbstractBeanFactory.java:333)
	at org.springframework.beans.factory.support.AbstractBeanFactory.getBean(AbstractBeanFactory.java:208)
	at org.springframework.beans.factory.support.DefaultListableBeanFactory.preInstantiateSingletons(DefaultListableBeanFactory.java:953)
	at org.springframework.context.support.AbstractApplicationContext.finishBeanFactoryInitialization(AbstractApplicationContext.java:918)
	at org.springframework.context.support.AbstractApplicationContext.__refresh(AbstractApplicationContext.java:583)
	at org.springframework.context.support.AbstractApplicationContext.jrLockAndRefresh(AbstractApplicationContext.java:41002)
	at org.springframework.context.support.AbstractApplicationContext.refresh(AbstractApplicationContext.java:42008)
	at org.springframework.boot.web.servlet.context.ServletWebServerApplicationContext.refresh(ServletWebServerApplicationContext.java:145)
	at org.springframework.boot.SpringApplication.refresh(SpringApplication.java:775)
	at org.springframework.boot.SpringApplication.refreshContext(SpringApplication.java:448)
	at org.springframework.boot.SpringApplication.run(SpringApplication.java:339)
	at org.springframework.boot.SpringApplication.run(SpringApplication.java:1365)
	at org.springframework.boot.SpringApplication.run(SpringApplication.java:1354)
	at com.course.app.webadmin.WebAdminApplication.main(WebAdminApplication.java:20)
Caused by: org.springframework.beans.factory.UnsatisfiedDependencyException: Error creating bean with name 'flowCategoryService': Unsatisfied dependency expressed through field 'baseMapper'; nested exception is org.springframework.beans.factory.UnsatisfiedDependencyException: Error creating bean with name 'flowCategoryMapper' defined in file [D:\work\other\chargeSystem\common\common-flow\target\classes\com\course\app\common\flow\dao\FlowCategoryMapper.class]: Unsatisfied dependency expressed through bean property 'sqlSessionFactory'; nested exception is org.springframework.beans.factory.BeanCreationException: Error creating bean with name 'sqlSessionFactory' defined in class path resource [com/baomidou/mybatisplus/autoconfigure/MybatisPlusAutoConfiguration.class]: Bean instantiation via factory method failed; nested exception is org.springframework.beans.BeanInstantiationException: Failed to instantiate [org.apache.ibatis.session.SqlSessionFactory]: Factory method 'sqlSessionFactory' threw exception; nested exception is java.lang.NoClassDefFoundError: Could not initialize class com.course.app.webadmin.upms.model.CollegeScore
	at org.springframework.beans.factory.annotation.AutowiredAnnotationBeanPostProcessor$AutowiredFieldElement.resolveFieldValue(AutowiredAnnotationBeanPostProcessor.java:659)
	at org.springframework.beans.factory.annotation.AutowiredAnnotationBeanPostProcessor$AutowiredFieldElement.inject(AutowiredAnnotationBeanPostProcessor.java:639)
	at org.springframework.beans.factory.annotation.InjectionMetadata.inject(InjectionMetadata.java:119)
	at org.springframework.beans.factory.annotation.AutowiredAnnotationBeanPostProcessor.postProcessProperties(AutowiredAnnotationBeanPostProcessor.java:399)
	at org.springframework.beans.factory.support.AbstractAutowireCapableBeanFactory.populateBean(AbstractAutowireCapableBeanFactory.java:1431)
	at org.springframework.beans.factory.support.AbstractAutowireCapableBeanFactory.doCreateBean(AbstractAutowireCapableBeanFactory.java:619)
	at org.springframework.beans.factory.support.AbstractAutowireCapableBeanFactory.createBean(AbstractAutowireCapableBeanFactory.java:542)
	at org.springframework.beans.factory.support.AbstractBeanFactory.lambda$doGetBean$0(AbstractBeanFactory.java:335)
	at org.springframework.beans.factory.support.DefaultSingletonBeanRegistry.getSingleton(DefaultSingletonBeanRegistry.java:234)
	at org.springframework.beans.factory.support.AbstractBeanFactory.doGetBean(AbstractBeanFactory.java:333)
	at org.springframework.beans.factory.support.AbstractBeanFactory.getBean(AbstractBeanFactory.java:208)
	at org.springframework.beans.factory.config.DependencyDescriptor.resolveCandidate(DependencyDescriptor.java:276)
	at org.springframework.beans.factory.support.DefaultListableBeanFactory.doResolveDependency(DefaultListableBeanFactory.java:1389)
	at org.springframework.beans.factory.support.DefaultListableBeanFactory.resolveDependency(DefaultListableBeanFactory.java:1309)
	at org.springframework.beans.factory.annotation.AutowiredAnnotationBeanPostProcessor$AutowiredFieldElement.resolveFieldValue(AutowiredAnnotationBeanPostProcessor.java:656)
	... 22 common frames omitted
Caused by: org.springframework.beans.factory.UnsatisfiedDependencyException: Error creating bean with name 'flowCategoryMapper' defined in file [D:\work\other\chargeSystem\common\common-flow\target\classes\com\course\app\common\flow\dao\FlowCategoryMapper.class]: Unsatisfied dependency expressed through bean property 'sqlSessionFactory'; nested exception is org.springframework.beans.factory.BeanCreationException: Error creating bean with name 'sqlSessionFactory' defined in class path resource [com/baomidou/mybatisplus/autoconfigure/MybatisPlusAutoConfiguration.class]: Bean instantiation via factory method failed; nested exception is org.springframework.beans.BeanInstantiationException: Failed to instantiate [org.apache.ibatis.session.SqlSessionFactory]: Factory method 'sqlSessionFactory' threw exception; nested exception is java.lang.NoClassDefFoundError: Could not initialize class com.course.app.webadmin.upms.model.CollegeScore
	at org.springframework.beans.factory.support.AbstractAutowireCapableBeanFactory.autowireByType(AbstractAutowireCapableBeanFactory.java:1534)
	at org.springframework.beans.factory.support.AbstractAutowireCapableBeanFactory.populateBean(AbstractAutowireCapableBeanFactory.java:1417)
	at org.springframework.beans.factory.support.AbstractAutowireCapableBeanFactory.doCreateBean(AbstractAutowireCapableBeanFactory.java:619)
	at org.springframework.beans.factory.support.AbstractAutowireCapableBeanFactory.createBean(AbstractAutowireCapableBeanFactory.java:542)
	at org.springframework.beans.factory.support.AbstractBeanFactory.lambda$doGetBean$0(AbstractBeanFactory.java:335)
	at org.springframework.beans.factory.support.DefaultSingletonBeanRegistry.getSingleton(DefaultSingletonBeanRegistry.java:234)
	at org.springframework.beans.factory.support.AbstractBeanFactory.doGetBean(AbstractBeanFactory.java:333)
	at org.springframework.beans.factory.support.AbstractBeanFactory.getBean(AbstractBeanFactory.java:208)
	at org.springframework.beans.factory.config.DependencyDescriptor.resolveCandidate(DependencyDescriptor.java:276)
	at org.springframework.beans.factory.support.DefaultListableBeanFactory.doResolveDependency(DefaultListableBeanFactory.java:1389)
	at org.springframework.beans.factory.support.DefaultListableBeanFactory.resolveDependency(DefaultListableBeanFactory.java:1309)
	at org.springframework.beans.factory.annotation.AutowiredAnnotationBeanPostProcessor$AutowiredFieldElement.resolveFieldValue(AutowiredAnnotationBeanPostProcessor.java:656)
	... 36 common frames omitted
Caused by: org.springframework.beans.factory.BeanCreationException: Error creating bean with name 'sqlSessionFactory' defined in class path resource [com/baomidou/mybatisplus/autoconfigure/MybatisPlusAutoConfiguration.class]: Bean instantiation via factory method failed; nested exception is org.springframework.beans.BeanInstantiationException: Failed to instantiate [org.apache.ibatis.session.SqlSessionFactory]: Factory method 'sqlSessionFactory' threw exception; nested exception is java.lang.NoClassDefFoundError: Could not initialize class com.course.app.webadmin.upms.model.CollegeScore
	at org.springframework.beans.factory.support.ConstructorResolver.instantiate(ConstructorResolver.java:658)
	at org.springframework.beans.factory.support.ConstructorResolver.instantiateUsingFactoryMethod(ConstructorResolver.java:638)
	at org.springframework.beans.factory.support.AbstractAutowireCapableBeanFactory.instantiateUsingFactoryMethod(AbstractAutowireCapableBeanFactory.java:1352)
	at org.springframework.beans.factory.support.AbstractAutowireCapableBeanFactory.createBeanInstance(AbstractAutowireCapableBeanFactory.java:1195)
	at org.springframework.beans.factory.support.AbstractAutowireCapableBeanFactory.doCreateBean(AbstractAutowireCapableBeanFactory.java:582)
	at org.springframework.beans.factory.support.AbstractAutowireCapableBeanFactory.createBean(AbstractAutowireCapableBeanFactory.java:542)
	at org.springframework.beans.factory.support.AbstractBeanFactory.lambda$doGetBean$0(AbstractBeanFactory.java:335)
	at org.springframework.beans.factory.support.DefaultSingletonBeanRegistry.getSingleton(DefaultSingletonBeanRegistry.java:234)
	at org.springframework.beans.factory.support.AbstractBeanFactory.doGetBean(AbstractBeanFactory.java:333)
	at org.springframework.beans.factory.support.AbstractBeanFactory.getBean(AbstractBeanFactory.java:208)
	at org.springframework.beans.factory.config.DependencyDescriptor.resolveCandidate(DependencyDescriptor.java:276)
	at org.springframework.beans.factory.support.DefaultListableBeanFactory.doResolveDependency(DefaultListableBeanFactory.java:1389)
	at org.springframework.beans.factory.support.DefaultListableBeanFactory.resolveDependency(DefaultListableBeanFactory.java:1309)
	at org.springframework.beans.factory.support.AbstractAutowireCapableBeanFactory.autowireByType(AbstractAutowireCapableBeanFactory.java:1519)
	... 47 common frames omitted
Caused by: org.springframework.beans.BeanInstantiationException: Failed to instantiate [org.apache.ibatis.session.SqlSessionFactory]: Factory method 'sqlSessionFactory' threw exception; nested exception is java.lang.NoClassDefFoundError: Could not initialize class com.course.app.webadmin.upms.model.CollegeScore
	at org.springframework.beans.factory.support.SimpleInstantiationStrategy.instantiate(SimpleInstantiationStrategy.java:185)
	at org.springframework.beans.factory.support.ConstructorResolver.instantiate(ConstructorResolver.java:653)
	... 60 common frames omitted
Caused by: java.lang.NoClassDefFoundError: Could not initialize class com.course.app.webadmin.upms.model.CollegeScore
	at java.lang.Class.forName0(Native Method)
	at java.lang.Class.forName(Class.java:348)
	at org.apache.ibatis.io.ClassLoaderWrapper.classForName(ClassLoaderWrapper.java:186)
	at org.apache.ibatis.io.ClassLoaderWrapper.classForName(ClassLoaderWrapper.java:89)
	at org.apache.ibatis.io.Resources.classForName(Resources.java:261)
	at org.apache.ibatis.type.TypeAliasRegistry.resolveAlias(TypeAliasRegistry.java:116)
	at org.apache.ibatis.builder.BaseBuilder.resolveAlias(BaseBuilder.java:149)
	at org.apache.ibatis.builder.BaseBuilder.resolveClass(BaseBuilder.java:116)
	at org.apache.ibatis.builder.xml.XMLMapperBuilder.resultMapElement(XMLMapperBuilder.java:263)
	at org.apache.ibatis.builder.xml.XMLMapperBuilder.resultMapElement(XMLMapperBuilder.java:254)
	at org.apache.ibatis.builder.xml.XMLMapperBuilder.resultMapElements(XMLMapperBuilder.java:246)
	at org.apache.ibatis.builder.xml.XMLMapperBuilder.configurationElement(XMLMapperBuilder.java:119)
	at org.apache.ibatis.builder.xml.XMLMapperBuilder.parse(XMLMapperBuilder.java:95)
	at com.baomidou.mybatisplus.extension.spring.MybatisSqlSessionFactoryBean.buildSqlSessionFactory(MybatisSqlSessionFactoryBean.java:574)
	at com.baomidou.mybatisplus.extension.spring.MybatisSqlSessionFactoryBean.afterPropertiesSet(MybatisSqlSessionFactoryBean.java:445)
	at com.baomidou.mybatisplus.extension.spring.MybatisSqlSessionFactoryBean.getObject(MybatisSqlSessionFactoryBean.java:609)
	at com.baomidou.mybatisplus.autoconfigure.MybatisPlusAutoConfiguration.sqlSessionFactory(MybatisPlusAutoConfiguration.java:218)
	at sun.reflect.NativeMethodAccessorImpl.invoke0(Native Method)
	at sun.reflect.NativeMethodAccessorImpl.invoke(NativeMethodAccessorImpl.java:62)
	at sun.reflect.DelegatingMethodAccessorImpl.invoke(DelegatingMethodAccessorImpl.java:43)
	at java.lang.reflect.Method.invoke(Method.java:498)
	at org.springframework.beans.factory.support.SimpleInstantiationStrategy.instantiate(SimpleInstantiationStrategy.java:154)
	... 61 common frames omitted
[INFO ] [2023-05-21 22:27:04] T:[] S:[] U:[] [background-preinit] ==> HV000001: Hibernate Validator 6.2.0.Final
[INFO ] [2023-05-21 22:27:05] T:[] S:[] U:[] [main] ==> Starting WebAdminApplication using Java 1.8.0_241 on LAPTOP-EP7QEOQR with PID 25268 (D:\work\other\chargeSystem\charge-webadmin\target\classes started by yinmf in D:\work\other\chargeSystem\charge-webadmin)
[INFO ] [2023-05-21 22:27:05] T:[] S:[] U:[] [main] ==> The following 1 profile is active: "dev"
[INFO ] [2023-05-21 22:27:13] T:[] S:[] U:[] [main] ==> Multiple Spring Data modules found, entering strict repository configuration mode!
[INFO ] [2023-05-21 22:27:13] T:[] S:[] U:[] [main] ==> Bootstrapping Spring Data Redis repositories in DEFAULT mode.
[INFO ] [2023-05-21 22:27:13] T:[] S:[] U:[] [main] ==> Finished Spring Data repository scanning in 102 ms. Found 0 Redis repository interfaces.
[INFO ] [2023-05-21 22:27:15] T:[] S:[] U:[] [main] ==> Bean 'commonWebMvcConfig' of type [com.course.app.common.core.config.CommonWebMvcConfig$$EnhancerBySpringCGLIB$$1] is not eligible for getting processed by all BeanPostProcessors (for example: not eligible for auto-proxying)
[INFO ] [2023-05-21 22:27:21] T:[] S:[] U:[] [main] ==> Tomcat initialized with port(s): 18082 (http)
[INFO ] [2023-05-21 22:27:21] T:[] S:[] U:[] [main] ==> Initializing ProtocolHandler ["http-nio-18082"]
[INFO ] [2023-05-21 22:27:21] T:[] S:[] U:[] [main] ==> Starting service [Tomcat]
[INFO ] [2023-05-21 22:27:21] T:[] S:[] U:[] [main] ==> Starting Servlet engine: [Apache Tomcat/9.0.60]
[INFO ] [2023-05-21 22:27:21] T:[] S:[] U:[] [main] ==> Initializing Spring embedded WebApplicationContext
[INFO ] [2023-05-21 22:27:21] T:[] S:[] U:[] [main] ==> Root WebApplicationContext: initialization completed in 16293 ms
[INFO ] [2023-05-21 22:27:22] T:[] S:[] U:[] [main] ==> Filter characterEncodingFilter was not registered (possibly already registered?)
[ERROR] [2023-05-21 22:27:22] T:[] S:[] U:[] [main] ==> For security constraints with URL pattern [/*] only the HTTP methods [TRACE HEAD DELETE SEARCH PROPFIND COPY PUT PATCH] are covered. All other methods are uncovered.
[INFO ] [2023-05-21 22:27:23] T:[] S:[] U:[] [main] ==> Redisson 3.15.4
[INFO ] [2023-05-21 22:27:30] T:[] S:[] U:[] [redisson-netty-2-12] ==> 1 connections initialized for /111.173.89.247:6379
[INFO ] [2023-05-21 22:27:31] T:[] S:[] U:[] [redisson-netty-2-13] ==> 5 connections initialized for /111.173.89.247:6379
[INFO ] [2023-05-21 22:27:33] T:[] S:[] U:[] [main] ==> {dataSource-1} inited
[INFO ] [2023-05-21 22:27:33] T:[] S:[] U:[] [main] ==> {dataSource-2} inited
[WARN ] [2023-05-21 22:27:36] T:[] S:[] U:[] [main] ==> Can not find table primary key in Class: "com.course.app.webadmin.upms.model.SysDataPermDept".
[WARN ] [2023-05-21 22:27:36] T:[] S:[] U:[] [main] ==> class com.course.app.webadmin.upms.model.SysDataPermDept ,Not found @TableId annotation, Cannot use Mybatis-Plus 'xxById' Method.
[WARN ] [2023-05-21 22:27:36] T:[] S:[] U:[] [main] ==> Can not find table primary key in Class: "com.course.app.webadmin.upms.model.SysDataPermMenu".
[WARN ] [2023-05-21 22:27:36] T:[] S:[] U:[] [main] ==> class com.course.app.webadmin.upms.model.SysDataPermMenu ,Not found @TableId annotation, Cannot use Mybatis-Plus 'xxById' Method.
[WARN ] [2023-05-21 22:27:36] T:[] S:[] U:[] [main] ==> Can not find table primary key in Class: "com.course.app.webadmin.upms.model.SysDataPermUser".
[WARN ] [2023-05-21 22:27:36] T:[] S:[] U:[] [main] ==> class com.course.app.webadmin.upms.model.SysDataPermUser ,Not found @TableId annotation, Cannot use Mybatis-Plus 'xxById' Method.
[WARN ] [2023-05-21 22:27:36] T:[] S:[] U:[] [main] ==> Can not find table primary key in Class: "com.course.app.webadmin.upms.model.SysDeptRelation".
[WARN ] [2023-05-21 22:27:36] T:[] S:[] U:[] [main] ==> class com.course.app.webadmin.upms.model.SysDeptRelation ,Not found @TableId annotation, Cannot use Mybatis-Plus 'xxById' Method.
[WARN ] [2023-05-21 22:27:37] T:[] S:[] U:[] [main] ==> Can not find table primary key in Class: "com.course.app.webadmin.upms.model.SysMenuPermCode".
[WARN ] [2023-05-21 22:27:37] T:[] S:[] U:[] [main] ==> class com.course.app.webadmin.upms.model.SysMenuPermCode ,Not found @TableId annotation, Cannot use Mybatis-Plus 'xxById' Method.
[WARN ] [2023-05-21 22:27:37] T:[] S:[] U:[] [main] ==> Can not find table primary key in Class: "com.course.app.webadmin.upms.model.SysPermCodePerm".
[WARN ] [2023-05-21 22:27:37] T:[] S:[] U:[] [main] ==> class com.course.app.webadmin.upms.model.SysPermCodePerm ,Not found @TableId annotation, Cannot use Mybatis-Plus 'xxById' Method.
[WARN ] [2023-05-21 22:27:37] T:[] S:[] U:[] [main] ==> Can not find table primary key in Class: "com.course.app.webadmin.upms.model.SysRoleMenu".
[WARN ] [2023-05-21 22:27:37] T:[] S:[] U:[] [main] ==> class com.course.app.webadmin.upms.model.SysRoleMenu ,Not found @TableId annotation, Cannot use Mybatis-Plus 'xxById' Method.
[WARN ] [2023-05-21 22:27:38] T:[] S:[] U:[] [main] ==> Can not find table primary key in Class: "com.course.app.webadmin.upms.model.SysUserRole".
[WARN ] [2023-05-21 22:27:38] T:[] S:[] U:[] [main] ==> class com.course.app.webadmin.upms.model.SysUserRole ,Not found @TableId annotation, Cannot use Mybatis-Plus 'xxById' Method.
[WARN ] [2023-05-21 22:27:38] T:[] S:[] U:[] [main] ==> Can not find table primary key in Class: "com.course.app.common.flow.model.FlowTaskExt".
[WARN ] [2023-05-21 22:27:38] T:[] S:[] U:[] [main] ==> class com.course.app.common.flow.model.FlowTaskExt ,Not found @TableId annotation, Cannot use Mybatis-Plus 'xxById' Method.
[INFO ] [2023-05-21 22:27:43] T:[] S:[] U:[] [main] ==> No deployment resources were found for autodeployment
[INFO ] [2023-05-21 22:27:43] T:[] S:[] U:[] [main] ==> No deployment resources were found for autodeployment
[INFO ] [2023-05-21 22:27:46] T:[] S:[] U:[] [main] ==> Found 2 Engine Configurators in total:
[INFO ] [2023-05-21 22:27:46] T:[] S:[] U:[] [main] ==> class org.flowable.eventregistry.spring.configurator.SpringEventRegistryConfigurator (priority:100000)
[INFO ] [2023-05-21 22:27:46] T:[] S:[] U:[] [main] ==> class org.flowable.idm.engine.configurator.IdmEngineConfigurator (priority:150000)
[INFO ] [2023-05-21 22:27:46] T:[] S:[] U:[] [main] ==> Executing beforeInit() of class org.flowable.eventregistry.spring.configurator.SpringEventRegistryConfigurator (priority:100000)
[INFO ] [2023-05-21 22:27:46] T:[] S:[] U:[] [main] ==> Executing beforeInit() of class org.flowable.idm.engine.configurator.IdmEngineConfigurator (priority:150000)
[INFO ] [2023-05-21 22:27:51] T:[] S:[] U:[] [main] ==> Executing configure() of class org.flowable.eventregistry.spring.configurator.SpringEventRegistryConfigurator (priority:100000)
[INFO ] [2023-05-21 22:27:54] T:[] S:[] U:[] [main] ==> Successfully acquired change log lock
[INFO ] [2023-05-21 22:27:57] T:[] S:[] U:[] [main] ==> Reading from charge_system.FLW_EV_DATABASECHANGELOG
[INFO ] [2023-05-21 22:27:57] T:[] S:[] U:[] [main] ==> Successfully released change log lock
[INFO ] [2023-05-21 22:27:57] T:[] S:[] U:[] [main] ==> Successfully acquired change log lock
[WARN ] [2023-05-21 22:27:57] T:[] S:[] U:[] [main] ==> Skipping auto-registration
[INFO ] [2023-05-21 22:27:57] T:[] S:[] U:[] [main] ==> Successfully released change log lock
[INFO ] [2023-05-21 22:27:57] T:[] S:[] U:[] [main] ==> EventRegistryEngine default created
[INFO ] [2023-05-21 22:27:57] T:[] S:[] U:[] [main] ==> Executing configure() of class org.flowable.idm.engine.configurator.IdmEngineConfigurator (priority:150000)
[INFO ] [2023-05-21 22:27:58] T:[] S:[] U:[] [main] ==> IdmEngine default created
[INFO ] [2023-05-21 22:28:01] T:[] S:[] U:[] [main] ==> ProcessEngine default created
[INFO ] [2023-05-21 22:28:01] T:[] S:[] U:[] [main] ==> Total of v5 deployments found: 0
[INFO ] [2023-05-21 22:28:08] T:[] S:[] U:[] [main] ==> 自定义配置项：
AjCaptchaProperties{type=DEFAULT, jigsaw='classpath:images/jigsaw', picClick='classpath:images/pic-click', waterMark='我的水印', waterFont='WenQuanZhengHei.ttf', fontType='WenQuanZhengHei.ttf', slipOffset='5', aesStatus=true, interferenceOptions='2', cacheNumber='1000', timingClear='180', cacheType=redis, reqFrequencyLimitEnable=false, reqGetLockLimit=5, reqGetLockSeconds=360, reqGetMinuteLimit=30, reqCheckMinuteLimit=30, reqVerifyMinuteLimit=60}
[INFO ] [2023-05-21 22:28:08] T:[] S:[] U:[] [main] ==> 自定义resource底图:[SLIDING_BLOCK=[Ljava.lang.String;@7c76669b, ORIGINAL=[Ljava.lang.String;@5f754b9a, PIC_CLICK=[Ljava.lang.String;@79506d77]
[INFO ] [2023-05-21 22:28:08] T:[] S:[] U:[] [main] ==> supported-captchaCache-service:[redis, local]
[INFO ] [2023-05-21 22:28:08] T:[] S:[] U:[] [main] ==> supported-captchaTypes-service:[clickWord, default, blockPuzzle]
[INFO ] [2023-05-21 22:28:08] T:[] S:[] U:[] [main] ==> --->>>初始化验证码底图<<<---clickWord
[INFO ] [2023-05-21 22:28:09] T:[] S:[] U:[] [main] ==> --->>>初始化验证码底图<<<---blockPuzzle
[INFO ] [2023-05-21 22:28:13] T:[] S:[] U:[] [main] ==> Exposing 14 endpoint(s) beneath base path '/actuator'
[WARN ] [2023-05-21 22:28:17] T:[] S:[] U:[] [main] ==> Cannot find template location(s): [classpath:/template/] (please add some templates, check your FreeMarker configuration, or set spring.freemarker.checkTemplateLocation=false)
[INFO ] [2023-05-21 22:28:17] T:[] S:[] U:[] [main] ==> Starting up the async job executor [org.flowable.spring.job.service.SpringAsyncExecutor].
[INFO ] [2023-05-21 22:28:17] T:[] S:[] U:[] [Thread-27] ==> starting to acquire async jobs due
[INFO ] [2023-05-21 22:28:18] T:[] S:[] U:[] [Thread-29] ==> starting to reset expired jobs for engine bpmn
[INFO ] [2023-05-21 22:28:18] T:[] S:[] U:[] [main] ==> Starting ProtocolHandler ["http-nio-18082"]
[INFO ] [2023-05-21 22:28:18] T:[] S:[] U:[] [Thread-28] ==> starting to acquire async jobs due
[INFO ] [2023-05-21 22:28:18] T:[] S:[] U:[] [main] ==> Tomcat started on port(s): 18082 (http) with context path ''
[INFO ] [2023-05-21 22:28:21] T:[] S:[] U:[] [main] ==> Started WebAdminApplication in 79.703 seconds (JVM running for 89.854)
[ERROR] [2023-05-21 22:28:40] T:[] S:[] U:[] [redisson-netty-2-3] ==> Exception occured. Channel: [id: 0x8d0f2ee4, L:/192.168.1.6:59882 - R:/111.173.89.247:6379]
java.io.IOException: 你的主机中的软件中止了一个已建立的连接。
	at sun.nio.ch.SocketDispatcher.read0(Native Method)
	at sun.nio.ch.SocketDispatcher.read(SocketDispatcher.java:43)
	at sun.nio.ch.IOUtil.readIntoNativeBuffer(IOUtil.java:223)
	at sun.nio.ch.IOUtil.read(IOUtil.java:192)
	at sun.nio.ch.SocketChannelImpl.read(SocketChannelImpl.java:380)
	at io.netty.buffer.PooledByteBuf.setBytes(PooledByteBuf.java:258)
	at io.netty.buffer.AbstractByteBuf.writeBytes(AbstractByteBuf.java:1132)
	at io.netty.channel.socket.nio.NioSocketChannel.doReadBytes(NioSocketChannel.java:350)
	at io.netty.channel.nio.AbstractNioByteChannel$NioByteUnsafe.read(AbstractNioByteChannel.java:151)
	at io.netty.channel.nio.NioEventLoop.processSelectedKey(NioEventLoop.java:722)
	at io.netty.channel.nio.NioEventLoop.processSelectedKeysOptimized(NioEventLoop.java:658)
	at io.netty.channel.nio.NioEventLoop.processSelectedKeys(NioEventLoop.java:584)
	at io.netty.channel.nio.NioEventLoop.run(NioEventLoop.java:496)
	at io.netty.util.concurrent.SingleThreadEventExecutor$4.run(SingleThreadEventExecutor.java:986)
	at io.netty.util.internal.ThreadExecutorMap$2.run(ThreadExecutorMap.java:74)
	at io.netty.util.concurrent.FastThreadLocalRunnable.run(FastThreadLocalRunnable.java:30)
	at java.lang.Thread.run(Thread.java:748)
[WARN ] [2023-05-21 22:29:19] T:[] S:[] U:[] [flowable-bpmn-acquire-async-jobs] ==> discard long time none received connection. , jdbcUrl : jdbc:mysql://111.173.89.247:3306/charge_system?characterEncoding=utf8&useSSL=true&serverTimezone=Asia/Shanghai, version : 1.2.5, lastPacketReceivedIdleMillis : 60754
[INFO ] [2023-05-21 22:29:41] T:[] S:[] U:[] [background-preinit] ==> HV000001: Hibernate Validator 6.2.0.Final
[INFO ] [2023-05-21 22:29:41] T:[] S:[] U:[] [main] ==> Starting WebAdminApplication using Java 1.8.0_241 on LAPTOP-EP7QEOQR with PID 14808 (D:\work\other\chargeSystem\charge-webadmin\target\classes started by yinmf in D:\work\other\chargeSystem\charge-webadmin)
[INFO ] [2023-05-21 22:29:41] T:[] S:[] U:[] [main] ==> The following 1 profile is active: "dev"
[INFO ] [2023-05-21 22:29:48] T:[] S:[] U:[] [main] ==> Multiple Spring Data modules found, entering strict repository configuration mode!
[INFO ] [2023-05-21 22:29:48] T:[] S:[] U:[] [main] ==> Bootstrapping Spring Data Redis repositories in DEFAULT mode.
[INFO ] [2023-05-21 22:29:48] T:[] S:[] U:[] [main] ==> Finished Spring Data repository scanning in 192 ms. Found 0 Redis repository interfaces.
[INFO ] [2023-05-21 22:29:50] T:[] S:[] U:[] [main] ==> Bean 'commonWebMvcConfig' of type [com.course.app.common.core.config.CommonWebMvcConfig$$EnhancerBySpringCGLIB$$1] is not eligible for getting processed by all BeanPostProcessors (for example: not eligible for auto-proxying)
[INFO ] [2023-05-21 22:29:56] T:[] S:[] U:[] [main] ==> Tomcat initialized with port(s): 18082 (http)
[INFO ] [2023-05-21 22:29:56] T:[] S:[] U:[] [main] ==> Initializing ProtocolHandler ["http-nio-18082"]
[INFO ] [2023-05-21 22:29:56] T:[] S:[] U:[] [main] ==> Starting service [Tomcat]
[INFO ] [2023-05-21 22:29:56] T:[] S:[] U:[] [main] ==> Starting Servlet engine: [Apache Tomcat/9.0.60]
[INFO ] [2023-05-21 22:29:56] T:[] S:[] U:[] [main] ==> Initializing Spring embedded WebApplicationContext
[INFO ] [2023-05-21 22:29:56] T:[] S:[] U:[] [main] ==> Root WebApplicationContext: initialization completed in 15280 ms
[INFO ] [2023-05-21 22:29:58] T:[] S:[] U:[] [main] ==> Filter characterEncodingFilter was not registered (possibly already registered?)
[ERROR] [2023-05-21 22:29:58] T:[] S:[] U:[] [main] ==> For security constraints with URL pattern [/*] only the HTTP methods [TRACE HEAD DELETE SEARCH PROPFIND COPY PUT PATCH] are covered. All other methods are uncovered.
[INFO ] [2023-05-21 22:29:59] T:[] S:[] U:[] [main] ==> Redisson 3.15.4
[INFO ] [2023-05-21 22:30:07] T:[] S:[] U:[] [redisson-netty-2-12] ==> 5 connections initialized for /111.173.89.247:6379
[INFO ] [2023-05-21 22:30:07] T:[] S:[] U:[] [redisson-netty-2-13] ==> 1 connections initialized for /111.173.89.247:6379
[INFO ] [2023-05-21 22:30:10] T:[] S:[] U:[] [main] ==> {dataSource-1} inited
[INFO ] [2023-05-21 22:30:10] T:[] S:[] U:[] [main] ==> {dataSource-2} inited
[WARN ] [2023-05-21 22:30:13] T:[] S:[] U:[] [main] ==> Can not find table primary key in Class: "com.course.app.webadmin.upms.model.SysDataPermDept".
[WARN ] [2023-05-21 22:30:13] T:[] S:[] U:[] [main] ==> class com.course.app.webadmin.upms.model.SysDataPermDept ,Not found @TableId annotation, Cannot use Mybatis-Plus 'xxById' Method.
[WARN ] [2023-05-21 22:30:13] T:[] S:[] U:[] [main] ==> Can not find table primary key in Class: "com.course.app.webadmin.upms.model.SysDataPermMenu".
[WARN ] [2023-05-21 22:30:13] T:[] S:[] U:[] [main] ==> class com.course.app.webadmin.upms.model.SysDataPermMenu ,Not found @TableId annotation, Cannot use Mybatis-Plus 'xxById' Method.
[WARN ] [2023-05-21 22:30:13] T:[] S:[] U:[] [main] ==> Can not find table primary key in Class: "com.course.app.webadmin.upms.model.SysDataPermUser".
[WARN ] [2023-05-21 22:30:13] T:[] S:[] U:[] [main] ==> class com.course.app.webadmin.upms.model.SysDataPermUser ,Not found @TableId annotation, Cannot use Mybatis-Plus 'xxById' Method.
[WARN ] [2023-05-21 22:30:13] T:[] S:[] U:[] [main] ==> Can not find table primary key in Class: "com.course.app.webadmin.upms.model.SysDeptRelation".
[WARN ] [2023-05-21 22:30:13] T:[] S:[] U:[] [main] ==> class com.course.app.webadmin.upms.model.SysDeptRelation ,Not found @TableId annotation, Cannot use Mybatis-Plus 'xxById' Method.
[WARN ] [2023-05-21 22:30:14] T:[] S:[] U:[] [main] ==> Can not find table primary key in Class: "com.course.app.webadmin.upms.model.SysMenuPermCode".
[WARN ] [2023-05-21 22:30:14] T:[] S:[] U:[] [main] ==> class com.course.app.webadmin.upms.model.SysMenuPermCode ,Not found @TableId annotation, Cannot use Mybatis-Plus 'xxById' Method.
[WARN ] [2023-05-21 22:30:14] T:[] S:[] U:[] [main] ==> Can not find table primary key in Class: "com.course.app.webadmin.upms.model.SysPermCodePerm".
[WARN ] [2023-05-21 22:30:14] T:[] S:[] U:[] [main] ==> class com.course.app.webadmin.upms.model.SysPermCodePerm ,Not found @TableId annotation, Cannot use Mybatis-Plus 'xxById' Method.
[WARN ] [2023-05-21 22:30:14] T:[] S:[] U:[] [main] ==> Can not find table primary key in Class: "com.course.app.webadmin.upms.model.SysRoleMenu".
[WARN ] [2023-05-21 22:30:14] T:[] S:[] U:[] [main] ==> class com.course.app.webadmin.upms.model.SysRoleMenu ,Not found @TableId annotation, Cannot use Mybatis-Plus 'xxById' Method.
[WARN ] [2023-05-21 22:30:14] T:[] S:[] U:[] [main] ==> Can not find table primary key in Class: "com.course.app.webadmin.upms.model.SysUserRole".
[WARN ] [2023-05-21 22:30:14] T:[] S:[] U:[] [main] ==> class com.course.app.webadmin.upms.model.SysUserRole ,Not found @TableId annotation, Cannot use Mybatis-Plus 'xxById' Method.
[WARN ] [2023-05-21 22:30:15] T:[] S:[] U:[] [main] ==> Can not find table primary key in Class: "com.course.app.common.flow.model.FlowTaskExt".
[WARN ] [2023-05-21 22:30:15] T:[] S:[] U:[] [main] ==> class com.course.app.common.flow.model.FlowTaskExt ,Not found @TableId annotation, Cannot use Mybatis-Plus 'xxById' Method.
[INFO ] [2023-05-21 22:30:20] T:[] S:[] U:[] [main] ==> No deployment resources were found for autodeployment
[INFO ] [2023-05-21 22:30:20] T:[] S:[] U:[] [main] ==> No deployment resources were found for autodeployment
[INFO ] [2023-05-21 22:30:23] T:[] S:[] U:[] [main] ==> Found 2 Engine Configurators in total:
[INFO ] [2023-05-21 22:30:23] T:[] S:[] U:[] [main] ==> class org.flowable.eventregistry.spring.configurator.SpringEventRegistryConfigurator (priority:100000)
[INFO ] [2023-05-21 22:30:23] T:[] S:[] U:[] [main] ==> class org.flowable.idm.engine.configurator.IdmEngineConfigurator (priority:150000)
[INFO ] [2023-05-21 22:30:23] T:[] S:[] U:[] [main] ==> Executing beforeInit() of class org.flowable.eventregistry.spring.configurator.SpringEventRegistryConfigurator (priority:100000)
[INFO ] [2023-05-21 22:30:23] T:[] S:[] U:[] [main] ==> Executing beforeInit() of class org.flowable.idm.engine.configurator.IdmEngineConfigurator (priority:150000)
[INFO ] [2023-05-21 22:30:29] T:[] S:[] U:[] [main] ==> Executing configure() of class org.flowable.eventregistry.spring.configurator.SpringEventRegistryConfigurator (priority:100000)
[INFO ] [2023-05-21 22:30:32] T:[] S:[] U:[] [main] ==> Successfully acquired change log lock
[INFO ] [2023-05-21 22:30:35] T:[] S:[] U:[] [main] ==> Reading from charge_system.FLW_EV_DATABASECHANGELOG
[INFO ] [2023-05-21 22:30:35] T:[] S:[] U:[] [main] ==> Successfully released change log lock
[INFO ] [2023-05-21 22:30:35] T:[] S:[] U:[] [main] ==> Successfully acquired change log lock
[WARN ] [2023-05-21 22:30:35] T:[] S:[] U:[] [main] ==> Skipping auto-registration
[INFO ] [2023-05-21 22:30:35] T:[] S:[] U:[] [main] ==> Successfully released change log lock
[INFO ] [2023-05-21 22:30:35] T:[] S:[] U:[] [main] ==> EventRegistryEngine default created
[INFO ] [2023-05-21 22:30:35] T:[] S:[] U:[] [main] ==> Executing configure() of class org.flowable.idm.engine.configurator.IdmEngineConfigurator (priority:150000)
[INFO ] [2023-05-21 22:30:36] T:[] S:[] U:[] [main] ==> IdmEngine default created
[INFO ] [2023-05-21 22:30:39] T:[] S:[] U:[] [main] ==> ProcessEngine default created
[INFO ] [2023-05-21 22:30:39] T:[] S:[] U:[] [main] ==> Total of v5 deployments found: 0
[INFO ] [2023-05-21 22:30:48] T:[] S:[] U:[] [main] ==> 自定义配置项：
AjCaptchaProperties{type=DEFAULT, jigsaw='classpath:images/jigsaw', picClick='classpath:images/pic-click', waterMark='我的水印', waterFont='WenQuanZhengHei.ttf', fontType='WenQuanZhengHei.ttf', slipOffset='5', aesStatus=true, interferenceOptions='2', cacheNumber='1000', timingClear='180', cacheType=redis, reqFrequencyLimitEnable=false, reqGetLockLimit=5, reqGetLockSeconds=360, reqGetMinuteLimit=30, reqCheckMinuteLimit=30, reqVerifyMinuteLimit=60}
[INFO ] [2023-05-21 22:30:48] T:[] S:[] U:[] [main] ==> 自定义resource底图:[SLIDING_BLOCK=[Ljava.lang.String;@49a65cac, ORIGINAL=[Ljava.lang.String;@207fc861, PIC_CLICK=[Ljava.lang.String;@2bb232c0]
[INFO ] [2023-05-21 22:30:48] T:[] S:[] U:[] [main] ==> supported-captchaCache-service:[redis, local]
[INFO ] [2023-05-21 22:30:48] T:[] S:[] U:[] [main] ==> supported-captchaTypes-service:[clickWord, default, blockPuzzle]
[INFO ] [2023-05-21 22:30:48] T:[] S:[] U:[] [main] ==> --->>>初始化验证码底图<<<---clickWord
[INFO ] [2023-05-21 22:30:48] T:[] S:[] U:[] [main] ==> --->>>初始化验证码底图<<<---blockPuzzle
[INFO ] [2023-05-21 22:30:52] T:[] S:[] U:[] [main] ==> Exposing 14 endpoint(s) beneath base path '/actuator'
[WARN ] [2023-05-21 22:30:57] T:[] S:[] U:[] [main] ==> Cannot find template location(s): [classpath:/template/] (please add some templates, check your FreeMarker configuration, or set spring.freemarker.checkTemplateLocation=false)
[INFO ] [2023-05-21 22:30:57] T:[] S:[] U:[] [main] ==> Starting up the async job executor [org.flowable.spring.job.service.SpringAsyncExecutor].
[INFO ] [2023-05-21 22:30:57] T:[] S:[] U:[] [Thread-27] ==> starting to acquire async jobs due
[INFO ] [2023-05-21 22:30:58] T:[] S:[] U:[] [Thread-29] ==> starting to reset expired jobs for engine bpmn
[INFO ] [2023-05-21 22:30:58] T:[] S:[] U:[] [Thread-28] ==> starting to acquire async jobs due
[INFO ] [2023-05-21 22:30:58] T:[] S:[] U:[] [main] ==> Starting ProtocolHandler ["http-nio-18082"]
[INFO ] [2023-05-21 22:30:58] T:[] S:[] U:[] [main] ==> Tomcat started on port(s): 18082 (http) with context path ''
[INFO ] [2023-05-21 22:31:02] T:[] S:[] U:[] [main] ==> Started WebAdminApplication in 83.411 seconds (JVM running for 91.885)
[INFO ] [2023-05-21 22:31:14] T:[] S:[] U:[] [http-nio-18082-exec-2] ==> Initializing Spring DispatcherServlet 'dispatcherServlet'
[INFO ] [2023-05-21 22:31:14] T:[] S:[] U:[] [http-nio-18082-exec-2] ==> Initializing Servlet 'dispatcherServlet'
[INFO ] [2023-05-21 22:31:14] T:[] S:[] U:[] [http-nio-18082-exec-2] ==> Completed initialization in 4 ms
[INFO ] [2023-05-21 22:31:15] T:[cb024e45e6c2486180cb250f2d3d34e2] S:[] U:[] [http-nio-18082-exec-2] ==> 开始请求，url=/admin/upms/h5Login/smsCodeSend, reqData={"phoneNum":"18387104246"}
[INFO ] [2023-05-21 22:31:15] T:[cb024e45e6c2486180cb250f2d3d34e2] S:[] U:[] [http-nio-18082-exec-2] ==> 短信发送成功！
[INFO ] [2023-05-21 22:31:15] T:[cb024e45e6c2486180cb250f2d3d34e2] S:[] U:[] [http-nio-18082-exec-2] ==> smsCodeSend 短信内容为：【验证码】：660794。验证码5分钟内有效，请妥善保管。【曲靖一中沾益清源学校】
[INFO ] [2023-05-21 22:31:16] T:[cb024e45e6c2486180cb250f2d3d34e2] S:[] U:[] [http-nio-18082-exec-2] ==> response =com.aliyuncs.CommonResponse@59adc8da
[INFO ] [2023-05-21 22:31:16] T:[cb024e45e6c2486180cb250f2d3d34e2] S:[] U:[] [http-nio-18082-exec-2] ==> 请求完成, url=/admin/upms/h5Login/smsCodeSend，elapse=1409ms, respData={"errorCode":"NO-ERROR","errorMessage":"NO-MESSAGE","success":true}
[INFO ] [2023-05-21 22:31:29] T:[cce26332853045518e8db720371802d7] S:[] U:[] [http-nio-18082-exec-1] ==> 开始请求，url=/admin/upms/h5Login/login, reqData={"openId":"fdfdsfds432432534","studentName":"张小晓","smsCode":"660794","phoneNum":"18387104246","identityCard":"500235201212098790"}
[INFO ] [2023-05-21 22:31:30] T:[cce26332853045518e8db720371802d7] S:[] U:[] [http-nio-18082-exec-1] ==> ====>smsCode,660794
[DEBUG] [2023-05-21 22:31:30] T:[cce26332853045518e8db720371802d7] S:[] U:[] [http-nio-18082-exec-1] ==> ==>  Preparing: SELECT student_id,student_no,student_name,sex,identity_card,home_address,domicile_address,grade_school,mse_score,student_status_dist_nm,dorm_id,class_id,poor_flag,dependant,phone_num,pay_type,deleted_flag,political_outlook,status_type,parent_notes,student_status,process_flag,enrol_time,dropout_time,ost_time,register_type,open_id,union_id,create_user_id,create_time,update_user_id,update_time FROM sys_student WHERE deleted_flag=1 AND (student_name = ? AND identity_card = ?)
[DEBUG] [2023-05-21 22:31:30] T:[cce26332853045518e8db720371802d7] S:[] U:[] [http-nio-18082-exec-1] ==> ==> Parameters: 张小晓(String), 500235201212098790(String)
[DEBUG] [2023-05-21 22:31:30] T:[cce26332853045518e8db720371802d7] S:[] U:[] [http-nio-18082-exec-1] ==> <==      Total: 1
[DEBUG] [2023-05-21 22:31:30] T:[cce26332853045518e8db720371802d7] S:[] U:[] [http-nio-18082-exec-1] ==> ==>  Preparing: SELECT class_id,class_name,class_teacher_id,class_teacher_name,create_user_id,create_time,update_user_id,update_time FROM sys_class WHERE class_id=?
[DEBUG] [2023-05-21 22:31:30] T:[cce26332853045518e8db720371802d7] S:[] U:[] [http-nio-18082-exec-1] ==> ==> Parameters: 202305192014001(Long)
[DEBUG] [2023-05-21 22:31:30] T:[cce26332853045518e8db720371802d7] S:[] U:[] [http-nio-18082-exec-1] ==> <==      Total: 1
[DEBUG] [2023-05-21 22:31:30] T:[cce26332853045518e8db720371802d7] S:[] U:[] [http-nio-18082-exec-1] ==> ==>  Preparing: SELECT dorm_id,build_num,dorm_num,dorm_type,bed_num,fee,is_full,deleted_flag,create_user_id,create_time,update_user_id,update_time FROM sys_dorm WHERE dorm_id=? AND deleted_flag=1
[DEBUG] [2023-05-21 22:31:30] T:[cce26332853045518e8db720371802d7] S:[] U:[] [http-nio-18082-exec-1] ==> ==> Parameters: 2023051312391001(Long)
[DEBUG] [2023-05-21 22:31:30] T:[cce26332853045518e8db720371802d7] S:[] U:[] [http-nio-18082-exec-1] ==> <==      Total: 1
[INFO ] [2023-05-21 22:31:31] T:[cce26332853045518e8db720371802d7] S:[] U:[] [http-nio-18082-exec-1] ==> 请求完成, url=/admin/upms/h5Login/login，elapse=1675ms, respData={"data":{"tokenData":"Bearer eyJhbGciOiJIUzUxMiJ9.eyJleHAiOjE2ODQ3NTE0OTAsInNlc3Npb25JZCI6IuW8oOWwj-aZk180Xzc0YTM3NTdmOTkzYzQwYjhiZGZmODcxOWMyM2FiNTdlIiwiQ3JlYXRlZFRpbWUiOjE2ODQ2Nzk0OTA1ODV9.I6bPXQMPM9c3wU7-k_aXparqZIG9YeKqVwvMXswiMDG8l8WYZnYAp1xmg8cafz-L5q6fyaI-9PzDnRePQ_fDgQ","studentInfo":{"studentId":1657353415975505920,"studentNo":"Y20237680","studentName":"张小晓","sex":"男","phoneNum":"18387104246","identityCard":"500235201212098790","homeAddress":"云南省昆明市五华区龙泉街道","domicileAddress":"云南曲靖","gradeSchool":"麒麟区第一中学","studentStatusDistNm":"麒麟区","className":"初一一班","classTeacherName":"管理员","buildNum":"A1","dormNum":"101","dormType":"8人间"}},"errorCode":"NO-ERROR","errorMessage":"NO-MESSAGE","success":true}
[ERROR] [2023-05-21 22:31:40] T:[] S:[] U:[] [http-nio-18082-exec-3] ==> Token Expired
io.jsonwebtoken.ExpiredJwtException: JWT expired at 2023-05-20T16:35:29Z. Current time: 2023-05-21T22:31:40Z, a difference of 107771067 milliseconds.  Allowed clock skew: 0 milliseconds.
	at io.jsonwebtoken.impl.DefaultJwtParser.parse(DefaultJwtParser.java:385)
	at io.jsonwebtoken.impl.DefaultJwtParser.parse(DefaultJwtParser.java:481)
	at io.jsonwebtoken.impl.DefaultJwtParser.parseClaimsJws(DefaultJwtParser.java:541)
	at com.course.app.common.core.util.JwtUtil.parseToken(JwtUtil.java:74)
	at com.course.app.webadmin.interceptor.AuthenticationInterceptor.preHandle(AuthenticationInterceptor.java:79)
	at org.springframework.web.servlet.HandlerExecutionChain.applyPreHandle(HandlerExecutionChain.java:148)
	at org.springframework.web.servlet.DispatcherServlet.doDispatch(DispatcherServlet.java:1062)
	at org.springframework.web.servlet.DispatcherServlet.doService(DispatcherServlet.java:963)
	at org.springframework.web.servlet.FrameworkServlet.processRequest(FrameworkServlet.java:1006)
	at org.springframework.web.servlet.FrameworkServlet.doPost(FrameworkServlet.java:909)
	at javax.servlet.http.HttpServlet.service(HttpServlet.java:681)
	at org.springframework.web.servlet.FrameworkServlet.service(FrameworkServlet.java:883)
	at javax.servlet.http.HttpServlet.service(HttpServlet.java:764)
	at org.apache.catalina.core.ApplicationFilterChain.internalDoFilter(ApplicationFilterChain.java:227)
	at org.apache.catalina.core.ApplicationFilterChain.doFilter(ApplicationFilterChain.java:162)
	at org.apache.tomcat.websocket.server.WsFilter.doFilter(WsFilter.java:53)
	at org.apache.catalina.core.ApplicationFilterChain.internalDoFilter(ApplicationFilterChain.java:189)
	at org.apache.catalina.core.ApplicationFilterChain.doFilter(ApplicationFilterChain.java:162)
	at org.springframework.web.filter.CorsFilter.doFilterInternal(CorsFilter.java:91)
	at org.springframework.web.filter.OncePerRequestFilter.doFilter(OncePerRequestFilter.java:117)
	at org.apache.catalina.core.ApplicationFilterChain.internalDoFilter(ApplicationFilterChain.java:189)
	at org.apache.catalina.core.ApplicationFilterChain.doFilter(ApplicationFilterChain.java:162)
	at com.alibaba.druid.support.http.WebStatFilter.doFilter(WebStatFilter.java:124)
	at org.apache.catalina.core.ApplicationFilterChain.internalDoFilter(ApplicationFilterChain.java:189)
	at org.apache.catalina.core.ApplicationFilterChain.doFilter(ApplicationFilterChain.java:162)
	at org.springframework.web.filter.RequestContextFilter.doFilterInternal(RequestContextFilter.java:100)
	at org.springframework.web.filter.OncePerRequestFilter.doFilter(OncePerRequestFilter.java:117)
	at org.apache.catalina.core.ApplicationFilterChain.internalDoFilter(ApplicationFilterChain.java:189)
	at org.apache.catalina.core.ApplicationFilterChain.doFilter(ApplicationFilterChain.java:162)
	at org.springframework.web.filter.FormContentFilter.doFilterInternal(FormContentFilter.java:93)
	at org.springframework.web.filter.OncePerRequestFilter.doFilter(OncePerRequestFilter.java:117)
	at org.apache.catalina.core.ApplicationFilterChain.internalDoFilter(ApplicationFilterChain.java:189)
	at org.apache.catalina.core.ApplicationFilterChain.doFilter(ApplicationFilterChain.java:162)
	at org.springframework.boot.actuate.metrics.web.servlet.WebMvcMetricsFilter.doFilterInternal(WebMvcMetricsFilter.java:96)
	at org.springframework.web.filter.OncePerRequestFilter.doFilter(OncePerRequestFilter.java:117)
	at org.apache.catalina.core.ApplicationFilterChain.internalDoFilter(ApplicationFilterChain.java:189)
	at org.apache.catalina.core.ApplicationFilterChain.doFilter(ApplicationFilterChain.java:162)
	at org.springframework.web.filter.CharacterEncodingFilter.doFilterInternal(CharacterEncodingFilter.java:201)
	at org.springframework.web.filter.OncePerRequestFilter.doFilter(OncePerRequestFilter.java:117)
	at org.apache.catalina.core.ApplicationFilterChain.internalDoFilter(ApplicationFilterChain.java:189)
	at org.apache.catalina.core.ApplicationFilterChain.doFilter(ApplicationFilterChain.java:162)
	at org.apache.catalina.core.StandardWrapperValve.invoke(StandardWrapperValve.java:197)
	at org.apache.catalina.core.StandardContextValve.__invoke(StandardContextValve.java:97)
	at org.apache.catalina.core.StandardContextValve.invoke(StandardContextValve.java:41002)
	at org.apache.catalina.authenticator.AuthenticatorBase.invoke(AuthenticatorBase.java:541)
	at org.apache.catalina.core.StandardHostValve.invoke(StandardHostValve.java:135)
	at org.apache.catalina.valves.ErrorReportValve.invoke(ErrorReportValve.java:92)
	at org.apache.catalina.core.StandardEngineValve.invoke(StandardEngineValve.java:78)
	at org.apache.catalina.connector.CoyoteAdapter.service(CoyoteAdapter.java:360)
	at org.apache.coyote.http11.Http11Processor.service(Http11Processor.java:399)
	at org.apache.coyote.AbstractProcessorLight.process(AbstractProcessorLight.java:65)
	at org.apache.coyote.AbstractProtocol$ConnectionHandler.process(AbstractProtocol.java:889)
	at org.apache.tomcat.util.net.NioEndpoint$SocketProcessor.doRun(NioEndpoint.java:1743)
	at org.apache.tomcat.util.net.SocketProcessorBase.run(SocketProcessorBase.java:49)
	at org.apache.tomcat.util.threads.ThreadPoolExecutor.runWorker(ThreadPoolExecutor.java:1191)
	at org.apache.tomcat.util.threads.ThreadPoolExecutor$Worker.run(ThreadPoolExecutor.java:659)
	at org.apache.tomcat.util.threads.TaskThread$WrappingRunnable.run(TaskThread.java:61)
	at java.lang.Thread.run(Thread.java:748)
[INFO ] [2023-05-21 22:31:55] T:[f977a4e8f0074c5f889bc29f8540c760] S:[张小晓_4_74a3757f993c40b8bdff8719c23ab57e] U:[1657353415975505920] [http-nio-18082-exec-4] ==> 开始请求，url=/admin/upms/h5Login/listActInfo, reqData={"phoneNum":"18387104246"}
[DEBUG] [2023-05-21 22:31:55] T:[f977a4e8f0074c5f889bc29f8540c760] S:[张小晓_4_74a3757f993c40b8bdff8719c23ab57e] U:[1657353415975505920] [http-nio-18082-exec-4] ==> ==>  Preparing: SELECT student_id,student_no,student_name,sex,identity_card,home_address,domicile_address,grade_school,mse_score,student_status_dist_nm,dorm_id,class_id,poor_flag,dependant,phone_num,pay_type,deleted_flag,political_outlook,status_type,parent_notes,student_status,process_flag,enrol_time,dropout_time,ost_time,register_type,open_id,union_id,create_user_id,create_time,update_user_id,update_time FROM sys_student WHERE deleted_flag=1 AND (phone_num = ? AND deleted_flag = ?)
[DEBUG] [2023-05-21 22:31:55] T:[f977a4e8f0074c5f889bc29f8540c760] S:[张小晓_4_74a3757f993c40b8bdff8719c23ab57e] U:[1657353415975505920] [http-nio-18082-exec-4] ==> ==> Parameters: 18387104246(String), 1(Integer)
[DEBUG] [2023-05-21 22:31:55] T:[f977a4e8f0074c5f889bc29f8540c760] S:[张小晓_4_74a3757f993c40b8bdff8719c23ab57e] U:[1657353415975505920] [http-nio-18082-exec-4] ==> <==      Total: 2
[INFO ] [2023-05-21 22:31:55] T:[f977a4e8f0074c5f889bc29f8540c760] S:[张小晓_4_74a3757f993c40b8bdff8719c23ab57e] U:[1657353415975505920] [http-nio-18082-exec-4] ==> 请求完成, url=/admin/upms/h5Login/listActInfo，elapse=65ms, respData={"data":[{"studentId":1657353415975505920,"studentNo":"Y20237680","studentName":"张小晓","sex":"男","phoneNum":"18387104246","identityCard":"500235201212098790"},{"studentId":1659539201588203520,"studentNo":"Y20237681","studentName":"张三","sex":"女","phoneNum":"18387104246","identityCard":"53023520121209870X"}],"errorCode":"NO-ERROR","errorMessage":"NO-MESSAGE","success":true}
[WARN ] [2023-05-21 22:31:59] T:[] S:[] U:[] [flowable-bpmn-acquire-async-jobs] ==> discard long time none received connection. , jdbcUrl : jdbc:mysql://111.173.89.247:3306/charge_system?characterEncoding=utf8&useSSL=true&serverTimezone=Asia/Shanghai, version : 1.2.5, lastPacketReceivedIdleMillis : 60642
[ERROR] [2023-05-21 22:32:21] T:[] S:[] U:[] [http-nio-18082-exec-7] ==> Token Expired
io.jsonwebtoken.ExpiredJwtException: JWT expired at 2023-05-20T16:35:29Z. Current time: 2023-05-21T22:32:21Z, a difference of 107812980 milliseconds.  Allowed clock skew: 0 milliseconds.
	at io.jsonwebtoken.impl.DefaultJwtParser.parse(DefaultJwtParser.java:385)
	at io.jsonwebtoken.impl.DefaultJwtParser.parse(DefaultJwtParser.java:481)
	at io.jsonwebtoken.impl.DefaultJwtParser.parseClaimsJws(DefaultJwtParser.java:541)
	at com.course.app.common.core.util.JwtUtil.parseToken(JwtUtil.java:74)
	at com.course.app.webadmin.interceptor.AuthenticationInterceptor.preHandle(AuthenticationInterceptor.java:79)
	at org.springframework.web.servlet.HandlerExecutionChain.applyPreHandle(HandlerExecutionChain.java:148)
	at org.springframework.web.servlet.DispatcherServlet.doDispatch(DispatcherServlet.java:1062)
	at org.springframework.web.servlet.DispatcherServlet.doService(DispatcherServlet.java:963)
	at org.springframework.web.servlet.FrameworkServlet.processRequest(FrameworkServlet.java:1006)
	at org.springframework.web.servlet.FrameworkServlet.doPost(FrameworkServlet.java:909)
	at javax.servlet.http.HttpServlet.service(HttpServlet.java:681)
	at org.springframework.web.servlet.FrameworkServlet.service(FrameworkServlet.java:883)
	at javax.servlet.http.HttpServlet.service(HttpServlet.java:764)
	at org.apache.catalina.core.ApplicationFilterChain.internalDoFilter(ApplicationFilterChain.java:227)
	at org.apache.catalina.core.ApplicationFilterChain.doFilter(ApplicationFilterChain.java:162)
	at org.apache.tomcat.websocket.server.WsFilter.doFilter(WsFilter.java:53)
	at org.apache.catalina.core.ApplicationFilterChain.internalDoFilter(ApplicationFilterChain.java:189)
	at org.apache.catalina.core.ApplicationFilterChain.doFilter(ApplicationFilterChain.java:162)
	at org.springframework.web.filter.CorsFilter.doFilterInternal(CorsFilter.java:91)
	at org.springframework.web.filter.OncePerRequestFilter.doFilter(OncePerRequestFilter.java:117)
	at org.apache.catalina.core.ApplicationFilterChain.internalDoFilter(ApplicationFilterChain.java:189)
	at org.apache.catalina.core.ApplicationFilterChain.doFilter(ApplicationFilterChain.java:162)
	at com.alibaba.druid.support.http.WebStatFilter.doFilter(WebStatFilter.java:124)
	at org.apache.catalina.core.ApplicationFilterChain.internalDoFilter(ApplicationFilterChain.java:189)
	at org.apache.catalina.core.ApplicationFilterChain.doFilter(ApplicationFilterChain.java:162)
	at org.springframework.web.filter.RequestContextFilter.doFilterInternal(RequestContextFilter.java:100)
	at org.springframework.web.filter.OncePerRequestFilter.doFilter(OncePerRequestFilter.java:117)
	at org.apache.catalina.core.ApplicationFilterChain.internalDoFilter(ApplicationFilterChain.java:189)
	at org.apache.catalina.core.ApplicationFilterChain.doFilter(ApplicationFilterChain.java:162)
	at org.springframework.web.filter.FormContentFilter.doFilterInternal(FormContentFilter.java:93)
	at org.springframework.web.filter.OncePerRequestFilter.doFilter(OncePerRequestFilter.java:117)
	at org.apache.catalina.core.ApplicationFilterChain.internalDoFilter(ApplicationFilterChain.java:189)
	at org.apache.catalina.core.ApplicationFilterChain.doFilter(ApplicationFilterChain.java:162)
	at org.springframework.boot.actuate.metrics.web.servlet.WebMvcMetricsFilter.doFilterInternal(WebMvcMetricsFilter.java:96)
	at org.springframework.web.filter.OncePerRequestFilter.doFilter(OncePerRequestFilter.java:117)
	at org.apache.catalina.core.ApplicationFilterChain.internalDoFilter(ApplicationFilterChain.java:189)
	at org.apache.catalina.core.ApplicationFilterChain.doFilter(ApplicationFilterChain.java:162)
	at org.springframework.web.filter.CharacterEncodingFilter.doFilterInternal(CharacterEncodingFilter.java:201)
	at org.springframework.web.filter.OncePerRequestFilter.doFilter(OncePerRequestFilter.java:117)
	at org.apache.catalina.core.ApplicationFilterChain.internalDoFilter(ApplicationFilterChain.java:189)
	at org.apache.catalina.core.ApplicationFilterChain.doFilter(ApplicationFilterChain.java:162)
	at org.apache.catalina.core.StandardWrapperValve.invoke(StandardWrapperValve.java:197)
	at org.apache.catalina.core.StandardContextValve.__invoke(StandardContextValve.java:97)
	at org.apache.catalina.core.StandardContextValve.invoke(StandardContextValve.java:41002)
	at org.apache.catalina.authenticator.AuthenticatorBase.invoke(AuthenticatorBase.java:541)
	at org.apache.catalina.core.StandardHostValve.invoke(StandardHostValve.java:135)
	at org.apache.catalina.valves.ErrorReportValve.invoke(ErrorReportValve.java:92)
	at org.apache.catalina.core.StandardEngineValve.invoke(StandardEngineValve.java:78)
	at org.apache.catalina.connector.CoyoteAdapter.service(CoyoteAdapter.java:360)
	at org.apache.coyote.http11.Http11Processor.service(Http11Processor.java:399)
	at org.apache.coyote.AbstractProcessorLight.process(AbstractProcessorLight.java:65)
	at org.apache.coyote.AbstractProtocol$ConnectionHandler.process(AbstractProtocol.java:889)
	at org.apache.tomcat.util.net.NioEndpoint$SocketProcessor.doRun(NioEndpoint.java:1743)
	at org.apache.tomcat.util.net.SocketProcessorBase.run(SocketProcessorBase.java:49)
	at org.apache.tomcat.util.threads.ThreadPoolExecutor.runWorker(ThreadPoolExecutor.java:1191)
	at org.apache.tomcat.util.threads.ThreadPoolExecutor$Worker.run(ThreadPoolExecutor.java:659)
	at org.apache.tomcat.util.threads.TaskThread$WrappingRunnable.run(TaskThread.java:61)
	at java.lang.Thread.run(Thread.java:748)
[INFO ] [2023-05-21 22:32:49] T:[fda07acb9b9b485bb7be345f1a90aa8b] S:[张小晓_4_74a3757f993c40b8bdff8719c23ab57e] U:[1657353415975505920] [http-nio-18082-exec-5] ==> 开始请求，url=/admin/upms/h5Login/removeBinding, reqData={"studentId":"1659539201588203520"}
[DEBUG] [2023-05-21 22:32:49] T:[fda07acb9b9b485bb7be345f1a90aa8b] S:[张小晓_4_74a3757f993c40b8bdff8719c23ab57e] U:[1657353415975505920] [http-nio-18082-exec-5] ==> ==>  Preparing: SELECT student_id,student_no,student_name,sex,identity_card,home_address,domicile_address,grade_school,mse_score,student_status_dist_nm,dorm_id,class_id,poor_flag,dependant,phone_num,pay_type,deleted_flag,political_outlook,status_type,parent_notes,student_status,process_flag,enrol_time,dropout_time,ost_time,register_type,open_id,union_id,create_user_id,create_time,update_user_id,update_time FROM sys_student WHERE student_id=? AND deleted_flag=1
[DEBUG] [2023-05-21 22:32:49] T:[fda07acb9b9b485bb7be345f1a90aa8b] S:[张小晓_4_74a3757f993c40b8bdff8719c23ab57e] U:[1657353415975505920] [http-nio-18082-exec-5] ==> ==> Parameters: 1659539201588203520(String)
[DEBUG] [2023-05-21 22:32:49] T:[fda07acb9b9b485bb7be345f1a90aa8b] S:[张小晓_4_74a3757f993c40b8bdff8719c23ab57e] U:[1657353415975505920] [http-nio-18082-exec-5] ==> <==      Total: 1
[DEBUG] [2023-05-21 22:32:49] T:[fda07acb9b9b485bb7be345f1a90aa8b] S:[张小晓_4_74a3757f993c40b8bdff8719c23ab57e] U:[1657353415975505920] [http-nio-18082-exec-5] ==> ==>  Preparing: UPDATE sys_student SET student_no=?, student_name=?, sex=?, identity_card=?, home_address=?, domicile_address=?, grade_school=?, mse_score=?, student_status_dist_nm=?, dependant=?, phone_num=?, process_flag=?, register_type=?, create_time=?, update_time=? WHERE student_id=? AND deleted_flag=1
[DEBUG] [2023-05-21 22:32:49] T:[fda07acb9b9b485bb7be345f1a90aa8b] S:[张小晓_4_74a3757f993c40b8bdff8719c23ab57e] U:[1657353415975505920] [http-nio-18082-exec-5] ==> ==> Parameters: Y20237681(String), 张三(String), 2(Integer), 53023520121209870X(String), 云南省曲靖市沥青去(String), 云南曲靖(String), 曲靖市第一中学(String), 740(Integer), 麒麟区(String), 刘王(String), (String), 0(Integer), 1(Integer), 2023-05-19 20:39:13.0(Timestamp), 2023-05-19 20:39:13.0(Timestamp), 1659539201588203520(Long)
[DEBUG] [2023-05-21 22:32:49] T:[fda07acb9b9b485bb7be345f1a90aa8b] S:[张小晓_4_74a3757f993c40b8bdff8719c23ab57e] U:[1657353415975505920] [http-nio-18082-exec-5] ==> <==    Updates: 1
[INFO ] [2023-05-21 22:32:49] T:[fda07acb9b9b485bb7be345f1a90aa8b] S:[张小晓_4_74a3757f993c40b8bdff8719c23ab57e] U:[1657353415975505920] [http-nio-18082-exec-5] ==> 请求完成, url=/admin/upms/h5Login/removeBinding，elapse=208ms, respData={"errorCode":"NO-ERROR","errorMessage":"NO-MESSAGE","success":true}
[INFO ] [2023-05-21 22:32:58] T:[fde31055dc55489db88e022ff3b75cb6] S:[张小晓_4_74a3757f993c40b8bdff8719c23ab57e] U:[1657353415975505920] [http-nio-18082-exec-6] ==> 开始请求，url=/admin/upms/h5Login/listActInfo, reqData={"phoneNum":"18387104246"}
[DEBUG] [2023-05-21 22:32:58] T:[fde31055dc55489db88e022ff3b75cb6] S:[张小晓_4_74a3757f993c40b8bdff8719c23ab57e] U:[1657353415975505920] [http-nio-18082-exec-6] ==> ==>  Preparing: SELECT student_id,student_no,student_name,sex,identity_card,home_address,domicile_address,grade_school,mse_score,student_status_dist_nm,dorm_id,class_id,poor_flag,dependant,phone_num,pay_type,deleted_flag,political_outlook,status_type,parent_notes,student_status,process_flag,enrol_time,dropout_time,ost_time,register_type,open_id,union_id,create_user_id,create_time,update_user_id,update_time FROM sys_student WHERE deleted_flag=1 AND (phone_num = ? AND deleted_flag = ?)
[DEBUG] [2023-05-21 22:32:58] T:[fde31055dc55489db88e022ff3b75cb6] S:[张小晓_4_74a3757f993c40b8bdff8719c23ab57e] U:[1657353415975505920] [http-nio-18082-exec-6] ==> ==> Parameters: 18387104246(String), 1(Integer)
[DEBUG] [2023-05-21 22:32:58] T:[fde31055dc55489db88e022ff3b75cb6] S:[张小晓_4_74a3757f993c40b8bdff8719c23ab57e] U:[1657353415975505920] [http-nio-18082-exec-6] ==> <==      Total: 1
[INFO ] [2023-05-21 22:32:58] T:[fde31055dc55489db88e022ff3b75cb6] S:[张小晓_4_74a3757f993c40b8bdff8719c23ab57e] U:[1657353415975505920] [http-nio-18082-exec-6] ==> 请求完成, url=/admin/upms/h5Login/listActInfo，elapse=59ms, respData={"data":[{"studentId":1657353415975505920,"studentNo":"Y20237680","studentName":"张小晓","sex":"男","phoneNum":"18387104246","identityCard":"500235201212098790"}],"errorCode":"NO-ERROR","errorMessage":"NO-MESSAGE","success":true}
[INFO ] [2023-05-21 22:33:08] T:[545f865eceb74f11be8cbe5c71743a20] S:[张小晓_4_74a3757f993c40b8bdff8719c23ab57e] U:[1657353415975505920] [http-nio-18082-exec-8] ==> 开始请求，url=/admin/upms/h5Login/addBinding, reqData={"studentName":"张三","studentNo":"Y202376812","identityCard":"53023520121209870X"}
[DEBUG] [2023-05-21 22:33:08] T:[545f865eceb74f11be8cbe5c71743a20] S:[张小晓_4_74a3757f993c40b8bdff8719c23ab57e] U:[1657353415975505920] [http-nio-18082-exec-8] ==> ==>  Preparing: SELECT student_id,student_no,student_name,sex,identity_card,home_address,domicile_address,grade_school,mse_score,student_status_dist_nm,dorm_id,class_id,poor_flag,dependant,phone_num,pay_type,deleted_flag,political_outlook,status_type,parent_notes,student_status,process_flag,enrol_time,dropout_time,ost_time,register_type,open_id,union_id,create_user_id,create_time,update_user_id,update_time FROM sys_student WHERE deleted_flag=1 AND (student_name = ? AND identity_card = ? AND student_no = ?)
[DEBUG] [2023-05-21 22:33:08] T:[545f865eceb74f11be8cbe5c71743a20] S:[张小晓_4_74a3757f993c40b8bdff8719c23ab57e] U:[1657353415975505920] [http-nio-18082-exec-8] ==> ==> Parameters: 张三(String), 53023520121209870X(String), Y202376812(String)
[DEBUG] [2023-05-21 22:33:08] T:[545f865eceb74f11be8cbe5c71743a20] S:[张小晓_4_74a3757f993c40b8bdff8719c23ab57e] U:[1657353415975505920] [http-nio-18082-exec-8] ==> <==      Total: 0
[INFO ] [2023-05-21 22:33:08] T:[545f865eceb74f11be8cbe5c71743a20] S:[张小晓_4_74a3757f993c40b8bdff8719c23ab57e] U:[1657353415975505920] [http-nio-18082-exec-8] ==> 请求完成, url=/admin/upms/h5Login/addBinding，elapse=58ms, respData={"errorCode":"STUDENT_NOT_EXIST","errorMessage":"该学生不存在，请核对！","success":false}
[INFO ] [2023-05-21 22:33:14] T:[029a23566a214707b2370c392c11a500] S:[张小晓_4_74a3757f993c40b8bdff8719c23ab57e] U:[1657353415975505920] [http-nio-18082-exec-10] ==> 开始请求，url=/admin/upms/h5Login/addBinding, reqData={"studentName":"张三","studentNo":"Y20237681","identityCard":"53023520121209870X1"}
[DEBUG] [2023-05-21 22:33:14] T:[029a23566a214707b2370c392c11a500] S:[张小晓_4_74a3757f993c40b8bdff8719c23ab57e] U:[1657353415975505920] [http-nio-18082-exec-10] ==> ==>  Preparing: SELECT student_id,student_no,student_name,sex,identity_card,home_address,domicile_address,grade_school,mse_score,student_status_dist_nm,dorm_id,class_id,poor_flag,dependant,phone_num,pay_type,deleted_flag,political_outlook,status_type,parent_notes,student_status,process_flag,enrol_time,dropout_time,ost_time,register_type,open_id,union_id,create_user_id,create_time,update_user_id,update_time FROM sys_student WHERE deleted_flag=1 AND (student_name = ? AND identity_card = ? AND student_no = ?)
[DEBUG] [2023-05-21 22:33:14] T:[029a23566a214707b2370c392c11a500] S:[张小晓_4_74a3757f993c40b8bdff8719c23ab57e] U:[1657353415975505920] [http-nio-18082-exec-10] ==> ==> Parameters: 张三(String), 53023520121209870X1(String), Y20237681(String)
[DEBUG] [2023-05-21 22:33:14] T:[029a23566a214707b2370c392c11a500] S:[张小晓_4_74a3757f993c40b8bdff8719c23ab57e] U:[1657353415975505920] [http-nio-18082-exec-10] ==> <==      Total: 0
[INFO ] [2023-05-21 22:33:14] T:[029a23566a214707b2370c392c11a500] S:[张小晓_4_74a3757f993c40b8bdff8719c23ab57e] U:[1657353415975505920] [http-nio-18082-exec-10] ==> 请求完成, url=/admin/upms/h5Login/addBinding，elapse=55ms, respData={"errorCode":"STUDENT_NOT_EXIST","errorMessage":"该学生不存在，请核对！","success":false}
[INFO ] [2023-05-21 22:33:20] T:[f46acea0b5564d30909396e0293c7f5c] S:[张小晓_4_74a3757f993c40b8bdff8719c23ab57e] U:[1657353415975505920] [http-nio-18082-exec-9] ==> 开始请求，url=/admin/upms/h5Login/addBinding, reqData={"studentName":"张三","studentNo":"Y20237681","identityCard":"53023520121209870X"}
[DEBUG] [2023-05-21 22:33:20] T:[f46acea0b5564d30909396e0293c7f5c] S:[张小晓_4_74a3757f993c40b8bdff8719c23ab57e] U:[1657353415975505920] [http-nio-18082-exec-9] ==> ==>  Preparing: SELECT student_id,student_no,student_name,sex,identity_card,home_address,domicile_address,grade_school,mse_score,student_status_dist_nm,dorm_id,class_id,poor_flag,dependant,phone_num,pay_type,deleted_flag,political_outlook,status_type,parent_notes,student_status,process_flag,enrol_time,dropout_time,ost_time,register_type,open_id,union_id,create_user_id,create_time,update_user_id,update_time FROM sys_student WHERE deleted_flag=1 AND (student_name = ? AND identity_card = ? AND student_no = ?)
[DEBUG] [2023-05-21 22:33:20] T:[f46acea0b5564d30909396e0293c7f5c] S:[张小晓_4_74a3757f993c40b8bdff8719c23ab57e] U:[1657353415975505920] [http-nio-18082-exec-9] ==> ==> Parameters: 张三(String), 53023520121209870X(String), Y20237681(String)
[DEBUG] [2023-05-21 22:33:20] T:[f46acea0b5564d30909396e0293c7f5c] S:[张小晓_4_74a3757f993c40b8bdff8719c23ab57e] U:[1657353415975505920] [http-nio-18082-exec-9] ==> <==      Total: 1
[INFO ] [2023-05-21 22:33:20] T:[f46acea0b5564d30909396e0293c7f5c] S:[张小晓_4_74a3757f993c40b8bdff8719c23ab57e] U:[1657353415975505920] [http-nio-18082-exec-9] ==> 请求完成, url=/admin/upms/h5Login/addBinding，elapse=55ms, respData={"errorCode":"TOKEN_PHONE_NOT_EXIST","errorMessage":"会话信息号码获取异常，请请联系管理员！","success":false}
[INFO ] [2023-05-21 22:33:41] T:[4bd948944c0d4aefba743c704fd7bf83] S:[张小晓_4_74a3757f993c40b8bdff8719c23ab57e] U:[1657353415975505920] [http-nio-18082-exec-2] ==> 开始请求，url=/admin/upms/h5Login/addBinding, reqData={"studentName":"张三","studentNo":"Y20237681","identityCard":"53023520121209870X"}
[DEBUG] [2023-05-21 22:33:41] T:[4bd948944c0d4aefba743c704fd7bf83] S:[张小晓_4_74a3757f993c40b8bdff8719c23ab57e] U:[1657353415975505920] [http-nio-18082-exec-2] ==> ==>  Preparing: SELECT student_id,student_no,student_name,sex,identity_card,home_address,domicile_address,grade_school,mse_score,student_status_dist_nm,dorm_id,class_id,poor_flag,dependant,phone_num,pay_type,deleted_flag,political_outlook,status_type,parent_notes,student_status,process_flag,enrol_time,dropout_time,ost_time,register_type,open_id,union_id,create_user_id,create_time,update_user_id,update_time FROM sys_student WHERE deleted_flag=1 AND (student_name = ? AND identity_card = ? AND student_no = ?)
[DEBUG] [2023-05-21 22:33:41] T:[4bd948944c0d4aefba743c704fd7bf83] S:[张小晓_4_74a3757f993c40b8bdff8719c23ab57e] U:[1657353415975505920] [http-nio-18082-exec-2] ==> ==> Parameters: 张三(String), 53023520121209870X(String), Y20237681(String)
[DEBUG] [2023-05-21 22:33:41] T:[4bd948944c0d4aefba743c704fd7bf83] S:[张小晓_4_74a3757f993c40b8bdff8719c23ab57e] U:[1657353415975505920] [http-nio-18082-exec-2] ==> <==      Total: 1
[INFO ] [2023-05-21 22:33:41] T:[4bd948944c0d4aefba743c704fd7bf83] S:[张小晓_4_74a3757f993c40b8bdff8719c23ab57e] U:[1657353415975505920] [http-nio-18082-exec-2] ==> 请求完成, url=/admin/upms/h5Login/addBinding，elapse=54ms, respData={"errorCode":"TOKEN_PHONE_NOT_EXIST","errorMessage":"会话信息号码获取异常，请请联系管理员！","success":false}
[WARN ] [2023-05-21 22:34:05] T:[] S:[] U:[] [http-nio-18082-exec-3] ==> No MyBatis mapper was found in '[com.course.app.webadmin.*.dao, com.course.app.common.*.dao]' package. Please check your configuration.
[INFO ] [2023-05-21 22:34:05] T:[] S:[] U:[] [http-nio-18082-exec-3] ==> Bootstrapping Spring Data Redis repositories in DEFAULT mode.
[INFO ] [2023-05-21 22:34:05] T:[] S:[] U:[] [http-nio-18082-exec-3] ==> Finished Spring Data repository scanning in 49 ms. Found 0 Redis repository interfaces.
[INFO ] [2023-05-21 22:34:07] T:[0c0aae12bd8c4b87b8acfcb23fca60ff] S:[张小晓_4_74a3757f993c40b8bdff8719c23ab57e] U:[1657353415975505920] [http-nio-18082-exec-3] ==> 开始请求，url=/admin/upms/h5Login/addBinding, reqData={"studentName":"张三","studentNo":"Y20237681","identityCard":"53023520121209870X"}
[DEBUG] [2023-05-21 22:34:07] T:[0c0aae12bd8c4b87b8acfcb23fca60ff] S:[张小晓_4_74a3757f993c40b8bdff8719c23ab57e] U:[1657353415975505920] [http-nio-18082-exec-3] ==> ==>  Preparing: SELECT student_id,student_no,student_name,sex,identity_card,home_address,domicile_address,grade_school,mse_score,student_status_dist_nm,dorm_id,class_id,poor_flag,dependant,phone_num,pay_type,deleted_flag,political_outlook,status_type,parent_notes,student_status,process_flag,enrol_time,dropout_time,ost_time,register_type,open_id,union_id,create_user_id,create_time,update_user_id,update_time FROM sys_student WHERE deleted_flag=1 AND (student_name = ? AND identity_card = ? AND student_no = ?)
[DEBUG] [2023-05-21 22:34:07] T:[0c0aae12bd8c4b87b8acfcb23fca60ff] S:[张小晓_4_74a3757f993c40b8bdff8719c23ab57e] U:[1657353415975505920] [http-nio-18082-exec-3] ==> ==> Parameters: 张三(String), 53023520121209870X(String), Y20237681(String)
[DEBUG] [2023-05-21 22:34:07] T:[0c0aae12bd8c4b87b8acfcb23fca60ff] S:[张小晓_4_74a3757f993c40b8bdff8719c23ab57e] U:[1657353415975505920] [http-nio-18082-exec-3] ==> <==      Total: 1
[DEBUG] [2023-05-21 22:34:07] T:[0c0aae12bd8c4b87b8acfcb23fca60ff] S:[张小晓_4_74a3757f993c40b8bdff8719c23ab57e] U:[1657353415975505920] [http-nio-18082-exec-3] ==> ==>  Preparing: UPDATE sys_student SET student_no=?, student_name=?, sex=?, identity_card=?, home_address=?, domicile_address=?, grade_school=?, mse_score=?, student_status_dist_nm=?, dependant=?, phone_num=?, process_flag=?, register_type=?, create_time=?, update_time=? WHERE student_id=? AND deleted_flag=1
[DEBUG] [2023-05-21 22:34:07] T:[0c0aae12bd8c4b87b8acfcb23fca60ff] S:[张小晓_4_74a3757f993c40b8bdff8719c23ab57e] U:[1657353415975505920] [http-nio-18082-exec-3] ==> ==> Parameters: Y20237681(String), 张三(String), 2(Integer), 53023520121209870X(String), 云南省曲靖市沥青去(String), 云南曲靖(String), 曲靖市第一中学(String), 740(Integer), 麒麟区(String), 刘王(String), 18387104246(String), 0(Integer), 1(Integer), 2023-05-19 20:39:13.0(Timestamp), 2023-05-19 20:39:13.0(Timestamp), 1659539201588203520(Long)
[DEBUG] [2023-05-21 22:34:07] T:[0c0aae12bd8c4b87b8acfcb23fca60ff] S:[张小晓_4_74a3757f993c40b8bdff8719c23ab57e] U:[1657353415975505920] [http-nio-18082-exec-3] ==> <==    Updates: 1
[INFO ] [2023-05-21 22:34:07] T:[0c0aae12bd8c4b87b8acfcb23fca60ff] S:[张小晓_4_74a3757f993c40b8bdff8719c23ab57e] U:[1657353415975505920] [http-nio-18082-exec-3] ==> 请求完成, url=/admin/upms/h5Login/addBinding，elapse=457ms, respData={"errorCode":"NO-ERROR","errorMessage":"NO-MESSAGE","success":true}
[INFO ] [2023-05-21 22:34:14] T:[8389ce8d856a445c8c155456acc7ca56] S:[张小晓_4_74a3757f993c40b8bdff8719c23ab57e] U:[1657353415975505920] [http-nio-18082-exec-4] ==> 开始请求，url=/admin/upms/h5Login/listActInfo, reqData={"phoneNum":"18387104246"}
[DEBUG] [2023-05-21 22:34:14] T:[8389ce8d856a445c8c155456acc7ca56] S:[张小晓_4_74a3757f993c40b8bdff8719c23ab57e] U:[1657353415975505920] [http-nio-18082-exec-4] ==> ==>  Preparing: SELECT student_id,student_no,student_name,sex,identity_card,home_address,domicile_address,grade_school,mse_score,student_status_dist_nm,dorm_id,class_id,poor_flag,dependant,phone_num,pay_type,deleted_flag,political_outlook,status_type,parent_notes,student_status,process_flag,enrol_time,dropout_time,ost_time,register_type,open_id,union_id,create_user_id,create_time,update_user_id,update_time FROM sys_student WHERE deleted_flag=1 AND (phone_num = ? AND deleted_flag = ?)
[DEBUG] [2023-05-21 22:34:14] T:[8389ce8d856a445c8c155456acc7ca56] S:[张小晓_4_74a3757f993c40b8bdff8719c23ab57e] U:[1657353415975505920] [http-nio-18082-exec-4] ==> ==> Parameters: 18387104246(String), 1(Integer)
[DEBUG] [2023-05-21 22:34:14] T:[8389ce8d856a445c8c155456acc7ca56] S:[张小晓_4_74a3757f993c40b8bdff8719c23ab57e] U:[1657353415975505920] [http-nio-18082-exec-4] ==> <==      Total: 2
[INFO ] [2023-05-21 22:34:14] T:[8389ce8d856a445c8c155456acc7ca56] S:[张小晓_4_74a3757f993c40b8bdff8719c23ab57e] U:[1657353415975505920] [http-nio-18082-exec-4] ==> 请求完成, url=/admin/upms/h5Login/listActInfo，elapse=110ms, respData={"data":[{"studentId":1657353415975505920,"studentNo":"Y20237680","studentName":"张小晓","sex":"男","phoneNum":"18387104246","identityCard":"500235201212098790"},{"studentId":1659539201588203520,"studentNo":"Y20237681","studentName":"张三","sex":"女","phoneNum":"18387104246","identityCard":"53023520121209870X"}],"errorCode":"NO-ERROR","errorMessage":"NO-MESSAGE","success":true}
[INFO ] [2023-05-21 22:34:17] T:[8cb571ae406c40cdb90db559ae008363] S:[张小晓_4_74a3757f993c40b8bdff8719c23ab57e] U:[1657353415975505920] [http-nio-18082-exec-7] ==> 开始请求，url=/admin/upms/h5Login/removeBinding, reqData={"studentId":"1659539201588203520"}
[DEBUG] [2023-05-21 22:34:17] T:[8cb571ae406c40cdb90db559ae008363] S:[张小晓_4_74a3757f993c40b8bdff8719c23ab57e] U:[1657353415975505920] [http-nio-18082-exec-7] ==> ==>  Preparing: SELECT student_id,student_no,student_name,sex,identity_card,home_address,domicile_address,grade_school,mse_score,student_status_dist_nm,dorm_id,class_id,poor_flag,dependant,phone_num,pay_type,deleted_flag,political_outlook,status_type,parent_notes,student_status,process_flag,enrol_time,dropout_time,ost_time,register_type,open_id,union_id,create_user_id,create_time,update_user_id,update_time FROM sys_student WHERE student_id=? AND deleted_flag=1
[DEBUG] [2023-05-21 22:34:17] T:[8cb571ae406c40cdb90db559ae008363] S:[张小晓_4_74a3757f993c40b8bdff8719c23ab57e] U:[1657353415975505920] [http-nio-18082-exec-7] ==> ==> Parameters: 1659539201588203520(String)
[DEBUG] [2023-05-21 22:34:17] T:[8cb571ae406c40cdb90db559ae008363] S:[张小晓_4_74a3757f993c40b8bdff8719c23ab57e] U:[1657353415975505920] [http-nio-18082-exec-7] ==> <==      Total: 1
[DEBUG] [2023-05-21 22:34:17] T:[8cb571ae406c40cdb90db559ae008363] S:[张小晓_4_74a3757f993c40b8bdff8719c23ab57e] U:[1657353415975505920] [http-nio-18082-exec-7] ==> ==>  Preparing: UPDATE sys_student SET student_no=?, student_name=?, sex=?, identity_card=?, home_address=?, domicile_address=?, grade_school=?, mse_score=?, student_status_dist_nm=?, dependant=?, phone_num=?, process_flag=?, register_type=?, create_time=?, update_time=? WHERE student_id=? AND deleted_flag=1
[DEBUG] [2023-05-21 22:34:17] T:[8cb571ae406c40cdb90db559ae008363] S:[张小晓_4_74a3757f993c40b8bdff8719c23ab57e] U:[1657353415975505920] [http-nio-18082-exec-7] ==> ==> Parameters: Y20237681(String), 张三(String), 2(Integer), 53023520121209870X(String), 云南省曲靖市沥青去(String), 云南曲靖(String), 曲靖市第一中学(String), 740(Integer), 麒麟区(String), 刘王(String), (String), 0(Integer), 1(Integer), 2023-05-19 20:39:13.0(Timestamp), 2023-05-19 20:39:13.0(Timestamp), 1659539201588203520(Long)
[DEBUG] [2023-05-21 22:34:17] T:[8cb571ae406c40cdb90db559ae008363] S:[张小晓_4_74a3757f993c40b8bdff8719c23ab57e] U:[1657353415975505920] [http-nio-18082-exec-7] ==> <==    Updates: 1
[INFO ] [2023-05-21 22:34:17] T:[8cb571ae406c40cdb90db559ae008363] S:[张小晓_4_74a3757f993c40b8bdff8719c23ab57e] U:[1657353415975505920] [http-nio-18082-exec-7] ==> 请求完成, url=/admin/upms/h5Login/removeBinding，elapse=195ms, respData={"errorCode":"NO-ERROR","errorMessage":"NO-MESSAGE","success":true}
[INFO ] [2023-05-21 22:34:29] T:[eed194a7b2a543ac9c92e90d609cebd9] S:[张小晓_4_74a3757f993c40b8bdff8719c23ab57e] U:[1657353415975505920] [http-nio-18082-exec-5] ==> 开始请求，url=/admin/upms/h5Login/addBinding, reqData={"studentName":"张三","studentNo":"Y20237681","identityCard":"53023520121209870X"}
[DEBUG] [2023-05-21 22:34:29] T:[eed194a7b2a543ac9c92e90d609cebd9] S:[张小晓_4_74a3757f993c40b8bdff8719c23ab57e] U:[1657353415975505920] [http-nio-18082-exec-5] ==> ==>  Preparing: SELECT student_id,student_no,student_name,sex,identity_card,home_address,domicile_address,grade_school,mse_score,student_status_dist_nm,dorm_id,class_id,poor_flag,dependant,phone_num,pay_type,deleted_flag,political_outlook,status_type,parent_notes,student_status,process_flag,enrol_time,dropout_time,ost_time,register_type,open_id,union_id,create_user_id,create_time,update_user_id,update_time FROM sys_student WHERE deleted_flag=1 AND (student_name = ? AND identity_card = ? AND student_no = ?)
[DEBUG] [2023-05-21 22:34:29] T:[eed194a7b2a543ac9c92e90d609cebd9] S:[张小晓_4_74a3757f993c40b8bdff8719c23ab57e] U:[1657353415975505920] [http-nio-18082-exec-5] ==> ==> Parameters: 张三(String), 53023520121209870X(String), Y20237681(String)
[DEBUG] [2023-05-21 22:34:29] T:[eed194a7b2a543ac9c92e90d609cebd9] S:[张小晓_4_74a3757f993c40b8bdff8719c23ab57e] U:[1657353415975505920] [http-nio-18082-exec-5] ==> <==      Total: 1
[DEBUG] [2023-05-21 22:34:29] T:[eed194a7b2a543ac9c92e90d609cebd9] S:[张小晓_4_74a3757f993c40b8bdff8719c23ab57e] U:[1657353415975505920] [http-nio-18082-exec-5] ==> ==>  Preparing: UPDATE sys_student SET student_no=?, student_name=?, sex=?, identity_card=?, home_address=?, domicile_address=?, grade_school=?, mse_score=?, student_status_dist_nm=?, dependant=?, phone_num=?, process_flag=?, register_type=?, create_time=?, update_time=? WHERE student_id=? AND deleted_flag=1
[DEBUG] [2023-05-21 22:34:29] T:[eed194a7b2a543ac9c92e90d609cebd9] S:[张小晓_4_74a3757f993c40b8bdff8719c23ab57e] U:[1657353415975505920] [http-nio-18082-exec-5] ==> ==> Parameters: Y20237681(String), 张三(String), 2(Integer), 53023520121209870X(String), 云南省曲靖市沥青去(String), 云南曲靖(String), 曲靖市第一中学(String), 740(Integer), 麒麟区(String), 刘王(String), 18387104246(String), 0(Integer), 1(Integer), 2023-05-19 20:39:13.0(Timestamp), 2023-05-19 20:39:13.0(Timestamp), 1659539201588203520(Long)
[DEBUG] [2023-05-21 22:34:29] T:[eed194a7b2a543ac9c92e90d609cebd9] S:[张小晓_4_74a3757f993c40b8bdff8719c23ab57e] U:[1657353415975505920] [http-nio-18082-exec-5] ==> <==    Updates: 1
[INFO ] [2023-05-21 22:34:29] T:[eed194a7b2a543ac9c92e90d609cebd9] S:[张小晓_4_74a3757f993c40b8bdff8719c23ab57e] U:[1657353415975505920] [http-nio-18082-exec-5] ==> 请求完成, url=/admin/upms/h5Login/addBinding，elapse=202ms, respData={"errorCode":"NO-ERROR","errorMessage":"NO-MESSAGE","success":true}
